2019-01-29 22:16:47.548 INFO  --- [main] com.example.acm.AcmApplication Line:50  - Starting AcmApplication on DESKTOP-03CDSMO with PID 17040 (D:\ACM\acmBackT\acm\target\classes started by ggg in D:\ACM\acmBackT\acm)
2019-01-29 22:16:47.560 INFO  --- [main] com.example.acm.AcmApplication Line:659 - No active profile set, falling back to default profiles: default
2019-01-29 22:16:49.558 INFO  --- [main] org.apache.coyote.http11.Http11NioProtocol Line:180 - Initializing ProtocolHandler ["http-nio-9999"]
2019-01-29 22:16:49.566 INFO  --- [main] org.apache.catalina.core.StandardService Line:180 - Starting service [Tomcat]
2019-01-29 22:16:49.567 INFO  --- [main] org.apache.catalina.core.StandardEngine Line:180 - Starting Servlet Engine: Apache Tomcat/8.5.31
2019-01-29 22:16:49.571 INFO  --- [localhost-startStop-1] org.apache.catalina.core.AprLifecycleListener Line:180 - The APR based Apache Tomcat Native library which allows optimal performance in production environments was not found on the java.library.path: [C:\Program Files\Java\jdk1.8.0_151\bin;C:\WINDOWS\Sun\Java\bin;C:\WINDOWS\system32;C:\WINDOWS;C:\ProgramData\Oracle\Java\javapath;C:\Windows\system32;C:\Windows;C:\Windows\System32\Wbem;C:\Windows\System32\WindowsPowerShell\v1.0\;C:\Users\ggg\tomcat\apache-tomcat-7.0.82\lib;C:\Program Files\Java\jdk1.8.0_151\bin;C:\Users\ggg\apache-maven-3.5.2\bin;C:\Users\ggg\hadoop\hadoop-2.7.4\bin;C:\Users\ggg\hadoop\hadoop-2.7.4\sbin;C:\Program Files\hadoop\hadoop-2.7.4\bin;C:\Program Files\hadoop\hadoop-2.7.4\sbin;C:\Python27;C:\Program Files\PuTTY\;C:\Python27\Lib\site-packages\django\bin;C:\Python27\Scripts;C:\Program Files\MySQL\MySQL Server 5.7\bin;C:\Users\ggg\SDK\tools;C:\Users\ggg\SDK\platform-tools;D:\Git\cmd;D:\nodej\;C:\Program Files\dotnet\;C:\Program Files (x86)\NVIDIA Corporation\PhysX\Common;%SystemRoot%\system32;%SystemRoot%;%SystemRoot%\System32\Wbem;%SYSTEMROOT%\System32\WindowsPowerShell\v1.0\;%SYSTEMROOT%\System32\OpenSSH\;C:\Users\ggg\AppData\Local\Microsoft\WindowsApps;C:\Users\ggg\SSH Secure Shell;D:\GO\bin;C:\Users\ggg\AppData\Roaming\npm;D:\Microsoft VS Code\bin;;.]
2019-01-29 22:16:49.657 INFO  --- [localhost-startStop-1] org.apache.catalina.core.ContainerBase.[Tomcat].[localhost].[/] Line:180 - Initializing Spring embedded WebApplicationContext
2019-01-29 22:16:51.573 INFO  --- [main] com.mangofactory.swagger.plugin.SwaggerPluginAdapter Line:33  - Context refreshed
2019-01-29 22:16:51.574 INFO  --- [main] com.mangofactory.swagger.plugin.SwaggerPluginAdapter Line:46  - Found custom SwaggerSpringMvcPlugins
2019-01-29 22:16:51.574 INFO  --- [main] com.mangofactory.swagger.plugin.SwaggerPluginAdapter Line:50  - initializing plugin bean customImplementation
2019-01-29 22:16:51.581 INFO  --- [main] com.mangofactory.swagger.scanners.ApiListingReferenceScanner Line:55  - Scanning for api listing references
2019-01-29 22:16:51.584 INFO  --- [main] com.mangofactory.swagger.core.ClassOrApiAnnotationResourceGrouping Line:50  - Group for method addAlbum was album-controller
2019-01-29 22:16:51.585 INFO  --- [main] com.mangofactory.swagger.scanners.ApiListingReferenceScanner Line:78  - Request mapping: addAlbum belongs to groups: [[ResourceGroup{groupName='album-controller', position=0}]] 
2019-01-29 22:16:51.585 INFO  --- [main] com.mangofactory.swagger.scanners.ApiListingReferenceScanner Line:82  - Adding resource to group:ResourceGroup{groupName='album-controller', position=0} with description:Album Controller for handler method:addAlbum
2019-01-29 22:16:51.586 INFO  --- [main] com.mangofactory.swagger.core.ClassOrApiAnnotationResourceGrouping Line:50  - Group for method detail was announcement-c-ontroller
2019-01-29 22:16:51.586 INFO  --- [main] com.mangofactory.swagger.scanners.ApiListingReferenceScanner Line:78  - Request mapping: detail belongs to groups: [[ResourceGroup{groupName='announcement-c-ontroller', position=0}]] 
2019-01-29 22:16:51.586 INFO  --- [main] com.mangofactory.swagger.scanners.ApiListingReferenceScanner Line:82  - Adding resource to group:ResourceGroup{groupName='announcement-c-ontroller', position=0} with description:Announcement C Ontroller for handler method:detail
2019-01-29 22:16:51.586 INFO  --- [main] com.mangofactory.swagger.core.ClassOrApiAnnotationResourceGrouping Line:50  - Group for method selectAnnounce was announcement-c-ontroller
2019-01-29 22:16:51.587 INFO  --- [main] com.mangofactory.swagger.scanners.ApiListingReferenceScanner Line:78  - Request mapping: selectAnnounce belongs to groups: [[ResourceGroup{groupName='announcement-c-ontroller', position=0}]] 
2019-01-29 22:16:51.587 INFO  --- [main] com.mangofactory.swagger.scanners.ApiListingReferenceScanner Line:82  - Adding resource to group:ResourceGroup{groupName='announcement-c-ontroller', position=0} with description:Announcement C Ontroller for handler method:selectAnnounce
2019-01-29 22:16:51.587 INFO  --- [main] com.mangofactory.swagger.core.ClassOrApiAnnotationResourceGrouping Line:50  - Group for method addNews was announcement-c-ontroller
2019-01-29 22:16:51.587 INFO  --- [main] com.mangofactory.swagger.scanners.ApiListingReferenceScanner Line:78  - Request mapping: addNews belongs to groups: [[ResourceGroup{groupName='announcement-c-ontroller', position=0}]] 
2019-01-29 22:16:51.587 INFO  --- [main] com.mangofactory.swagger.scanners.ApiListingReferenceScanner Line:82  - Adding resource to group:ResourceGroup{groupName='announcement-c-ontroller', position=0} with description:Announcement C Ontroller for handler method:addNews
2019-01-29 22:16:51.588 INFO  --- [main] com.mangofactory.swagger.core.ClassOrApiAnnotationResourceGrouping Line:50  - Group for method updateAnnounce was announcement-c-ontroller
2019-01-29 22:16:51.588 INFO  --- [main] com.mangofactory.swagger.scanners.ApiListingReferenceScanner Line:78  - Request mapping: updateAnnounce belongs to groups: [[ResourceGroup{groupName='announcement-c-ontroller', position=0}]] 
2019-01-29 22:16:51.588 INFO  --- [main] com.mangofactory.swagger.scanners.ApiListingReferenceScanner Line:82  - Adding resource to group:ResourceGroup{groupName='announcement-c-ontroller', position=0} with description:Announcement C Ontroller for handler method:updateAnnounce
2019-01-29 22:16:51.588 INFO  --- [main] com.mangofactory.swagger.core.ClassOrApiAnnotationResourceGrouping Line:50  - Group for method updateFirst was announcement-c-ontroller
2019-01-29 22:16:51.588 INFO  --- [main] com.mangofactory.swagger.scanners.ApiListingReferenceScanner Line:78  - Request mapping: updateFirst belongs to groups: [[ResourceGroup{groupName='announcement-c-ontroller', position=0}]] 
2019-01-29 22:16:51.589 INFO  --- [main] com.mangofactory.swagger.scanners.ApiListingReferenceScanner Line:82  - Adding resource to group:ResourceGroup{groupName='announcement-c-ontroller', position=0} with description:Announcement C Ontroller for handler method:updateFirst
2019-01-29 22:16:51.589 INFO  --- [main] com.mangofactory.swagger.core.ClassOrApiAnnotationResourceGrouping Line:50  - Group for method selectClass was announcement-c-ontroller
2019-01-29 22:16:51.589 INFO  --- [main] com.mangofactory.swagger.scanners.ApiListingReferenceScanner Line:78  - Request mapping: selectClass belongs to groups: [[ResourceGroup{groupName='announcement-c-ontroller', position=0}]] 
2019-01-29 22:16:51.589 INFO  --- [main] com.mangofactory.swagger.scanners.ApiListingReferenceScanner Line:82  - Adding resource to group:ResourceGroup{groupName='announcement-c-ontroller', position=0} with description:Announcement C Ontroller for handler method:selectClass
2019-01-29 22:16:51.589 INFO  --- [main] com.mangofactory.swagger.core.ClassOrApiAnnotationResourceGrouping Line:50  - Group for method uploadImg was image-controller
2019-01-29 22:16:51.590 INFO  --- [main] com.mangofactory.swagger.scanners.ApiListingReferenceScanner Line:78  - Request mapping: uploadImg belongs to groups: [[ResourceGroup{groupName='image-controller', position=0}]] 
2019-01-29 22:16:51.590 INFO  --- [main] com.mangofactory.swagger.scanners.ApiListingReferenceScanner Line:82  - Adding resource to group:ResourceGroup{groupName='image-controller', position=0} with description:Image Controller for handler method:uploadImg
2019-01-29 22:16:51.590 INFO  --- [main] com.mangofactory.swagger.core.ClassOrApiAnnotationResourceGrouping Line:50  - Group for method uploadImg1 was image-controller
2019-01-29 22:16:51.590 INFO  --- [main] com.mangofactory.swagger.scanners.ApiListingReferenceScanner Line:78  - Request mapping: uploadImg1 belongs to groups: [[ResourceGroup{groupName='image-controller', position=0}]] 
2019-01-29 22:16:51.590 INFO  --- [main] com.mangofactory.swagger.scanners.ApiListingReferenceScanner Line:82  - Adding resource to group:ResourceGroup{groupName='image-controller', position=0} with description:Image Controller for handler method:uploadImg1
2019-01-29 22:16:51.591 INFO  --- [main] com.mangofactory.swagger.core.ClassOrApiAnnotationResourceGrouping Line:50  - Group for method showPhotos was image-controller
2019-01-29 22:16:51.591 INFO  --- [main] com.mangofactory.swagger.scanners.ApiListingReferenceScanner Line:78  - Request mapping: showPhotos belongs to groups: [[ResourceGroup{groupName='image-controller', position=0}]] 
2019-01-29 22:16:51.591 INFO  --- [main] com.mangofactory.swagger.scanners.ApiListingReferenceScanner Line:82  - Adding resource to group:ResourceGroup{groupName='image-controller', position=0} with description:Image Controller for handler method:showPhotos
2019-01-29 22:16:51.591 INFO  --- [main] com.mangofactory.swagger.core.ClassOrApiAnnotationResourceGrouping Line:50  - Group for method addNews was new-classify-controller
2019-01-29 22:16:51.591 INFO  --- [main] com.mangofactory.swagger.scanners.ApiListingReferenceScanner Line:78  - Request mapping: addNews belongs to groups: [[ResourceGroup{groupName='new-classify-controller', position=0}]] 
2019-01-29 22:16:51.591 INFO  --- [main] com.mangofactory.swagger.scanners.ApiListingReferenceScanner Line:82  - Adding resource to group:ResourceGroup{groupName='new-classify-controller', position=0} with description:New Classify Controller for handler method:addNews
2019-01-29 22:16:51.592 INFO  --- [main] com.mangofactory.swagger.core.ClassOrApiAnnotationResourceGrouping Line:50  - Group for method selectClass was new-classify-controller
2019-01-29 22:16:51.592 INFO  --- [main] com.mangofactory.swagger.scanners.ApiListingReferenceScanner Line:78  - Request mapping: selectClass belongs to groups: [[ResourceGroup{groupName='new-classify-controller', position=0}]] 
2019-01-29 22:16:51.592 INFO  --- [main] com.mangofactory.swagger.scanners.ApiListingReferenceScanner Line:82  - Adding resource to group:ResourceGroup{groupName='new-classify-controller', position=0} with description:New Classify Controller for handler method:selectClass
2019-01-29 22:16:51.592 INFO  --- [main] com.mangofactory.swagger.core.ClassOrApiAnnotationResourceGrouping Line:50  - Group for method selectClass was new-classify-controller
2019-01-29 22:16:51.592 INFO  --- [main] com.mangofactory.swagger.scanners.ApiListingReferenceScanner Line:78  - Request mapping: selectClass belongs to groups: [[ResourceGroup{groupName='new-classify-controller', position=0}]] 
2019-01-29 22:16:51.592 INFO  --- [main] com.mangofactory.swagger.scanners.ApiListingReferenceScanner Line:82  - Adding resource to group:ResourceGroup{groupName='new-classify-controller', position=0} with description:New Classify Controller for handler method:selectClass
2019-01-29 22:16:51.593 INFO  --- [main] com.mangofactory.swagger.core.ClassOrApiAnnotationResourceGrouping Line:50  - Group for method detail was news-controller
2019-01-29 22:16:51.593 INFO  --- [main] com.mangofactory.swagger.scanners.ApiListingReferenceScanner Line:78  - Request mapping: detail belongs to groups: [[ResourceGroup{groupName='news-controller', position=0}]] 
2019-01-29 22:16:51.593 INFO  --- [main] com.mangofactory.swagger.scanners.ApiListingReferenceScanner Line:82  - Adding resource to group:ResourceGroup{groupName='news-controller', position=0} with description:News Controller for handler method:detail
2019-01-29 22:16:51.593 INFO  --- [main] com.mangofactory.swagger.core.ClassOrApiAnnotationResourceGrouping Line:50  - Group for method addNews was news-controller
2019-01-29 22:16:51.593 INFO  --- [main] com.mangofactory.swagger.scanners.ApiListingReferenceScanner Line:78  - Request mapping: addNews belongs to groups: [[ResourceGroup{groupName='news-controller', position=0}]] 
2019-01-29 22:16:51.593 INFO  --- [main] com.mangofactory.swagger.scanners.ApiListingReferenceScanner Line:82  - Adding resource to group:ResourceGroup{groupName='news-controller', position=0} with description:News Controller for handler method:addNews
2019-01-29 22:16:51.594 INFO  --- [main] com.mangofactory.swagger.core.ClassOrApiAnnotationResourceGrouping Line:50  - Group for method updateNewMain was news-controller
2019-01-29 22:16:51.594 INFO  --- [main] com.mangofactory.swagger.scanners.ApiListingReferenceScanner Line:78  - Request mapping: updateNewMain belongs to groups: [[ResourceGroup{groupName='news-controller', position=0}]] 
2019-01-29 22:16:51.594 INFO  --- [main] com.mangofactory.swagger.scanners.ApiListingReferenceScanner Line:82  - Adding resource to group:ResourceGroup{groupName='news-controller', position=0} with description:News Controller for handler method:updateNewMain
2019-01-29 22:16:51.594 INFO  --- [main] com.mangofactory.swagger.core.ClassOrApiAnnotationResourceGrouping Line:50  - Group for method deleteNewMain was news-controller
2019-01-29 22:16:51.595 INFO  --- [main] com.mangofactory.swagger.scanners.ApiListingReferenceScanner Line:78  - Request mapping: deleteNewMain belongs to groups: [[ResourceGroup{groupName='news-controller', position=0}]] 
2019-01-29 22:16:51.595 INFO  --- [main] com.mangofactory.swagger.scanners.ApiListingReferenceScanner Line:82  - Adding resource to group:ResourceGroup{groupName='news-controller', position=0} with description:News Controller for handler method:deleteNewMain
2019-01-29 22:16:51.595 INFO  --- [main] com.mangofactory.swagger.core.ClassOrApiAnnotationResourceGrouping Line:50  - Group for method selectNewsMain was news-controller
2019-01-29 22:16:51.595 INFO  --- [main] com.mangofactory.swagger.scanners.ApiListingReferenceScanner Line:78  - Request mapping: selectNewsMain belongs to groups: [[ResourceGroup{groupName='news-controller', position=0}]] 
2019-01-29 22:16:51.595 INFO  --- [main] com.mangofactory.swagger.scanners.ApiListingReferenceScanner Line:82  - Adding resource to group:ResourceGroup{groupName='news-controller', position=0} with description:News Controller for handler method:selectNewsMain
2019-01-29 22:16:51.596 INFO  --- [main] com.mangofactory.swagger.core.ClassOrApiAnnotationResourceGrouping Line:50  - Group for method register was user-controller
2019-01-29 22:16:51.596 INFO  --- [main] com.mangofactory.swagger.scanners.ApiListingReferenceScanner Line:78  - Request mapping: register belongs to groups: [[ResourceGroup{groupName='user-controller', position=0}]] 
2019-01-29 22:16:51.596 INFO  --- [main] com.mangofactory.swagger.scanners.ApiListingReferenceScanner Line:82  - Adding resource to group:ResourceGroup{groupName='user-controller', position=0} with description:user Controller for handler method:register
2019-01-29 22:16:51.596 INFO  --- [main] com.mangofactory.swagger.core.ClassOrApiAnnotationResourceGrouping Line:50  - Group for method getUserInfo was user-controller
2019-01-29 22:16:51.596 INFO  --- [main] com.mangofactory.swagger.scanners.ApiListingReferenceScanner Line:78  - Request mapping: getUserInfo belongs to groups: [[ResourceGroup{groupName='user-controller', position=0}]] 
2019-01-29 22:16:51.596 INFO  --- [main] com.mangofactory.swagger.scanners.ApiListingReferenceScanner Line:82  - Adding resource to group:ResourceGroup{groupName='user-controller', position=0} with description:user Controller for handler method:getUserInfo
2019-01-29 22:16:51.596 INFO  --- [main] com.mangofactory.swagger.core.ClassOrApiAnnotationResourceGrouping Line:50  - Group for method userInfo was user-controller
2019-01-29 22:16:51.597 INFO  --- [main] com.mangofactory.swagger.scanners.ApiListingReferenceScanner Line:78  - Request mapping: userInfo belongs to groups: [[ResourceGroup{groupName='user-controller', position=0}]] 
2019-01-29 22:16:51.597 INFO  --- [main] com.mangofactory.swagger.scanners.ApiListingReferenceScanner Line:82  - Adding resource to group:ResourceGroup{groupName='user-controller', position=0} with description:user Controller for handler method:userInfo
2019-01-29 22:16:51.597 INFO  --- [main] com.mangofactory.swagger.core.ClassOrApiAnnotationResourceGrouping Line:50  - Group for method login was user-controller
2019-01-29 22:16:51.597 INFO  --- [main] com.mangofactory.swagger.scanners.ApiListingReferenceScanner Line:78  - Request mapping: login belongs to groups: [[ResourceGroup{groupName='user-controller', position=0}]] 
2019-01-29 22:16:51.597 INFO  --- [main] com.mangofactory.swagger.scanners.ApiListingReferenceScanner Line:82  - Adding resource to group:ResourceGroup{groupName='user-controller', position=0} with description:user Controller for handler method:login
2019-01-29 22:16:51.598 INFO  --- [main] com.mangofactory.swagger.core.ClassOrApiAnnotationResourceGrouping Line:50  - Group for method selectUser was user-controller
2019-01-29 22:16:51.598 INFO  --- [main] com.mangofactory.swagger.scanners.ApiListingReferenceScanner Line:78  - Request mapping: selectUser belongs to groups: [[ResourceGroup{groupName='user-controller', position=0}]] 
2019-01-29 22:16:51.598 INFO  --- [main] com.mangofactory.swagger.scanners.ApiListingReferenceScanner Line:82  - Adding resource to group:ResourceGroup{groupName='user-controller', position=0} with description:user Controller for handler method:selectUser
2019-01-29 22:16:51.598 INFO  --- [main] com.mangofactory.swagger.core.ClassOrApiAnnotationResourceGrouping Line:50  - Group for method selectUser was user-controller
2019-01-29 22:16:51.598 INFO  --- [main] com.mangofactory.swagger.scanners.ApiListingReferenceScanner Line:78  - Request mapping: selectUser belongs to groups: [[ResourceGroup{groupName='user-controller', position=0}]] 
2019-01-29 22:16:51.598 INFO  --- [main] com.mangofactory.swagger.scanners.ApiListingReferenceScanner Line:82  - Adding resource to group:ResourceGroup{groupName='user-controller', position=0} with description:user Controller for handler method:selectUser
2019-01-29 22:16:51.599 INFO  --- [main] com.mangofactory.swagger.core.ClassOrApiAnnotationResourceGrouping Line:50  - Group for method notPassUser was user-controller
2019-01-29 22:16:51.599 INFO  --- [main] com.mangofactory.swagger.scanners.ApiListingReferenceScanner Line:78  - Request mapping: notPassUser belongs to groups: [[ResourceGroup{groupName='user-controller', position=0}]] 
2019-01-29 22:16:51.599 INFO  --- [main] com.mangofactory.swagger.scanners.ApiListingReferenceScanner Line:82  - Adding resource to group:ResourceGroup{groupName='user-controller', position=0} with description:user Controller for handler method:notPassUser
2019-01-29 22:16:51.599 INFO  --- [main] com.mangofactory.swagger.core.ClassOrApiAnnotationResourceGrouping Line:50  - Group for method bePlayer was user-controller
2019-01-29 22:16:51.599 INFO  --- [main] com.mangofactory.swagger.scanners.ApiListingReferenceScanner Line:78  - Request mapping: bePlayer belongs to groups: [[ResourceGroup{groupName='user-controller', position=0}]] 
2019-01-29 22:16:51.599 INFO  --- [main] com.mangofactory.swagger.scanners.ApiListingReferenceScanner Line:82  - Adding resource to group:ResourceGroup{groupName='user-controller', position=0} with description:user Controller for handler method:bePlayer
2019-01-29 22:16:51.599 INFO  --- [main] com.mangofactory.swagger.core.ClassOrApiAnnotationResourceGrouping Line:50  - Group for method updateUserImage was user-controller
2019-01-29 22:16:51.600 INFO  --- [main] com.mangofactory.swagger.scanners.ApiListingReferenceScanner Line:78  - Request mapping: updateUserImage belongs to groups: [[ResourceGroup{groupName='user-controller', position=0}]] 
2019-01-29 22:16:51.600 INFO  --- [main] com.mangofactory.swagger.scanners.ApiListingReferenceScanner Line:82  - Adding resource to group:ResourceGroup{groupName='user-controller', position=0} with description:user Controller for handler method:updateUserImage
2019-01-29 22:16:51.600 INFO  --- [main] com.mangofactory.swagger.core.ClassOrApiAnnotationResourceGrouping Line:50  - Group for method beAdmin was user-controller
2019-01-29 22:16:51.600 INFO  --- [main] com.mangofactory.swagger.scanners.ApiListingReferenceScanner Line:78  - Request mapping: beAdmin belongs to groups: [[ResourceGroup{groupName='user-controller', position=0}]] 
2019-01-29 22:16:51.600 INFO  --- [main] com.mangofactory.swagger.scanners.ApiListingReferenceScanner Line:82  - Adding resource to group:ResourceGroup{groupName='user-controller', position=0} with description:user Controller for handler method:beAdmin
2019-01-29 22:16:51.600 INFO  --- [main] com.mangofactory.swagger.core.ClassOrApiAnnotationResourceGrouping Line:50  - Group for method updateUserInfo was user-controller
2019-01-29 22:16:51.601 INFO  --- [main] com.mangofactory.swagger.scanners.ApiListingReferenceScanner Line:78  - Request mapping: updateUserInfo belongs to groups: [[ResourceGroup{groupName='user-controller', position=0}]] 
2019-01-29 22:16:51.601 INFO  --- [main] com.mangofactory.swagger.scanners.ApiListingReferenceScanner Line:82  - Adding resource to group:ResourceGroup{groupName='user-controller', position=0} with description:user Controller for handler method:updateUserInfo
2019-01-29 22:16:51.601 INFO  --- [main] com.mangofactory.swagger.core.RequestMappingEvaluator Line:74  - Excluding method as it contains the excluded annotation: interface com.mangofactory.swagger.annotations.ApiIgnore
2019-01-29 22:16:51.601 INFO  --- [main] com.mangofactory.swagger.core.RequestMappingEvaluator Line:74  - Excluding method as it contains the excluded annotation: interface com.mangofactory.swagger.annotations.ApiIgnore
2019-01-29 22:16:51.601 INFO  --- [main] com.mangofactory.swagger.core.ClassOrApiAnnotationResourceGrouping Line:50  - Group for method error was basic-error-controller
2019-01-29 22:16:51.601 INFO  --- [main] com.mangofactory.swagger.scanners.ApiListingReferenceScanner Line:78  - Request mapping: error belongs to groups: [[ResourceGroup{groupName='basic-error-controller', position=0}]] 
2019-01-29 22:16:51.601 INFO  --- [main] com.mangofactory.swagger.scanners.ApiListingReferenceScanner Line:82  - Adding resource to group:ResourceGroup{groupName='basic-error-controller', position=0} with description:Basic Error Controller for handler method:error
2019-01-29 22:16:51.602 INFO  --- [main] com.mangofactory.swagger.core.ClassOrApiAnnotationResourceGrouping Line:50  - Group for method errorHtml was basic-error-controller
2019-01-29 22:16:51.602 INFO  --- [main] com.mangofactory.swagger.scanners.ApiListingReferenceScanner Line:78  - Request mapping: errorHtml belongs to groups: [[ResourceGroup{groupName='basic-error-controller', position=0}]] 
2019-01-29 22:16:51.602 INFO  --- [main] com.mangofactory.swagger.scanners.ApiListingReferenceScanner Line:82  - Adding resource to group:ResourceGroup{groupName='basic-error-controller', position=0} with description:Basic Error Controller for handler method:errorHtml
2019-01-29 22:16:51.609 INFO  --- [main] com.mangofactory.swagger.scanners.ApiListingReferenceScanner Line:96  - Created resource listing Path: /default/announcement-c-ontroller Description: announcement-c-ontroller Position: 0
2019-01-29 22:16:51.609 INFO  --- [main] com.mangofactory.swagger.scanners.ApiListingReferenceScanner Line:96  - Created resource listing Path: /default/image-controller Description: image-controller Position: 0
2019-01-29 22:16:51.609 INFO  --- [main] com.mangofactory.swagger.scanners.ApiListingReferenceScanner Line:96  - Created resource listing Path: /default/user-controller Description: user-controller Position: 0
2019-01-29 22:16:51.609 INFO  --- [main] com.mangofactory.swagger.scanners.ApiListingReferenceScanner Line:96  - Created resource listing Path: /default/news-controller Description: news-controller Position: 0
2019-01-29 22:16:51.610 INFO  --- [main] com.mangofactory.swagger.scanners.ApiListingReferenceScanner Line:96  - Created resource listing Path: /default/basic-error-controller Description: basic-error-controller Position: 0
2019-01-29 22:16:51.610 INFO  --- [main] com.mangofactory.swagger.scanners.ApiListingReferenceScanner Line:96  - Created resource listing Path: /default/album-controller Description: album-controller Position: 0
2019-01-29 22:16:51.610 INFO  --- [main] com.mangofactory.swagger.scanners.ApiListingReferenceScanner Line:96  - Created resource listing Path: /default/new-classify-controller Description: new-classify-controller Position: 0
2019-01-29 22:16:52.040 INFO  --- [main] com.mangofactory.swagger.core.SwaggerApiResourceListing Line:89  - Added a resource listing with (7) api resources: 
2019-01-29 22:16:52.040 INFO  --- [main] com.mangofactory.swagger.core.SwaggerApiResourceListing Line:93  -   Album Controller at location: /api-docs/default/album-controller
2019-01-29 22:16:52.041 INFO  --- [main] com.mangofactory.swagger.core.SwaggerApiResourceListing Line:93  -   Announcement C Ontroller at location: /api-docs/default/announcement-c-ontroller
2019-01-29 22:16:52.041 INFO  --- [main] com.mangofactory.swagger.core.SwaggerApiResourceListing Line:93  -   Basic Error Controller at location: /api-docs/default/basic-error-controller
2019-01-29 22:16:52.041 INFO  --- [main] com.mangofactory.swagger.core.SwaggerApiResourceListing Line:93  -   Image Controller at location: /api-docs/default/image-controller
2019-01-29 22:16:52.041 INFO  --- [main] com.mangofactory.swagger.core.SwaggerApiResourceListing Line:93  -   New Classify Controller at location: /api-docs/default/new-classify-controller
2019-01-29 22:16:52.041 INFO  --- [main] com.mangofactory.swagger.core.SwaggerApiResourceListing Line:93  -   News Controller at location: /api-docs/default/news-controller
2019-01-29 22:16:52.041 INFO  --- [main] com.mangofactory.swagger.core.SwaggerApiResourceListing Line:93  -   user Controller at location: /api-docs/default/user-controller
2019-01-29 22:16:52.043 INFO  --- [main] org.apache.coyote.http11.Http11NioProtocol Line:180 - Starting ProtocolHandler ["http-nio-9999"]
2019-01-29 22:16:52.051 INFO  --- [main] org.apache.tomcat.util.net.NioSelectorPool Line:180 - Using a shared selector for servlet write/read
2019-01-29 22:16:52.069 INFO  --- [main] com.example.acm.AcmApplication Line:59  - Started AcmApplication in 4.977 seconds (JVM running for 5.673)
2019-01-29 22:17:25.686 INFO  --- [http-nio-9999-exec-2] org.apache.catalina.core.ContainerBase.[Tomcat].[localhost].[/] Line:180 - Initializing Spring FrameworkServlet 'dispatcherServlet'
2019-01-29 22:17:25.716 INFO  --- [http-nio-9999-exec-2] com.example.acm.interceptor.AuthInterceptor Line:33  - -------------------------POST
2019-01-29 22:17:25.747 INFO  --- [http-nio-9999-exec-2] com.zaxxer.hikari.HikariDataSource Line:110 - HikariPool-1 - Starting...
2019-01-29 22:17:25.892 INFO  --- [http-nio-9999-exec-2] com.zaxxer.hikari.HikariDataSource Line:123 - HikariPool-1 - Start completed.
2019-01-29 22:17:26.244 INFO  --- [http-nio-9999-exec-2] com.example.acm.interceptor.AuthInterceptor Line:33  - -------------------------POST
2019-01-29 22:22:17.353 INFO  --- [main] com.example.acm.AcmApplication Line:50  - Starting AcmApplication on DESKTOP-03CDSMO with PID 19684 (D:\ACM\acmBackT\acm\target\classes started by ggg in D:\ACM\acmBackT\acm)
2019-01-29 22:22:17.355 INFO  --- [main] com.example.acm.AcmApplication Line:659 - No active profile set, falling back to default profiles: default
2019-01-29 22:22:19.097 INFO  --- [main] org.apache.coyote.http11.Http11NioProtocol Line:180 - Initializing ProtocolHandler ["http-nio-9999"]
2019-01-29 22:22:19.107 INFO  --- [main] org.apache.catalina.core.StandardService Line:180 - Starting service [Tomcat]
2019-01-29 22:22:19.108 INFO  --- [main] org.apache.catalina.core.StandardEngine Line:180 - Starting Servlet Engine: Apache Tomcat/8.5.31
2019-01-29 22:22:19.112 INFO  --- [localhost-startStop-1] org.apache.catalina.core.AprLifecycleListener Line:180 - The APR based Apache Tomcat Native library which allows optimal performance in production environments was not found on the java.library.path: [C:\Program Files\Java\jdk1.8.0_151\bin;C:\WINDOWS\Sun\Java\bin;C:\WINDOWS\system32;C:\WINDOWS;C:\ProgramData\Oracle\Java\javapath;C:\Windows\system32;C:\Windows;C:\Windows\System32\Wbem;C:\Windows\System32\WindowsPowerShell\v1.0\;C:\Users\ggg\tomcat\apache-tomcat-7.0.82\lib;C:\Program Files\Java\jdk1.8.0_151\bin;C:\Users\ggg\apache-maven-3.5.2\bin;C:\Users\ggg\hadoop\hadoop-2.7.4\bin;C:\Users\ggg\hadoop\hadoop-2.7.4\sbin;C:\Program Files\hadoop\hadoop-2.7.4\bin;C:\Program Files\hadoop\hadoop-2.7.4\sbin;C:\Python27;C:\Program Files\PuTTY\;C:\Python27\Lib\site-packages\django\bin;C:\Python27\Scripts;C:\Program Files\MySQL\MySQL Server 5.7\bin;C:\Users\ggg\SDK\tools;C:\Users\ggg\SDK\platform-tools;D:\Git\cmd;D:\nodej\;C:\Program Files\dotnet\;C:\Program Files (x86)\NVIDIA Corporation\PhysX\Common;%SystemRoot%\system32;%SystemRoot%;%SystemRoot%\System32\Wbem;%SYSTEMROOT%\System32\WindowsPowerShell\v1.0\;%SYSTEMROOT%\System32\OpenSSH\;C:\Users\ggg\AppData\Local\Microsoft\WindowsApps;C:\Users\ggg\SSH Secure Shell;D:\GO\bin;C:\Users\ggg\AppData\Roaming\npm;D:\Microsoft VS Code\bin;;.]
2019-01-29 22:22:19.205 INFO  --- [localhost-startStop-1] org.apache.catalina.core.ContainerBase.[Tomcat].[localhost].[/] Line:180 - Initializing Spring embedded WebApplicationContext
2019-01-29 22:22:21.214 INFO  --- [main] com.mangofactory.swagger.plugin.SwaggerPluginAdapter Line:33  - Context refreshed
2019-01-29 22:22:21.214 INFO  --- [main] com.mangofactory.swagger.plugin.SwaggerPluginAdapter Line:46  - Found custom SwaggerSpringMvcPlugins
2019-01-29 22:22:21.215 INFO  --- [main] com.mangofactory.swagger.plugin.SwaggerPluginAdapter Line:50  - initializing plugin bean customImplementation
2019-01-29 22:22:21.218 INFO  --- [main] com.mangofactory.swagger.scanners.ApiListingReferenceScanner Line:55  - Scanning for api listing references
2019-01-29 22:22:21.220 INFO  --- [main] com.mangofactory.swagger.core.ClassOrApiAnnotationResourceGrouping Line:50  - Group for method addAlbum was album-controller
2019-01-29 22:22:21.222 INFO  --- [main] com.mangofactory.swagger.scanners.ApiListingReferenceScanner Line:78  - Request mapping: addAlbum belongs to groups: [[ResourceGroup{groupName='album-controller', position=0}]] 
2019-01-29 22:22:21.222 INFO  --- [main] com.mangofactory.swagger.scanners.ApiListingReferenceScanner Line:82  - Adding resource to group:ResourceGroup{groupName='album-controller', position=0} with description:Album Controller for handler method:addAlbum
2019-01-29 22:22:21.222 INFO  --- [main] com.mangofactory.swagger.core.ClassOrApiAnnotationResourceGrouping Line:50  - Group for method detail was announcement-c-ontroller
2019-01-29 22:22:21.222 INFO  --- [main] com.mangofactory.swagger.scanners.ApiListingReferenceScanner Line:78  - Request mapping: detail belongs to groups: [[ResourceGroup{groupName='announcement-c-ontroller', position=0}]] 
2019-01-29 22:22:21.223 INFO  --- [main] com.mangofactory.swagger.scanners.ApiListingReferenceScanner Line:82  - Adding resource to group:ResourceGroup{groupName='announcement-c-ontroller', position=0} with description:Announcement C Ontroller for handler method:detail
2019-01-29 22:22:21.223 INFO  --- [main] com.mangofactory.swagger.core.ClassOrApiAnnotationResourceGrouping Line:50  - Group for method updateFirst was announcement-c-ontroller
2019-01-29 22:22:21.223 INFO  --- [main] com.mangofactory.swagger.scanners.ApiListingReferenceScanner Line:78  - Request mapping: updateFirst belongs to groups: [[ResourceGroup{groupName='announcement-c-ontroller', position=0}]] 
2019-01-29 22:22:21.223 INFO  --- [main] com.mangofactory.swagger.scanners.ApiListingReferenceScanner Line:82  - Adding resource to group:ResourceGroup{groupName='announcement-c-ontroller', position=0} with description:Announcement C Ontroller for handler method:updateFirst
2019-01-29 22:22:21.223 INFO  --- [main] com.mangofactory.swagger.core.ClassOrApiAnnotationResourceGrouping Line:50  - Group for method updateAnnounce was announcement-c-ontroller
2019-01-29 22:22:21.224 INFO  --- [main] com.mangofactory.swagger.scanners.ApiListingReferenceScanner Line:78  - Request mapping: updateAnnounce belongs to groups: [[ResourceGroup{groupName='announcement-c-ontroller', position=0}]] 
2019-01-29 22:22:21.224 INFO  --- [main] com.mangofactory.swagger.scanners.ApiListingReferenceScanner Line:82  - Adding resource to group:ResourceGroup{groupName='announcement-c-ontroller', position=0} with description:Announcement C Ontroller for handler method:updateAnnounce
2019-01-29 22:22:21.224 INFO  --- [main] com.mangofactory.swagger.core.ClassOrApiAnnotationResourceGrouping Line:50  - Group for method selectAnnounce was announcement-c-ontroller
2019-01-29 22:22:21.224 INFO  --- [main] com.mangofactory.swagger.scanners.ApiListingReferenceScanner Line:78  - Request mapping: selectAnnounce belongs to groups: [[ResourceGroup{groupName='announcement-c-ontroller', position=0}]] 
2019-01-29 22:22:21.224 INFO  --- [main] com.mangofactory.swagger.scanners.ApiListingReferenceScanner Line:82  - Adding resource to group:ResourceGroup{groupName='announcement-c-ontroller', position=0} with description:Announcement C Ontroller for handler method:selectAnnounce
2019-01-29 22:22:21.225 INFO  --- [main] com.mangofactory.swagger.core.ClassOrApiAnnotationResourceGrouping Line:50  - Group for method selectClass was announcement-c-ontroller
2019-01-29 22:22:21.225 INFO  --- [main] com.mangofactory.swagger.scanners.ApiListingReferenceScanner Line:78  - Request mapping: selectClass belongs to groups: [[ResourceGroup{groupName='announcement-c-ontroller', position=0}]] 
2019-01-29 22:22:21.225 INFO  --- [main] com.mangofactory.swagger.scanners.ApiListingReferenceScanner Line:82  - Adding resource to group:ResourceGroup{groupName='announcement-c-ontroller', position=0} with description:Announcement C Ontroller for handler method:selectClass
2019-01-29 22:22:21.225 INFO  --- [main] com.mangofactory.swagger.core.ClassOrApiAnnotationResourceGrouping Line:50  - Group for method addNews was announcement-c-ontroller
2019-01-29 22:22:21.225 INFO  --- [main] com.mangofactory.swagger.scanners.ApiListingReferenceScanner Line:78  - Request mapping: addNews belongs to groups: [[ResourceGroup{groupName='announcement-c-ontroller', position=0}]] 
2019-01-29 22:22:21.226 INFO  --- [main] com.mangofactory.swagger.scanners.ApiListingReferenceScanner Line:82  - Adding resource to group:ResourceGroup{groupName='announcement-c-ontroller', position=0} with description:Announcement C Ontroller for handler method:addNews
2019-01-29 22:22:21.226 INFO  --- [main] com.mangofactory.swagger.core.ClassOrApiAnnotationResourceGrouping Line:50  - Group for method showPhotos was image-controller
2019-01-29 22:22:21.226 INFO  --- [main] com.mangofactory.swagger.scanners.ApiListingReferenceScanner Line:78  - Request mapping: showPhotos belongs to groups: [[ResourceGroup{groupName='image-controller', position=0}]] 
2019-01-29 22:22:21.226 INFO  --- [main] com.mangofactory.swagger.scanners.ApiListingReferenceScanner Line:82  - Adding resource to group:ResourceGroup{groupName='image-controller', position=0} with description:Image Controller for handler method:showPhotos
2019-01-29 22:22:21.226 INFO  --- [main] com.mangofactory.swagger.core.ClassOrApiAnnotationResourceGrouping Line:50  - Group for method uploadImg was image-controller
2019-01-29 22:22:21.227 INFO  --- [main] com.mangofactory.swagger.scanners.ApiListingReferenceScanner Line:78  - Request mapping: uploadImg belongs to groups: [[ResourceGroup{groupName='image-controller', position=0}]] 
2019-01-29 22:22:21.227 INFO  --- [main] com.mangofactory.swagger.scanners.ApiListingReferenceScanner Line:82  - Adding resource to group:ResourceGroup{groupName='image-controller', position=0} with description:Image Controller for handler method:uploadImg
2019-01-29 22:22:21.227 INFO  --- [main] com.mangofactory.swagger.core.ClassOrApiAnnotationResourceGrouping Line:50  - Group for method uploadImg1 was image-controller
2019-01-29 22:22:21.227 INFO  --- [main] com.mangofactory.swagger.scanners.ApiListingReferenceScanner Line:78  - Request mapping: uploadImg1 belongs to groups: [[ResourceGroup{groupName='image-controller', position=0}]] 
2019-01-29 22:22:21.227 INFO  --- [main] com.mangofactory.swagger.scanners.ApiListingReferenceScanner Line:82  - Adding resource to group:ResourceGroup{groupName='image-controller', position=0} with description:Image Controller for handler method:uploadImg1
2019-01-29 22:22:21.227 INFO  --- [main] com.mangofactory.swagger.core.ClassOrApiAnnotationResourceGrouping Line:50  - Group for method selectClass was new-classify-controller
2019-01-29 22:22:21.228 INFO  --- [main] com.mangofactory.swagger.scanners.ApiListingReferenceScanner Line:78  - Request mapping: selectClass belongs to groups: [[ResourceGroup{groupName='new-classify-controller', position=0}]] 
2019-01-29 22:22:21.228 INFO  --- [main] com.mangofactory.swagger.scanners.ApiListingReferenceScanner Line:82  - Adding resource to group:ResourceGroup{groupName='new-classify-controller', position=0} with description:New Classify Controller for handler method:selectClass
2019-01-29 22:22:21.228 INFO  --- [main] com.mangofactory.swagger.core.ClassOrApiAnnotationResourceGrouping Line:50  - Group for method selectClass was new-classify-controller
2019-01-29 22:22:21.228 INFO  --- [main] com.mangofactory.swagger.scanners.ApiListingReferenceScanner Line:78  - Request mapping: selectClass belongs to groups: [[ResourceGroup{groupName='new-classify-controller', position=0}]] 
2019-01-29 22:22:21.228 INFO  --- [main] com.mangofactory.swagger.scanners.ApiListingReferenceScanner Line:82  - Adding resource to group:ResourceGroup{groupName='new-classify-controller', position=0} with description:New Classify Controller for handler method:selectClass
2019-01-29 22:22:21.228 INFO  --- [main] com.mangofactory.swagger.core.ClassOrApiAnnotationResourceGrouping Line:50  - Group for method addNews was new-classify-controller
2019-01-29 22:22:21.229 INFO  --- [main] com.mangofactory.swagger.scanners.ApiListingReferenceScanner Line:78  - Request mapping: addNews belongs to groups: [[ResourceGroup{groupName='new-classify-controller', position=0}]] 
2019-01-29 22:22:21.229 INFO  --- [main] com.mangofactory.swagger.scanners.ApiListingReferenceScanner Line:82  - Adding resource to group:ResourceGroup{groupName='new-classify-controller', position=0} with description:New Classify Controller for handler method:addNews
2019-01-29 22:22:21.229 INFO  --- [main] com.mangofactory.swagger.core.ClassOrApiAnnotationResourceGrouping Line:50  - Group for method detail was news-controller
2019-01-29 22:22:21.229 INFO  --- [main] com.mangofactory.swagger.scanners.ApiListingReferenceScanner Line:78  - Request mapping: detail belongs to groups: [[ResourceGroup{groupName='news-controller', position=0}]] 
2019-01-29 22:22:21.229 INFO  --- [main] com.mangofactory.swagger.scanners.ApiListingReferenceScanner Line:82  - Adding resource to group:ResourceGroup{groupName='news-controller', position=0} with description:News Controller for handler method:detail
2019-01-29 22:22:21.229 INFO  --- [main] com.mangofactory.swagger.core.ClassOrApiAnnotationResourceGrouping Line:50  - Group for method addNews was news-controller
2019-01-29 22:22:21.229 INFO  --- [main] com.mangofactory.swagger.scanners.ApiListingReferenceScanner Line:78  - Request mapping: addNews belongs to groups: [[ResourceGroup{groupName='news-controller', position=0}]] 
2019-01-29 22:22:21.229 INFO  --- [main] com.mangofactory.swagger.scanners.ApiListingReferenceScanner Line:82  - Adding resource to group:ResourceGroup{groupName='news-controller', position=0} with description:News Controller for handler method:addNews
2019-01-29 22:22:21.230 INFO  --- [main] com.mangofactory.swagger.core.ClassOrApiAnnotationResourceGrouping Line:50  - Group for method selectNewsMain was news-controller
2019-01-29 22:22:21.230 INFO  --- [main] com.mangofactory.swagger.scanners.ApiListingReferenceScanner Line:78  - Request mapping: selectNewsMain belongs to groups: [[ResourceGroup{groupName='news-controller', position=0}]] 
2019-01-29 22:22:21.230 INFO  --- [main] com.mangofactory.swagger.scanners.ApiListingReferenceScanner Line:82  - Adding resource to group:ResourceGroup{groupName='news-controller', position=0} with description:News Controller for handler method:selectNewsMain
2019-01-29 22:22:21.230 INFO  --- [main] com.mangofactory.swagger.core.ClassOrApiAnnotationResourceGrouping Line:50  - Group for method updateNewMain was news-controller
2019-01-29 22:22:21.230 INFO  --- [main] com.mangofactory.swagger.scanners.ApiListingReferenceScanner Line:78  - Request mapping: updateNewMain belongs to groups: [[ResourceGroup{groupName='news-controller', position=0}]] 
2019-01-29 22:22:21.230 INFO  --- [main] com.mangofactory.swagger.scanners.ApiListingReferenceScanner Line:82  - Adding resource to group:ResourceGroup{groupName='news-controller', position=0} with description:News Controller for handler method:updateNewMain
2019-01-29 22:22:21.231 INFO  --- [main] com.mangofactory.swagger.core.ClassOrApiAnnotationResourceGrouping Line:50  - Group for method deleteNewMain was news-controller
2019-01-29 22:22:21.231 INFO  --- [main] com.mangofactory.swagger.scanners.ApiListingReferenceScanner Line:78  - Request mapping: deleteNewMain belongs to groups: [[ResourceGroup{groupName='news-controller', position=0}]] 
2019-01-29 22:22:21.231 INFO  --- [main] com.mangofactory.swagger.scanners.ApiListingReferenceScanner Line:82  - Adding resource to group:ResourceGroup{groupName='news-controller', position=0} with description:News Controller for handler method:deleteNewMain
2019-01-29 22:22:21.231 INFO  --- [main] com.mangofactory.swagger.core.ClassOrApiAnnotationResourceGrouping Line:50  - Group for method register was user-controller
2019-01-29 22:22:21.231 INFO  --- [main] com.mangofactory.swagger.scanners.ApiListingReferenceScanner Line:78  - Request mapping: register belongs to groups: [[ResourceGroup{groupName='user-controller', position=0}]] 
2019-01-29 22:22:21.232 INFO  --- [main] com.mangofactory.swagger.scanners.ApiListingReferenceScanner Line:82  - Adding resource to group:ResourceGroup{groupName='user-controller', position=0} with description:user Controller for handler method:register
2019-01-29 22:22:21.232 INFO  --- [main] com.mangofactory.swagger.core.ClassOrApiAnnotationResourceGrouping Line:50  - Group for method getUserInfo was user-controller
2019-01-29 22:22:21.232 INFO  --- [main] com.mangofactory.swagger.scanners.ApiListingReferenceScanner Line:78  - Request mapping: getUserInfo belongs to groups: [[ResourceGroup{groupName='user-controller', position=0}]] 
2019-01-29 22:22:21.232 INFO  --- [main] com.mangofactory.swagger.scanners.ApiListingReferenceScanner Line:82  - Adding resource to group:ResourceGroup{groupName='user-controller', position=0} with description:user Controller for handler method:getUserInfo
2019-01-29 22:22:21.232 INFO  --- [main] com.mangofactory.swagger.core.ClassOrApiAnnotationResourceGrouping Line:50  - Group for method userInfo was user-controller
2019-01-29 22:22:21.232 INFO  --- [main] com.mangofactory.swagger.scanners.ApiListingReferenceScanner Line:78  - Request mapping: userInfo belongs to groups: [[ResourceGroup{groupName='user-controller', position=0}]] 
2019-01-29 22:22:21.232 INFO  --- [main] com.mangofactory.swagger.scanners.ApiListingReferenceScanner Line:82  - Adding resource to group:ResourceGroup{groupName='user-controller', position=0} with description:user Controller for handler method:userInfo
2019-01-29 22:22:21.233 INFO  --- [main] com.mangofactory.swagger.core.ClassOrApiAnnotationResourceGrouping Line:50  - Group for method login was user-controller
2019-01-29 22:22:21.233 INFO  --- [main] com.mangofactory.swagger.scanners.ApiListingReferenceScanner Line:78  - Request mapping: login belongs to groups: [[ResourceGroup{groupName='user-controller', position=0}]] 
2019-01-29 22:22:21.233 INFO  --- [main] com.mangofactory.swagger.scanners.ApiListingReferenceScanner Line:82  - Adding resource to group:ResourceGroup{groupName='user-controller', position=0} with description:user Controller for handler method:login
2019-01-29 22:22:21.233 INFO  --- [main] com.mangofactory.swagger.core.ClassOrApiAnnotationResourceGrouping Line:50  - Group for method updateUserInfo was user-controller
2019-01-29 22:22:21.233 INFO  --- [main] com.mangofactory.swagger.scanners.ApiListingReferenceScanner Line:78  - Request mapping: updateUserInfo belongs to groups: [[ResourceGroup{groupName='user-controller', position=0}]] 
2019-01-29 22:22:21.233 INFO  --- [main] com.mangofactory.swagger.scanners.ApiListingReferenceScanner Line:82  - Adding resource to group:ResourceGroup{groupName='user-controller', position=0} with description:user Controller for handler method:updateUserInfo
2019-01-29 22:22:21.234 INFO  --- [main] com.mangofactory.swagger.core.ClassOrApiAnnotationResourceGrouping Line:50  - Group for method notPassUser was user-controller
2019-01-29 22:22:21.234 INFO  --- [main] com.mangofactory.swagger.scanners.ApiListingReferenceScanner Line:78  - Request mapping: notPassUser belongs to groups: [[ResourceGroup{groupName='user-controller', position=0}]] 
2019-01-29 22:22:21.234 INFO  --- [main] com.mangofactory.swagger.scanners.ApiListingReferenceScanner Line:82  - Adding resource to group:ResourceGroup{groupName='user-controller', position=0} with description:user Controller for handler method:notPassUser
2019-01-29 22:22:21.234 INFO  --- [main] com.mangofactory.swagger.core.ClassOrApiAnnotationResourceGrouping Line:50  - Group for method beAdmin was user-controller
2019-01-29 22:22:21.234 INFO  --- [main] com.mangofactory.swagger.scanners.ApiListingReferenceScanner Line:78  - Request mapping: beAdmin belongs to groups: [[ResourceGroup{groupName='user-controller', position=0}]] 
2019-01-29 22:22:21.234 INFO  --- [main] com.mangofactory.swagger.scanners.ApiListingReferenceScanner Line:82  - Adding resource to group:ResourceGroup{groupName='user-controller', position=0} with description:user Controller for handler method:beAdmin
2019-01-29 22:22:21.235 INFO  --- [main] com.mangofactory.swagger.core.ClassOrApiAnnotationResourceGrouping Line:50  - Group for method bePlayer was user-controller
2019-01-29 22:22:21.235 INFO  --- [main] com.mangofactory.swagger.scanners.ApiListingReferenceScanner Line:78  - Request mapping: bePlayer belongs to groups: [[ResourceGroup{groupName='user-controller', position=0}]] 
2019-01-29 22:22:21.235 INFO  --- [main] com.mangofactory.swagger.scanners.ApiListingReferenceScanner Line:82  - Adding resource to group:ResourceGroup{groupName='user-controller', position=0} with description:user Controller for handler method:bePlayer
2019-01-29 22:22:21.235 INFO  --- [main] com.mangofactory.swagger.core.ClassOrApiAnnotationResourceGrouping Line:50  - Group for method updateUserImage was user-controller
2019-01-29 22:22:21.235 INFO  --- [main] com.mangofactory.swagger.scanners.ApiListingReferenceScanner Line:78  - Request mapping: updateUserImage belongs to groups: [[ResourceGroup{groupName='user-controller', position=0}]] 
2019-01-29 22:22:21.235 INFO  --- [main] com.mangofactory.swagger.scanners.ApiListingReferenceScanner Line:82  - Adding resource to group:ResourceGroup{groupName='user-controller', position=0} with description:user Controller for handler method:updateUserImage
2019-01-29 22:22:21.235 INFO  --- [main] com.mangofactory.swagger.core.ClassOrApiAnnotationResourceGrouping Line:50  - Group for method selectUser was user-controller
2019-01-29 22:22:21.236 INFO  --- [main] com.mangofactory.swagger.scanners.ApiListingReferenceScanner Line:78  - Request mapping: selectUser belongs to groups: [[ResourceGroup{groupName='user-controller', position=0}]] 
2019-01-29 22:22:21.236 INFO  --- [main] com.mangofactory.swagger.scanners.ApiListingReferenceScanner Line:82  - Adding resource to group:ResourceGroup{groupName='user-controller', position=0} with description:user Controller for handler method:selectUser
2019-01-29 22:22:21.236 INFO  --- [main] com.mangofactory.swagger.core.ClassOrApiAnnotationResourceGrouping Line:50  - Group for method selectUser was user-controller
2019-01-29 22:22:21.236 INFO  --- [main] com.mangofactory.swagger.scanners.ApiListingReferenceScanner Line:78  - Request mapping: selectUser belongs to groups: [[ResourceGroup{groupName='user-controller', position=0}]] 
2019-01-29 22:22:21.236 INFO  --- [main] com.mangofactory.swagger.scanners.ApiListingReferenceScanner Line:82  - Adding resource to group:ResourceGroup{groupName='user-controller', position=0} with description:user Controller for handler method:selectUser
2019-01-29 22:22:21.236 INFO  --- [main] com.mangofactory.swagger.core.RequestMappingEvaluator Line:74  - Excluding method as it contains the excluded annotation: interface com.mangofactory.swagger.annotations.ApiIgnore
2019-01-29 22:22:21.236 INFO  --- [main] com.mangofactory.swagger.core.RequestMappingEvaluator Line:74  - Excluding method as it contains the excluded annotation: interface com.mangofactory.swagger.annotations.ApiIgnore
2019-01-29 22:22:21.237 INFO  --- [main] com.mangofactory.swagger.core.ClassOrApiAnnotationResourceGrouping Line:50  - Group for method error was basic-error-controller
2019-01-29 22:22:21.237 INFO  --- [main] com.mangofactory.swagger.scanners.ApiListingReferenceScanner Line:78  - Request mapping: error belongs to groups: [[ResourceGroup{groupName='basic-error-controller', position=0}]] 
2019-01-29 22:22:21.237 INFO  --- [main] com.mangofactory.swagger.scanners.ApiListingReferenceScanner Line:82  - Adding resource to group:ResourceGroup{groupName='basic-error-controller', position=0} with description:Basic Error Controller for handler method:error
2019-01-29 22:22:21.237 INFO  --- [main] com.mangofactory.swagger.core.ClassOrApiAnnotationResourceGrouping Line:50  - Group for method errorHtml was basic-error-controller
2019-01-29 22:22:21.237 INFO  --- [main] com.mangofactory.swagger.scanners.ApiListingReferenceScanner Line:78  - Request mapping: errorHtml belongs to groups: [[ResourceGroup{groupName='basic-error-controller', position=0}]] 
2019-01-29 22:22:21.237 INFO  --- [main] com.mangofactory.swagger.scanners.ApiListingReferenceScanner Line:82  - Adding resource to group:ResourceGroup{groupName='basic-error-controller', position=0} with description:Basic Error Controller for handler method:errorHtml
2019-01-29 22:22:21.244 INFO  --- [main] com.mangofactory.swagger.scanners.ApiListingReferenceScanner Line:96  - Created resource listing Path: /default/announcement-c-ontroller Description: announcement-c-ontroller Position: 0
2019-01-29 22:22:21.244 INFO  --- [main] com.mangofactory.swagger.scanners.ApiListingReferenceScanner Line:96  - Created resource listing Path: /default/image-controller Description: image-controller Position: 0
2019-01-29 22:22:21.244 INFO  --- [main] com.mangofactory.swagger.scanners.ApiListingReferenceScanner Line:96  - Created resource listing Path: /default/user-controller Description: user-controller Position: 0
2019-01-29 22:22:21.244 INFO  --- [main] com.mangofactory.swagger.scanners.ApiListingReferenceScanner Line:96  - Created resource listing Path: /default/news-controller Description: news-controller Position: 0
2019-01-29 22:22:21.245 INFO  --- [main] com.mangofactory.swagger.scanners.ApiListingReferenceScanner Line:96  - Created resource listing Path: /default/basic-error-controller Description: basic-error-controller Position: 0
2019-01-29 22:22:21.245 INFO  --- [main] com.mangofactory.swagger.scanners.ApiListingReferenceScanner Line:96  - Created resource listing Path: /default/album-controller Description: album-controller Position: 0
2019-01-29 22:22:21.245 INFO  --- [main] com.mangofactory.swagger.scanners.ApiListingReferenceScanner Line:96  - Created resource listing Path: /default/new-classify-controller Description: new-classify-controller Position: 0
2019-01-29 22:22:21.627 INFO  --- [main] com.mangofactory.swagger.core.SwaggerApiResourceListing Line:89  - Added a resource listing with (7) api resources: 
2019-01-29 22:22:21.627 INFO  --- [main] com.mangofactory.swagger.core.SwaggerApiResourceListing Line:93  -   Album Controller at location: /api-docs/default/album-controller
2019-01-29 22:22:21.627 INFO  --- [main] com.mangofactory.swagger.core.SwaggerApiResourceListing Line:93  -   Announcement C Ontroller at location: /api-docs/default/announcement-c-ontroller
2019-01-29 22:22:21.627 INFO  --- [main] com.mangofactory.swagger.core.SwaggerApiResourceListing Line:93  -   Basic Error Controller at location: /api-docs/default/basic-error-controller
2019-01-29 22:22:21.628 INFO  --- [main] com.mangofactory.swagger.core.SwaggerApiResourceListing Line:93  -   Image Controller at location: /api-docs/default/image-controller
2019-01-29 22:22:21.628 INFO  --- [main] com.mangofactory.swagger.core.SwaggerApiResourceListing Line:93  -   New Classify Controller at location: /api-docs/default/new-classify-controller
2019-01-29 22:22:21.628 INFO  --- [main] com.mangofactory.swagger.core.SwaggerApiResourceListing Line:93  -   News Controller at location: /api-docs/default/news-controller
2019-01-29 22:22:21.628 INFO  --- [main] com.mangofactory.swagger.core.SwaggerApiResourceListing Line:93  -   user Controller at location: /api-docs/default/user-controller
2019-01-29 22:22:21.629 INFO  --- [main] org.apache.coyote.http11.Http11NioProtocol Line:180 - Starting ProtocolHandler ["http-nio-9999"]
2019-01-29 22:22:21.637 INFO  --- [main] org.apache.tomcat.util.net.NioSelectorPool Line:180 - Using a shared selector for servlet write/read
2019-01-29 22:22:21.653 INFO  --- [main] com.example.acm.AcmApplication Line:59  - Started AcmApplication in 4.778 seconds (JVM running for 5.341)
2019-01-29 22:22:28.094 INFO  --- [http-nio-9999-exec-1] org.apache.catalina.core.ContainerBase.[Tomcat].[localhost].[/] Line:180 - Initializing Spring FrameworkServlet 'dispatcherServlet'
2019-01-29 22:22:28.119 INFO  --- [http-nio-9999-exec-1] com.example.acm.interceptor.AuthInterceptor Line:33  - -------------------------POST
2019-01-29 22:22:28.142 INFO  --- [http-nio-9999-exec-1] com.zaxxer.hikari.HikariDataSource Line:110 - HikariPool-1 - Starting...
2019-01-29 22:22:28.275 INFO  --- [http-nio-9999-exec-1] com.zaxxer.hikari.HikariDataSource Line:123 - HikariPool-1 - Start completed.
2019-01-29 22:29:33.314 INFO  --- [http-nio-9999-exec-5] com.example.acm.interceptor.AuthInterceptor Line:33  - -------------------------POST
2019-01-29 22:29:33.416 INFO  --- [http-nio-9999-exec-5] io.lettuce.core.EpollProvider Line:101 - Starting without optional epoll library
2019-01-29 22:29:33.418 INFO  --- [http-nio-9999-exec-5] io.lettuce.core.KqueueProvider Line:101 - Starting without optional kqueue library
