2019-02-14 21:26:00.945 INFO  --- [main] com.example.acm.AcmApplication Line:50  - Starting AcmApplication on DESKTOP-03CDSMO with PID 2376 (D:\ACM\acmBackT\acm\target\classes started by ggg in D:\ACM\acmBackT\acm)
2019-02-14 21:26:00.962 INFO  --- [main] com.example.acm.AcmApplication Line:659 - No active profile set, falling back to default profiles: default
2019-02-14 21:26:03.548 INFO  --- [main] org.apache.coyote.http11.Http11NioProtocol Line:180 - Initializing ProtocolHandler ["http-nio-9999"]
2019-02-14 21:26:03.559 INFO  --- [main] org.apache.catalina.core.StandardService Line:180 - Starting service [Tomcat]
2019-02-14 21:26:03.559 INFO  --- [main] org.apache.catalina.core.StandardEngine Line:180 - Starting Servlet Engine: Apache Tomcat/8.5.31
2019-02-14 21:26:03.565 INFO  --- [localhost-startStop-1] org.apache.catalina.core.AprLifecycleListener Line:180 - The APR based Apache Tomcat Native library which allows optimal performance in production environments was not found on the java.library.path: [C:\Program Files\Java\jdk1.8.0_151\bin;C:\WINDOWS\Sun\Java\bin;C:\WINDOWS\system32;C:\WINDOWS;C:\ProgramData\Oracle\Java\javapath;C:\Windows\system32;C:\Windows;C:\Windows\System32\Wbem;C:\Windows\System32\WindowsPowerShell\v1.0\;C:\Users\ggg\tomcat\apache-tomcat-7.0.82\lib;C:\Program Files\Java\jdk1.8.0_151\bin;C:\Users\ggg\apache-maven-3.5.2\bin;C:\Users\ggg\hadoop\hadoop-2.7.4\bin;C:\Users\ggg\hadoop\hadoop-2.7.4\sbin;C:\Program Files\hadoop\hadoop-2.7.4\bin;C:\Program Files\hadoop\hadoop-2.7.4\sbin;C:\Python27;C:\Program Files\PuTTY\;C:\Python27\Lib\site-packages\django\bin;C:\Python27\Scripts;C:\Program Files\MySQL\MySQL Server 5.7\bin;C:\Users\ggg\SDK\tools;C:\Users\ggg\SDK\platform-tools;D:\Git\cmd;D:\nodej\;C:\Program Files\dotnet\;C:\Program Files (x86)\NVIDIA Corporation\PhysX\Common;%SystemRoot%\system32;%SystemRoot%;%SystemRoot%\System32\Wbem;%SYSTEMROOT%\System32\WindowsPowerShell\v1.0\;%SYSTEMROOT%\System32\OpenSSH\;C:\Users\ggg\AppData\Local\Microsoft\WindowsApps;C:\Users\ggg\SSH Secure Shell;D:\GO\bin;C:\Users\ggg\AppData\Roaming\npm;D:\Microsoft VS Code\bin;;.]
2019-02-14 21:26:03.679 INFO  --- [localhost-startStop-1] org.apache.catalina.core.ContainerBase.[Tomcat].[localhost].[/] Line:180 - Initializing Spring embedded WebApplicationContext
2019-02-14 21:26:06.836 INFO  --- [main] com.mangofactory.swagger.plugin.SwaggerPluginAdapter Line:33  - Context refreshed
2019-02-14 21:26:06.837 INFO  --- [main] com.mangofactory.swagger.plugin.SwaggerPluginAdapter Line:46  - Found custom SwaggerSpringMvcPlugins
2019-02-14 21:26:06.837 INFO  --- [main] com.mangofactory.swagger.plugin.SwaggerPluginAdapter Line:50  - initializing plugin bean customImplementation
2019-02-14 21:26:06.846 INFO  --- [main] com.mangofactory.swagger.scanners.ApiListingReferenceScanner Line:55  - Scanning for api listing references
2019-02-14 21:26:06.850 INFO  --- [main] com.mangofactory.swagger.core.ClassOrApiAnnotationResourceGrouping Line:50  - Group for method selectAlbum was album-controller
2019-02-14 21:26:06.853 INFO  --- [main] com.mangofactory.swagger.scanners.ApiListingReferenceScanner Line:78  - Request mapping: selectAlbum belongs to groups: [[ResourceGroup{groupName='album-controller', position=0}]] 
2019-02-14 21:26:06.854 INFO  --- [main] com.mangofactory.swagger.scanners.ApiListingReferenceScanner Line:82  - Adding resource to group:ResourceGroup{groupName='album-controller', position=0} with description:Album Controller for handler method:selectAlbum
2019-02-14 21:26:06.854 INFO  --- [main] com.mangofactory.swagger.core.ClassOrApiAnnotationResourceGrouping Line:50  - Group for method deleteAlbum was album-controller
2019-02-14 21:26:06.855 INFO  --- [main] com.mangofactory.swagger.scanners.ApiListingReferenceScanner Line:78  - Request mapping: deleteAlbum belongs to groups: [[ResourceGroup{groupName='album-controller', position=0}]] 
2019-02-14 21:26:06.855 INFO  --- [main] com.mangofactory.swagger.scanners.ApiListingReferenceScanner Line:82  - Adding resource to group:ResourceGroup{groupName='album-controller', position=0} with description:Album Controller for handler method:deleteAlbum
2019-02-14 21:26:06.855 INFO  --- [main] com.mangofactory.swagger.core.ClassOrApiAnnotationResourceGrouping Line:50  - Group for method AlbumDetail was album-controller
2019-02-14 21:26:06.855 INFO  --- [main] com.mangofactory.swagger.scanners.ApiListingReferenceScanner Line:78  - Request mapping: AlbumDetail belongs to groups: [[ResourceGroup{groupName='album-controller', position=0}]] 
2019-02-14 21:26:06.856 INFO  --- [main] com.mangofactory.swagger.scanners.ApiListingReferenceScanner Line:82  - Adding resource to group:ResourceGroup{groupName='album-controller', position=0} with description:Album Controller for handler method:AlbumDetail
2019-02-14 21:26:06.856 INFO  --- [main] com.mangofactory.swagger.core.ClassOrApiAnnotationResourceGrouping Line:50  - Group for method addAlbum was album-controller
2019-02-14 21:26:06.856 INFO  --- [main] com.mangofactory.swagger.scanners.ApiListingReferenceScanner Line:78  - Request mapping: addAlbum belongs to groups: [[ResourceGroup{groupName='album-controller', position=0}]] 
2019-02-14 21:26:06.857 INFO  --- [main] com.mangofactory.swagger.scanners.ApiListingReferenceScanner Line:82  - Adding resource to group:ResourceGroup{groupName='album-controller', position=0} with description:Album Controller for handler method:addAlbum
2019-02-14 21:26:06.857 INFO  --- [main] com.mangofactory.swagger.core.ClassOrApiAnnotationResourceGrouping Line:50  - Group for method detail was announcement-c-ontroller
2019-02-14 21:26:06.857 INFO  --- [main] com.mangofactory.swagger.scanners.ApiListingReferenceScanner Line:78  - Request mapping: detail belongs to groups: [[ResourceGroup{groupName='announcement-c-ontroller', position=0}]] 
2019-02-14 21:26:06.858 INFO  --- [main] com.mangofactory.swagger.scanners.ApiListingReferenceScanner Line:82  - Adding resource to group:ResourceGroup{groupName='announcement-c-ontroller', position=0} with description:Announcement C Ontroller for handler method:detail
2019-02-14 21:26:06.858 INFO  --- [main] com.mangofactory.swagger.core.ClassOrApiAnnotationResourceGrouping Line:50  - Group for method selectAnnounce was announcement-c-ontroller
2019-02-14 21:26:06.858 INFO  --- [main] com.mangofactory.swagger.scanners.ApiListingReferenceScanner Line:78  - Request mapping: selectAnnounce belongs to groups: [[ResourceGroup{groupName='announcement-c-ontroller', position=0}]] 
2019-02-14 21:26:06.859 INFO  --- [main] com.mangofactory.swagger.scanners.ApiListingReferenceScanner Line:82  - Adding resource to group:ResourceGroup{groupName='announcement-c-ontroller', position=0} with description:Announcement C Ontroller for handler method:selectAnnounce
2019-02-14 21:26:06.859 INFO  --- [main] com.mangofactory.swagger.core.ClassOrApiAnnotationResourceGrouping Line:50  - Group for method updateFirst was announcement-c-ontroller
2019-02-14 21:26:06.859 INFO  --- [main] com.mangofactory.swagger.scanners.ApiListingReferenceScanner Line:78  - Request mapping: updateFirst belongs to groups: [[ResourceGroup{groupName='announcement-c-ontroller', position=0}]] 
2019-02-14 21:26:06.859 INFO  --- [main] com.mangofactory.swagger.scanners.ApiListingReferenceScanner Line:82  - Adding resource to group:ResourceGroup{groupName='announcement-c-ontroller', position=0} with description:Announcement C Ontroller for handler method:updateFirst
2019-02-14 21:26:06.860 INFO  --- [main] com.mangofactory.swagger.core.ClassOrApiAnnotationResourceGrouping Line:50  - Group for method selectClass was announcement-c-ontroller
2019-02-14 21:26:06.860 INFO  --- [main] com.mangofactory.swagger.scanners.ApiListingReferenceScanner Line:78  - Request mapping: selectClass belongs to groups: [[ResourceGroup{groupName='announcement-c-ontroller', position=0}]] 
2019-02-14 21:26:06.860 INFO  --- [main] com.mangofactory.swagger.scanners.ApiListingReferenceScanner Line:82  - Adding resource to group:ResourceGroup{groupName='announcement-c-ontroller', position=0} with description:Announcement C Ontroller for handler method:selectClass
2019-02-14 21:26:06.861 INFO  --- [main] com.mangofactory.swagger.core.ClassOrApiAnnotationResourceGrouping Line:50  - Group for method addNews was announcement-c-ontroller
2019-02-14 21:26:06.861 INFO  --- [main] com.mangofactory.swagger.scanners.ApiListingReferenceScanner Line:78  - Request mapping: addNews belongs to groups: [[ResourceGroup{groupName='announcement-c-ontroller', position=0}]] 
2019-02-14 21:26:06.861 INFO  --- [main] com.mangofactory.swagger.scanners.ApiListingReferenceScanner Line:82  - Adding resource to group:ResourceGroup{groupName='announcement-c-ontroller', position=0} with description:Announcement C Ontroller for handler method:addNews
2019-02-14 21:26:06.862 INFO  --- [main] com.mangofactory.swagger.core.ClassOrApiAnnotationResourceGrouping Line:50  - Group for method updateAnnounce was announcement-c-ontroller
2019-02-14 21:26:06.862 INFO  --- [main] com.mangofactory.swagger.scanners.ApiListingReferenceScanner Line:78  - Request mapping: updateAnnounce belongs to groups: [[ResourceGroup{groupName='announcement-c-ontroller', position=0}]] 
2019-02-14 21:26:06.863 INFO  --- [main] com.mangofactory.swagger.scanners.ApiListingReferenceScanner Line:82  - Adding resource to group:ResourceGroup{groupName='announcement-c-ontroller', position=0} with description:Announcement C Ontroller for handler method:updateAnnounce
2019-02-14 21:26:06.863 INFO  --- [main] com.mangofactory.swagger.core.ClassOrApiAnnotationResourceGrouping Line:50  - Group for method addComment was comment-controller
2019-02-14 21:26:06.863 INFO  --- [main] com.mangofactory.swagger.scanners.ApiListingReferenceScanner Line:78  - Request mapping: addComment belongs to groups: [[ResourceGroup{groupName='comment-controller', position=0}]] 
2019-02-14 21:26:06.863 INFO  --- [main] com.mangofactory.swagger.scanners.ApiListingReferenceScanner Line:82  - Adding resource to group:ResourceGroup{groupName='comment-controller', position=0} with description:Comment Controller for handler method:addComment
2019-02-14 21:26:06.864 INFO  --- [main] com.mangofactory.swagger.core.ClassOrApiAnnotationResourceGrouping Line:50  - Group for method selectComment was comment-controller
2019-02-14 21:26:06.864 INFO  --- [main] com.mangofactory.swagger.scanners.ApiListingReferenceScanner Line:78  - Request mapping: selectComment belongs to groups: [[ResourceGroup{groupName='comment-controller', position=0}]] 
2019-02-14 21:26:06.864 INFO  --- [main] com.mangofactory.swagger.scanners.ApiListingReferenceScanner Line:82  - Adding resource to group:ResourceGroup{groupName='comment-controller', position=0} with description:Comment Controller for handler method:selectComment
2019-02-14 21:26:06.865 INFO  --- [main] com.mangofactory.swagger.core.ClassOrApiAnnotationResourceGrouping Line:50  - Group for method showPhotos was image-controller
2019-02-14 21:26:06.865 INFO  --- [main] com.mangofactory.swagger.scanners.ApiListingReferenceScanner Line:78  - Request mapping: showPhotos belongs to groups: [[ResourceGroup{groupName='image-controller', position=0}]] 
2019-02-14 21:26:06.865 INFO  --- [main] com.mangofactory.swagger.scanners.ApiListingReferenceScanner Line:82  - Adding resource to group:ResourceGroup{groupName='image-controller', position=0} with description:Image Controller for handler method:showPhotos
2019-02-14 21:26:06.865 INFO  --- [main] com.mangofactory.swagger.core.ClassOrApiAnnotationResourceGrouping Line:50  - Group for method uploadImg was image-controller
2019-02-14 21:26:06.866 INFO  --- [main] com.mangofactory.swagger.scanners.ApiListingReferenceScanner Line:78  - Request mapping: uploadImg belongs to groups: [[ResourceGroup{groupName='image-controller', position=0}]] 
2019-02-14 21:26:06.866 INFO  --- [main] com.mangofactory.swagger.scanners.ApiListingReferenceScanner Line:82  - Adding resource to group:ResourceGroup{groupName='image-controller', position=0} with description:Image Controller for handler method:uploadImg
2019-02-14 21:26:06.866 INFO  --- [main] com.mangofactory.swagger.core.ClassOrApiAnnotationResourceGrouping Line:50  - Group for method uploadImg1 was image-controller
2019-02-14 21:26:06.866 INFO  --- [main] com.mangofactory.swagger.scanners.ApiListingReferenceScanner Line:78  - Request mapping: uploadImg1 belongs to groups: [[ResourceGroup{groupName='image-controller', position=0}]] 
2019-02-14 21:26:06.867 INFO  --- [main] com.mangofactory.swagger.scanners.ApiListingReferenceScanner Line:82  - Adding resource to group:ResourceGroup{groupName='image-controller', position=0} with description:Image Controller for handler method:uploadImg1
2019-02-14 21:26:06.867 INFO  --- [main] com.mangofactory.swagger.core.ClassOrApiAnnotationResourceGrouping Line:50  - Group for method addInvitation was invitation-controller
2019-02-14 21:26:06.867 INFO  --- [main] com.mangofactory.swagger.scanners.ApiListingReferenceScanner Line:78  - Request mapping: addInvitation belongs to groups: [[ResourceGroup{groupName='invitation-controller', position=0}]] 
2019-02-14 21:26:06.867 INFO  --- [main] com.mangofactory.swagger.scanners.ApiListingReferenceScanner Line:82  - Adding resource to group:ResourceGroup{groupName='invitation-controller', position=0} with description:Invitation Controller for handler method:addInvitation
2019-02-14 21:26:06.868 INFO  --- [main] com.mangofactory.swagger.core.ClassOrApiAnnotationResourceGrouping Line:50  - Group for method invitationDetail was invitation-controller
2019-02-14 21:26:06.868 INFO  --- [main] com.mangofactory.swagger.scanners.ApiListingReferenceScanner Line:78  - Request mapping: invitationDetail belongs to groups: [[ResourceGroup{groupName='invitation-controller', position=0}]] 
2019-02-14 21:26:06.868 INFO  --- [main] com.mangofactory.swagger.scanners.ApiListingReferenceScanner Line:82  - Adding resource to group:ResourceGroup{groupName='invitation-controller', position=0} with description:Invitation Controller for handler method:invitationDetail
2019-02-14 21:26:06.869 INFO  --- [main] com.mangofactory.swagger.core.ClassOrApiAnnotationResourceGrouping Line:50  - Group for method selectInvitation was invitation-controller
2019-02-14 21:26:06.869 INFO  --- [main] com.mangofactory.swagger.scanners.ApiListingReferenceScanner Line:78  - Request mapping: selectInvitation belongs to groups: [[ResourceGroup{groupName='invitation-controller', position=0}]] 
2019-02-14 21:26:06.869 INFO  --- [main] com.mangofactory.swagger.scanners.ApiListingReferenceScanner Line:82  - Adding resource to group:ResourceGroup{groupName='invitation-controller', position=0} with description:Invitation Controller for handler method:selectInvitation
2019-02-14 21:26:06.870 INFO  --- [main] com.mangofactory.swagger.core.ClassOrApiAnnotationResourceGrouping Line:50  - Group for method deleteInvitation was invitation-controller
2019-02-14 21:26:06.870 INFO  --- [main] com.mangofactory.swagger.scanners.ApiListingReferenceScanner Line:78  - Request mapping: deleteInvitation belongs to groups: [[ResourceGroup{groupName='invitation-controller', position=0}]] 
2019-02-14 21:26:06.870 INFO  --- [main] com.mangofactory.swagger.scanners.ApiListingReferenceScanner Line:82  - Adding resource to group:ResourceGroup{groupName='invitation-controller', position=0} with description:Invitation Controller for handler method:deleteInvitation
2019-02-14 21:26:06.870 INFO  --- [main] com.mangofactory.swagger.core.ClassOrApiAnnotationResourceGrouping Line:50  - Group for method selectClass was new-classify-controller
2019-02-14 21:26:06.870 INFO  --- [main] com.mangofactory.swagger.scanners.ApiListingReferenceScanner Line:78  - Request mapping: selectClass belongs to groups: [[ResourceGroup{groupName='new-classify-controller', position=0}]] 
2019-02-14 21:26:06.870 INFO  --- [main] com.mangofactory.swagger.scanners.ApiListingReferenceScanner Line:82  - Adding resource to group:ResourceGroup{groupName='new-classify-controller', position=0} with description:New Classify Controller for handler method:selectClass
2019-02-14 21:26:06.871 INFO  --- [main] com.mangofactory.swagger.core.ClassOrApiAnnotationResourceGrouping Line:50  - Group for method selectClass was new-classify-controller
2019-02-14 21:26:06.871 INFO  --- [main] com.mangofactory.swagger.scanners.ApiListingReferenceScanner Line:78  - Request mapping: selectClass belongs to groups: [[ResourceGroup{groupName='new-classify-controller', position=0}]] 
2019-02-14 21:26:06.871 INFO  --- [main] com.mangofactory.swagger.scanners.ApiListingReferenceScanner Line:82  - Adding resource to group:ResourceGroup{groupName='new-classify-controller', position=0} with description:New Classify Controller for handler method:selectClass
2019-02-14 21:26:06.871 INFO  --- [main] com.mangofactory.swagger.core.ClassOrApiAnnotationResourceGrouping Line:50  - Group for method addNews was new-classify-controller
2019-02-14 21:26:06.871 INFO  --- [main] com.mangofactory.swagger.scanners.ApiListingReferenceScanner Line:78  - Request mapping: addNews belongs to groups: [[ResourceGroup{groupName='new-classify-controller', position=0}]] 
2019-02-14 21:26:06.872 INFO  --- [main] com.mangofactory.swagger.scanners.ApiListingReferenceScanner Line:82  - Adding resource to group:ResourceGroup{groupName='new-classify-controller', position=0} with description:New Classify Controller for handler method:addNews
2019-02-14 21:26:06.872 INFO  --- [main] com.mangofactory.swagger.core.ClassOrApiAnnotationResourceGrouping Line:50  - Group for method detail was news-controller
2019-02-14 21:26:06.872 INFO  --- [main] com.mangofactory.swagger.scanners.ApiListingReferenceScanner Line:78  - Request mapping: detail belongs to groups: [[ResourceGroup{groupName='news-controller', position=0}]] 
2019-02-14 21:26:06.872 INFO  --- [main] com.mangofactory.swagger.scanners.ApiListingReferenceScanner Line:82  - Adding resource to group:ResourceGroup{groupName='news-controller', position=0} with description:News Controller for handler method:detail
2019-02-14 21:26:06.872 INFO  --- [main] com.mangofactory.swagger.core.ClassOrApiAnnotationResourceGrouping Line:50  - Group for method addNews was news-controller
2019-02-14 21:26:06.872 INFO  --- [main] com.mangofactory.swagger.scanners.ApiListingReferenceScanner Line:78  - Request mapping: addNews belongs to groups: [[ResourceGroup{groupName='news-controller', position=0}]] 
2019-02-14 21:26:06.873 INFO  --- [main] com.mangofactory.swagger.scanners.ApiListingReferenceScanner Line:82  - Adding resource to group:ResourceGroup{groupName='news-controller', position=0} with description:News Controller for handler method:addNews
2019-02-14 21:26:06.873 INFO  --- [main] com.mangofactory.swagger.core.ClassOrApiAnnotationResourceGrouping Line:50  - Group for method deleteNewMain was news-controller
2019-02-14 21:26:06.873 INFO  --- [main] com.mangofactory.swagger.scanners.ApiListingReferenceScanner Line:78  - Request mapping: deleteNewMain belongs to groups: [[ResourceGroup{groupName='news-controller', position=0}]] 
2019-02-14 21:26:06.874 INFO  --- [main] com.mangofactory.swagger.scanners.ApiListingReferenceScanner Line:82  - Adding resource to group:ResourceGroup{groupName='news-controller', position=0} with description:News Controller for handler method:deleteNewMain
2019-02-14 21:26:06.874 INFO  --- [main] com.mangofactory.swagger.core.ClassOrApiAnnotationResourceGrouping Line:50  - Group for method updateNewMain was news-controller
2019-02-14 21:26:06.874 INFO  --- [main] com.mangofactory.swagger.scanners.ApiListingReferenceScanner Line:78  - Request mapping: updateNewMain belongs to groups: [[ResourceGroup{groupName='news-controller', position=0}]] 
2019-02-14 21:26:06.874 INFO  --- [main] com.mangofactory.swagger.scanners.ApiListingReferenceScanner Line:82  - Adding resource to group:ResourceGroup{groupName='news-controller', position=0} with description:News Controller for handler method:updateNewMain
2019-02-14 21:26:06.875 INFO  --- [main] com.mangofactory.swagger.core.ClassOrApiAnnotationResourceGrouping Line:50  - Group for method selectNewsMain was news-controller
2019-02-14 21:26:06.875 INFO  --- [main] com.mangofactory.swagger.scanners.ApiListingReferenceScanner Line:78  - Request mapping: selectNewsMain belongs to groups: [[ResourceGroup{groupName='news-controller', position=0}]] 
2019-02-14 21:26:06.875 INFO  --- [main] com.mangofactory.swagger.scanners.ApiListingReferenceScanner Line:82  - Adding resource to group:ResourceGroup{groupName='news-controller', position=0} with description:News Controller for handler method:selectNewsMain
2019-02-14 21:26:06.875 INFO  --- [main] com.mangofactory.swagger.core.ClassOrApiAnnotationResourceGrouping Line:50  - Group for method addPhoto was photo-controller
2019-02-14 21:26:06.876 INFO  --- [main] com.mangofactory.swagger.scanners.ApiListingReferenceScanner Line:78  - Request mapping: addPhoto belongs to groups: [[ResourceGroup{groupName='photo-controller', position=0}]] 
2019-02-14 21:26:06.876 INFO  --- [main] com.mangofactory.swagger.scanners.ApiListingReferenceScanner Line:82  - Adding resource to group:ResourceGroup{groupName='photo-controller', position=0} with description:Photo Controller for handler method:addPhoto
2019-02-14 21:26:06.876 INFO  --- [main] com.mangofactory.swagger.core.ClassOrApiAnnotationResourceGrouping Line:50  - Group for method selectPhoto was photo-controller
2019-02-14 21:26:06.876 INFO  --- [main] com.mangofactory.swagger.scanners.ApiListingReferenceScanner Line:78  - Request mapping: selectPhoto belongs to groups: [[ResourceGroup{groupName='photo-controller', position=0}]] 
2019-02-14 21:26:06.877 INFO  --- [main] com.mangofactory.swagger.scanners.ApiListingReferenceScanner Line:82  - Adding resource to group:ResourceGroup{groupName='photo-controller', position=0} with description:Photo Controller for handler method:selectPhoto
2019-02-14 21:26:06.877 INFO  --- [main] com.mangofactory.swagger.core.ClassOrApiAnnotationResourceGrouping Line:50  - Group for method deletePhoto was photo-controller
2019-02-14 21:26:06.877 INFO  --- [main] com.mangofactory.swagger.scanners.ApiListingReferenceScanner Line:78  - Request mapping: deletePhoto belongs to groups: [[ResourceGroup{groupName='photo-controller', position=0}]] 
2019-02-14 21:26:06.877 INFO  --- [main] com.mangofactory.swagger.scanners.ApiListingReferenceScanner Line:82  - Adding resource to group:ResourceGroup{groupName='photo-controller', position=0} with description:Photo Controller for handler method:deletePhoto
2019-02-14 21:26:06.878 INFO  --- [main] com.mangofactory.swagger.core.ClassOrApiAnnotationResourceGrouping Line:50  - Group for method beCover was photo-controller
2019-02-14 21:26:06.878 INFO  --- [main] com.mangofactory.swagger.scanners.ApiListingReferenceScanner Line:78  - Request mapping: beCover belongs to groups: [[ResourceGroup{groupName='photo-controller', position=0}]] 
2019-02-14 21:26:06.878 INFO  --- [main] com.mangofactory.swagger.scanners.ApiListingReferenceScanner Line:82  - Adding resource to group:ResourceGroup{groupName='photo-controller', position=0} with description:Photo Controller for handler method:beCover
2019-02-14 21:26:06.879 INFO  --- [main] com.mangofactory.swagger.core.ClassOrApiAnnotationResourceGrouping Line:50  - Group for method register was user-controller
2019-02-14 21:26:06.879 INFO  --- [main] com.mangofactory.swagger.scanners.ApiListingReferenceScanner Line:78  - Request mapping: register belongs to groups: [[ResourceGroup{groupName='user-controller', position=0}]] 
2019-02-14 21:26:06.879 INFO  --- [main] com.mangofactory.swagger.scanners.ApiListingReferenceScanner Line:82  - Adding resource to group:ResourceGroup{groupName='user-controller', position=0} with description:user Controller for handler method:register
2019-02-14 21:26:06.879 INFO  --- [main] com.mangofactory.swagger.core.ClassOrApiAnnotationResourceGrouping Line:50  - Group for method getUserInfo was user-controller
2019-02-14 21:26:06.880 INFO  --- [main] com.mangofactory.swagger.scanners.ApiListingReferenceScanner Line:78  - Request mapping: getUserInfo belongs to groups: [[ResourceGroup{groupName='user-controller', position=0}]] 
2019-02-14 21:26:06.894 INFO  --- [main] com.mangofactory.swagger.scanners.ApiListingReferenceScanner Line:82  - Adding resource to group:ResourceGroup{groupName='user-controller', position=0} with description:user Controller for handler method:getUserInfo
2019-02-14 21:26:06.895 INFO  --- [main] com.mangofactory.swagger.core.ClassOrApiAnnotationResourceGrouping Line:50  - Group for method userInfo was user-controller
2019-02-14 21:26:06.895 INFO  --- [main] com.mangofactory.swagger.scanners.ApiListingReferenceScanner Line:78  - Request mapping: userInfo belongs to groups: [[ResourceGroup{groupName='user-controller', position=0}]] 
2019-02-14 21:26:06.895 INFO  --- [main] com.mangofactory.swagger.scanners.ApiListingReferenceScanner Line:82  - Adding resource to group:ResourceGroup{groupName='user-controller', position=0} with description:user Controller for handler method:userInfo
2019-02-14 21:26:06.896 INFO  --- [main] com.mangofactory.swagger.core.ClassOrApiAnnotationResourceGrouping Line:50  - Group for method updateUserImageByMy was user-controller
2019-02-14 21:26:06.896 INFO  --- [main] com.mangofactory.swagger.scanners.ApiListingReferenceScanner Line:78  - Request mapping: updateUserImageByMy belongs to groups: [[ResourceGroup{groupName='user-controller', position=0}]] 
2019-02-14 21:26:06.896 INFO  --- [main] com.mangofactory.swagger.scanners.ApiListingReferenceScanner Line:82  - Adding resource to group:ResourceGroup{groupName='user-controller', position=0} with description:user Controller for handler method:updateUserImageByMy
2019-02-14 21:26:06.896 INFO  --- [main] com.mangofactory.swagger.core.ClassOrApiAnnotationResourceGrouping Line:50  - Group for method beAdmin was user-controller
2019-02-14 21:26:06.897 INFO  --- [main] com.mangofactory.swagger.scanners.ApiListingReferenceScanner Line:78  - Request mapping: beAdmin belongs to groups: [[ResourceGroup{groupName='user-controller', position=0}]] 
2019-02-14 21:26:06.897 INFO  --- [main] com.mangofactory.swagger.scanners.ApiListingReferenceScanner Line:82  - Adding resource to group:ResourceGroup{groupName='user-controller', position=0} with description:user Controller for handler method:beAdmin
2019-02-14 21:26:06.897 INFO  --- [main] com.mangofactory.swagger.core.ClassOrApiAnnotationResourceGrouping Line:50  - Group for method updateUserInfo was user-controller
2019-02-14 21:26:06.898 INFO  --- [main] com.mangofactory.swagger.scanners.ApiListingReferenceScanner Line:78  - Request mapping: updateUserInfo belongs to groups: [[ResourceGroup{groupName='user-controller', position=0}]] 
2019-02-14 21:26:06.898 INFO  --- [main] com.mangofactory.swagger.scanners.ApiListingReferenceScanner Line:82  - Adding resource to group:ResourceGroup{groupName='user-controller', position=0} with description:user Controller for handler method:updateUserInfo
2019-02-14 21:26:06.900 INFO  --- [main] com.mangofactory.swagger.core.ClassOrApiAnnotationResourceGrouping Line:50  - Group for method login was user-controller
2019-02-14 21:26:06.900 INFO  --- [main] com.mangofactory.swagger.scanners.ApiListingReferenceScanner Line:78  - Request mapping: login belongs to groups: [[ResourceGroup{groupName='user-controller', position=0}]] 
2019-02-14 21:26:06.901 INFO  --- [main] com.mangofactory.swagger.scanners.ApiListingReferenceScanner Line:82  - Adding resource to group:ResourceGroup{groupName='user-controller', position=0} with description:user Controller for handler method:login
2019-02-14 21:26:06.901 INFO  --- [main] com.mangofactory.swagger.core.ClassOrApiAnnotationResourceGrouping Line:50  - Group for method bePlayer was user-controller
2019-02-14 21:26:06.901 INFO  --- [main] com.mangofactory.swagger.scanners.ApiListingReferenceScanner Line:78  - Request mapping: bePlayer belongs to groups: [[ResourceGroup{groupName='user-controller', position=0}]] 
2019-02-14 21:26:06.901 INFO  --- [main] com.mangofactory.swagger.scanners.ApiListingReferenceScanner Line:82  - Adding resource to group:ResourceGroup{groupName='user-controller', position=0} with description:user Controller for handler method:bePlayer
2019-02-14 21:26:06.902 INFO  --- [main] com.mangofactory.swagger.core.ClassOrApiAnnotationResourceGrouping Line:50  - Group for method updateUserImage was user-controller
2019-02-14 21:26:06.902 INFO  --- [main] com.mangofactory.swagger.scanners.ApiListingReferenceScanner Line:78  - Request mapping: updateUserImage belongs to groups: [[ResourceGroup{groupName='user-controller', position=0}]] 
2019-02-14 21:26:06.902 INFO  --- [main] com.mangofactory.swagger.scanners.ApiListingReferenceScanner Line:82  - Adding resource to group:ResourceGroup{groupName='user-controller', position=0} with description:user Controller for handler method:updateUserImage
2019-02-14 21:26:06.902 INFO  --- [main] com.mangofactory.swagger.core.ClassOrApiAnnotationResourceGrouping Line:50  - Group for method selectUser was user-controller
2019-02-14 21:26:06.903 INFO  --- [main] com.mangofactory.swagger.scanners.ApiListingReferenceScanner Line:78  - Request mapping: selectUser belongs to groups: [[ResourceGroup{groupName='user-controller', position=0}]] 
2019-02-14 21:26:06.903 INFO  --- [main] com.mangofactory.swagger.scanners.ApiListingReferenceScanner Line:82  - Adding resource to group:ResourceGroup{groupName='user-controller', position=0} with description:user Controller for handler method:selectUser
2019-02-14 21:26:06.903 INFO  --- [main] com.mangofactory.swagger.core.ClassOrApiAnnotationResourceGrouping Line:50  - Group for method selectUser was user-controller
2019-02-14 21:26:06.903 INFO  --- [main] com.mangofactory.swagger.scanners.ApiListingReferenceScanner Line:78  - Request mapping: selectUser belongs to groups: [[ResourceGroup{groupName='user-controller', position=0}]] 
2019-02-14 21:26:06.904 INFO  --- [main] com.mangofactory.swagger.scanners.ApiListingReferenceScanner Line:82  - Adding resource to group:ResourceGroup{groupName='user-controller', position=0} with description:user Controller for handler method:selectUser
2019-02-14 21:26:06.904 INFO  --- [main] com.mangofactory.swagger.core.ClassOrApiAnnotationResourceGrouping Line:50  - Group for method notPassUser was user-controller
2019-02-14 21:26:06.904 INFO  --- [main] com.mangofactory.swagger.scanners.ApiListingReferenceScanner Line:78  - Request mapping: notPassUser belongs to groups: [[ResourceGroup{groupName='user-controller', position=0}]] 
2019-02-14 21:26:06.904 INFO  --- [main] com.mangofactory.swagger.scanners.ApiListingReferenceScanner Line:82  - Adding resource to group:ResourceGroup{groupName='user-controller', position=0} with description:user Controller for handler method:notPassUser
2019-02-14 21:26:06.905 INFO  --- [main] com.mangofactory.swagger.core.RequestMappingEvaluator Line:74  - Excluding method as it contains the excluded annotation: interface com.mangofactory.swagger.annotations.ApiIgnore
2019-02-14 21:26:06.905 INFO  --- [main] com.mangofactory.swagger.core.RequestMappingEvaluator Line:74  - Excluding method as it contains the excluded annotation: interface com.mangofactory.swagger.annotations.ApiIgnore
2019-02-14 21:26:06.905 INFO  --- [main] com.mangofactory.swagger.core.ClassOrApiAnnotationResourceGrouping Line:50  - Group for method error was basic-error-controller
2019-02-14 21:26:06.905 INFO  --- [main] com.mangofactory.swagger.scanners.ApiListingReferenceScanner Line:78  - Request mapping: error belongs to groups: [[ResourceGroup{groupName='basic-error-controller', position=0}]] 
2019-02-14 21:26:06.906 INFO  --- [main] com.mangofactory.swagger.scanners.ApiListingReferenceScanner Line:82  - Adding resource to group:ResourceGroup{groupName='basic-error-controller', position=0} with description:Basic Error Controller for handler method:error
2019-02-14 21:26:06.906 INFO  --- [main] com.mangofactory.swagger.core.ClassOrApiAnnotationResourceGrouping Line:50  - Group for method errorHtml was basic-error-controller
2019-02-14 21:26:06.906 INFO  --- [main] com.mangofactory.swagger.scanners.ApiListingReferenceScanner Line:78  - Request mapping: errorHtml belongs to groups: [[ResourceGroup{groupName='basic-error-controller', position=0}]] 
2019-02-14 21:26:06.907 INFO  --- [main] com.mangofactory.swagger.scanners.ApiListingReferenceScanner Line:82  - Adding resource to group:ResourceGroup{groupName='basic-error-controller', position=0} with description:Basic Error Controller for handler method:errorHtml
2019-02-14 21:26:06.920 INFO  --- [main] com.mangofactory.swagger.scanners.ApiListingReferenceScanner Line:96  - Created resource listing Path: /default/photo-controller Description: photo-controller Position: 0
2019-02-14 21:26:06.921 INFO  --- [main] com.mangofactory.swagger.scanners.ApiListingReferenceScanner Line:96  - Created resource listing Path: /default/announcement-c-ontroller Description: announcement-c-ontroller Position: 0
2019-02-14 21:26:06.921 INFO  --- [main] com.mangofactory.swagger.scanners.ApiListingReferenceScanner Line:96  - Created resource listing Path: /default/invitation-controller Description: invitation-controller Position: 0
2019-02-14 21:26:06.921 INFO  --- [main] com.mangofactory.swagger.scanners.ApiListingReferenceScanner Line:96  - Created resource listing Path: /default/image-controller Description: image-controller Position: 0
2019-02-14 21:26:06.921 INFO  --- [main] com.mangofactory.swagger.scanners.ApiListingReferenceScanner Line:96  - Created resource listing Path: /default/user-controller Description: user-controller Position: 0
2019-02-14 21:26:06.921 INFO  --- [main] com.mangofactory.swagger.scanners.ApiListingReferenceScanner Line:96  - Created resource listing Path: /default/news-controller Description: news-controller Position: 0
2019-02-14 21:26:06.921 INFO  --- [main] com.mangofactory.swagger.scanners.ApiListingReferenceScanner Line:96  - Created resource listing Path: /default/basic-error-controller Description: basic-error-controller Position: 0
2019-02-14 21:26:06.921 INFO  --- [main] com.mangofactory.swagger.scanners.ApiListingReferenceScanner Line:96  - Created resource listing Path: /default/album-controller Description: album-controller Position: 0
2019-02-14 21:26:06.922 INFO  --- [main] com.mangofactory.swagger.scanners.ApiListingReferenceScanner Line:96  - Created resource listing Path: /default/comment-controller Description: comment-controller Position: 0
2019-02-14 21:26:06.922 INFO  --- [main] com.mangofactory.swagger.scanners.ApiListingReferenceScanner Line:96  - Created resource listing Path: /default/new-classify-controller Description: new-classify-controller Position: 0
2019-02-14 21:26:08.153 INFO  --- [main] com.mangofactory.swagger.core.SwaggerApiResourceListing Line:89  - Added a resource listing with (10) api resources: 
2019-02-14 21:26:08.154 INFO  --- [main] com.mangofactory.swagger.core.SwaggerApiResourceListing Line:93  -   Album Controller at location: /api-docs/default/album-controller
2019-02-14 21:26:08.154 INFO  --- [main] com.mangofactory.swagger.core.SwaggerApiResourceListing Line:93  -   Announcement C Ontroller at location: /api-docs/default/announcement-c-ontroller
2019-02-14 21:26:08.154 INFO  --- [main] com.mangofactory.swagger.core.SwaggerApiResourceListing Line:93  -   Basic Error Controller at location: /api-docs/default/basic-error-controller
2019-02-14 21:26:08.154 INFO  --- [main] com.mangofactory.swagger.core.SwaggerApiResourceListing Line:93  -   Comment Controller at location: /api-docs/default/comment-controller
2019-02-14 21:26:08.154 INFO  --- [main] com.mangofactory.swagger.core.SwaggerApiResourceListing Line:93  -   Image Controller at location: /api-docs/default/image-controller
2019-02-14 21:26:08.154 INFO  --- [main] com.mangofactory.swagger.core.SwaggerApiResourceListing Line:93  -   Invitation Controller at location: /api-docs/default/invitation-controller
2019-02-14 21:26:08.155 INFO  --- [main] com.mangofactory.swagger.core.SwaggerApiResourceListing Line:93  -   New Classify Controller at location: /api-docs/default/new-classify-controller
2019-02-14 21:26:08.155 INFO  --- [main] com.mangofactory.swagger.core.SwaggerApiResourceListing Line:93  -   News Controller at location: /api-docs/default/news-controller
2019-02-14 21:26:08.155 INFO  --- [main] com.mangofactory.swagger.core.SwaggerApiResourceListing Line:93  -   Photo Controller at location: /api-docs/default/photo-controller
2019-02-14 21:26:08.155 INFO  --- [main] com.mangofactory.swagger.core.SwaggerApiResourceListing Line:93  -   user Controller at location: /api-docs/default/user-controller
2019-02-14 21:26:08.158 INFO  --- [main] org.apache.coyote.http11.Http11NioProtocol Line:180 - Starting ProtocolHandler ["http-nio-9999"]
2019-02-14 21:26:08.173 INFO  --- [main] org.apache.tomcat.util.net.NioSelectorPool Line:180 - Using a shared selector for servlet write/read
2019-02-14 21:26:08.208 INFO  --- [main] com.example.acm.AcmApplication Line:59  - Started AcmApplication in 8.115 seconds (JVM running for 9.358)
2019-02-14 21:26:12.946 INFO  --- [http-nio-9999-exec-1] org.apache.catalina.core.ContainerBase.[Tomcat].[localhost].[/] Line:180 - Initializing Spring FrameworkServlet 'dispatcherServlet'
2019-02-14 21:26:13.010 INFO  --- [http-nio-9999-exec-5] com.example.acm.interceptor.AuthInterceptor Line:33  - -------------------------POST
2019-02-14 21:26:13.010 INFO  --- [http-nio-9999-exec-8] com.example.acm.interceptor.AuthInterceptor Line:33  - -------------------------POST
2019-02-14 21:26:13.019 INFO  --- [http-nio-9999-exec-5] com.example.acm.controller.userController Line:91  - ----------------uID1fd623a290fc46d1997073d040d88942
2019-02-14 21:26:13.100 INFO  --- [http-nio-9999-exec-5] io.lettuce.core.EpollProvider Line:101 - Starting without optional epoll library
2019-02-14 21:26:13.101 INFO  --- [http-nio-9999-exec-5] io.lettuce.core.KqueueProvider Line:101 - Starting without optional kqueue library
2019-02-14 21:26:13.616 INFO  --- [http-nio-9999-exec-8] com.zaxxer.hikari.HikariDataSource Line:110 - HikariPool-1 - Starting...
2019-02-14 21:26:13.784 INFO  --- [http-nio-9999-exec-8] com.zaxxer.hikari.HikariDataSource Line:123 - HikariPool-1 - Start completed.
2019-02-14 21:26:14.104 INFO  --- [http-nio-9999-exec-2] com.example.acm.interceptor.AuthInterceptor Line:33  - -------------------------GET
2019-02-14 21:26:14.104 INFO  --- [http-nio-9999-exec-7] com.example.acm.interceptor.AuthInterceptor Line:33  - -------------------------GET
2019-02-14 21:26:14.104 INFO  --- [http-nio-9999-exec-9] com.example.acm.interceptor.AuthInterceptor Line:33  - -------------------------GET
2019-02-14 21:26:14.104 INFO  --- [http-nio-9999-exec-6] com.example.acm.interceptor.AuthInterceptor Line:33  - -------------------------GET
2019-02-14 21:26:14.104 INFO  --- [http-nio-9999-exec-3] com.example.acm.interceptor.AuthInterceptor Line:33  - -------------------------GET
2019-02-14 21:26:19.489 INFO  --- [http-nio-9999-exec-10] com.example.acm.interceptor.AuthInterceptor Line:33  - -------------------------POST
2019-02-14 21:26:19.490 INFO  --- [http-nio-9999-exec-10] com.example.acm.controller.userController Line:91  - ----------------uID1fd623a290fc46d1997073d040d88942
2019-02-14 21:26:19.551 INFO  --- [http-nio-9999-exec-5] com.example.acm.interceptor.AuthInterceptor Line:33  - -------------------------POST
2019-02-14 21:26:19.553 INFO  --- [http-nio-9999-exec-8] com.example.acm.interceptor.AuthInterceptor Line:33  - -------------------------POST
2019-02-14 21:26:19.634 INFO  --- [http-nio-9999-exec-2] com.example.acm.interceptor.AuthInterceptor Line:33  - -------------------------GET
2019-02-14 21:26:19.634 INFO  --- [http-nio-9999-exec-6] com.example.acm.interceptor.AuthInterceptor Line:33  - -------------------------GET
2019-02-14 21:26:25.269 INFO  --- [http-nio-9999-exec-7] com.example.acm.interceptor.AuthInterceptor Line:33  - -------------------------POST
2019-02-14 21:26:25.269 INFO  --- [http-nio-9999-exec-10] com.example.acm.interceptor.AuthInterceptor Line:33  - -------------------------POST
2019-02-14 21:26:32.189 INFO  --- [http-nio-9999-exec-4] com.example.acm.interceptor.AuthInterceptor Line:33  - -------------------------POST
2019-02-14 21:26:32.189 INFO  --- [http-nio-9999-exec-4] com.example.acm.controller.userController Line:91  - ----------------uID1fd623a290fc46d1997073d040d88942
2019-02-14 21:26:32.256 INFO  --- [http-nio-9999-exec-8] com.example.acm.interceptor.AuthInterceptor Line:33  - -------------------------POST
2019-02-14 21:27:47.846 INFO  --- [http-nio-9999-exec-4] com.example.acm.interceptor.AuthInterceptor Line:33  - -------------------------POST
2019-02-14 21:27:47.846 INFO  --- [http-nio-9999-exec-4] com.example.acm.controller.userController Line:91  - ----------------uID1fd623a290fc46d1997073d040d88942
2019-02-14 21:29:43.753 INFO  --- [http-nio-9999-exec-8] com.example.acm.interceptor.AuthInterceptor Line:33  - -------------------------POST
2019-02-14 21:29:43.754 INFO  --- [http-nio-9999-exec-8] com.example.acm.controller.userController Line:91  - ----------------uID1fd623a290fc46d1997073d040d88942
2019-02-14 21:29:43.771 INFO  --- [http-nio-9999-exec-5] com.example.acm.interceptor.AuthInterceptor Line:33  - -------------------------POST
2019-02-14 21:29:43.772 INFO  --- [http-nio-9999-exec-5] com.example.acm.controller.userController Line:91  - ----------------uID1fd623a290fc46d1997073d040d88942
2019-02-14 21:29:44.021 INFO  --- [http-nio-9999-exec-6] com.example.acm.interceptor.AuthInterceptor Line:33  - -------------------------POST
2019-02-14 21:29:44.022 INFO  --- [http-nio-9999-exec-6] com.example.acm.controller.userController Line:91  - ----------------uID1fd623a290fc46d1997073d040d88942
2019-02-14 21:29:44.032 INFO  --- [http-nio-9999-exec-2] com.example.acm.interceptor.AuthInterceptor Line:33  - -------------------------POST
2019-02-14 21:29:44.034 INFO  --- [http-nio-9999-exec-3] com.example.acm.interceptor.AuthInterceptor Line:33  - -------------------------POST
2019-02-14 21:29:44.509 INFO  --- [http-nio-9999-exec-9] com.example.acm.interceptor.AuthInterceptor Line:33  - -------------------------POST
2019-02-14 21:29:44.509 INFO  --- [http-nio-9999-exec-9] com.example.acm.controller.userController Line:91  - ----------------uID1fd623a290fc46d1997073d040d88942
2019-02-14 21:29:44.528 INFO  --- [http-nio-9999-exec-7] com.example.acm.interceptor.AuthInterceptor Line:33  - -------------------------POST
2019-02-14 21:29:53.760 INFO  --- [http-nio-9999-exec-4] com.example.acm.interceptor.AuthInterceptor Line:33  - -------------------------POST
2019-02-14 21:29:53.762 INFO  --- [http-nio-9999-exec-4] com.example.acm.controller.userController Line:58  - -----------token:1fd623a290fc46d1997073d040d88942
2019-02-14 21:29:53.762 INFO  --- [http-nio-9999-exec-4] com.example.acm.controller.userController Line:59  - usernamegyt
2019-02-14 21:29:53.768 INFO  --- [http-nio-9999-exec-4] com.example.acm.controller.userController Line:68  - gyt
2019-02-14 21:29:53.768 INFO  --- [http-nio-9999-exec-4] com.example.acm.controller.userController Line:69  - userId-----------------2
2019-02-14 21:29:55.518 INFO  --- [http-nio-9999-exec-1] com.example.acm.interceptor.AuthInterceptor Line:33  - -------------------------POST
2019-02-14 21:29:55.519 INFO  --- [http-nio-9999-exec-1] com.example.acm.controller.userController Line:91  - ----------------uID1387a1ff437c4d088560a21aae4ef7b1
2019-02-14 21:29:55.523 INFO  --- [http-nio-9999-exec-1] com.example.acm.controller.BaseController Line:50  - ------uID2
2019-02-14 21:29:55.527 INFO  --- [http-nio-9999-exec-1] com.example.acm.controller.userController Line:105 - gyt
2019-02-14 21:29:55.601 INFO  --- [http-nio-9999-exec-8] com.example.acm.interceptor.AuthInterceptor Line:33  - -------------------------GET
2019-02-14 21:30:01.518 INFO  --- [http-nio-9999-exec-5] com.example.acm.interceptor.AuthInterceptor Line:33  - -------------------------POST
2019-02-14 21:30:01.518 INFO  --- [http-nio-9999-exec-5] com.example.acm.controller.userController Line:91  - ----------------uID1387a1ff437c4d088560a21aae4ef7b1
2019-02-14 21:30:01.522 INFO  --- [http-nio-9999-exec-5] com.example.acm.controller.BaseController Line:50  - ------uID2
2019-02-14 21:30:01.527 INFO  --- [http-nio-9999-exec-5] com.example.acm.controller.userController Line:105 - gyt
2019-02-14 21:30:03.230 INFO  --- [http-nio-9999-exec-3] com.example.acm.interceptor.AuthInterceptor Line:33  - -------------------------POST
2019-02-14 21:30:03.231 INFO  --- [http-nio-9999-exec-9] com.example.acm.interceptor.AuthInterceptor Line:33  - -------------------------POST
2019-02-14 21:30:03.237 INFO  --- [http-nio-9999-exec-9] com.example.acm.controller.BaseController Line:50  - ------uID2
2019-02-14 21:30:03.237 INFO  --- [http-nio-9999-exec-3] com.example.acm.controller.BaseController Line:50  - ------uID2
