2019-01-15 14:09:09.069 INFO  --- [main] com.example.acm.AcmApplication Line:50  - Starting AcmApplication on DESKTOP-03CDSMO with PID 14272 (D:\ACM\acmBackT\acm\target\classes started by ggg in D:\ACM\acmBackT\acm)
2019-01-15 14:09:09.075 INFO  --- [main] com.example.acm.AcmApplication Line:659 - No active profile set, falling back to default profiles: default
2019-01-15 14:09:11.972 INFO  --- [main] org.apache.coyote.http11.Http11NioProtocol Line:180 - Initializing ProtocolHandler ["http-nio-9999"]
2019-01-15 14:09:11.985 INFO  --- [main] org.apache.catalina.core.StandardService Line:180 - Starting service [Tomcat]
2019-01-15 14:09:11.986 INFO  --- [main] org.apache.catalina.core.StandardEngine Line:180 - Starting Servlet Engine: Apache Tomcat/8.5.31
2019-01-15 14:09:11.997 INFO  --- [localhost-startStop-1] org.apache.catalina.core.AprLifecycleListener Line:180 - The APR based Apache Tomcat Native library which allows optimal performance in production environments was not found on the java.library.path: [C:\Program Files\Java\jdk1.8.0_151\bin;C:\WINDOWS\Sun\Java\bin;C:\WINDOWS\system32;C:\WINDOWS;C:\ProgramData\Oracle\Java\javapath;C:\Windows\system32;C:\Windows;C:\Windows\System32\Wbem;C:\Windows\System32\WindowsPowerShell\v1.0\;C:\Users\ggg\tomcat\apache-tomcat-7.0.82\lib;C:\Program Files\Java\jdk1.8.0_151\bin;C:\Users\ggg\apache-maven-3.5.2\bin;C:\Users\ggg\hadoop\hadoop-2.7.4\bin;C:\Users\ggg\hadoop\hadoop-2.7.4\sbin;C:\Program Files\hadoop\hadoop-2.7.4\bin;C:\Program Files\hadoop\hadoop-2.7.4\sbin;C:\Python27;C:\Program Files\PuTTY\;C:\Python27\Lib\site-packages\django\bin;C:\Python27\Scripts;C:\Program Files\MySQL\MySQL Server 5.7\bin;C:\Users\ggg\SDK\tools;C:\Users\ggg\SDK\platform-tools;D:\Git\cmd;D:\nodej\;C:\Program Files\dotnet\;C:\Program Files (x86)\NVIDIA Corporation\PhysX\Common;%SystemRoot%\system32;%SystemRoot%;%SystemRoot%\System32\Wbem;%SYSTEMROOT%\System32\WindowsPowerShell\v1.0\;%SYSTEMROOT%\System32\OpenSSH\;C:\Users\ggg\AppData\Local\Microsoft\WindowsApps;C:\Users\ggg\SSH Secure Shell;D:\GO\bin;C:\Users\ggg\AppData\Roaming\npm;D:\Microsoft VS Code\bin;;.]
2019-01-15 14:09:12.157 INFO  --- [localhost-startStop-1] org.apache.catalina.core.ContainerBase.[Tomcat].[localhost].[/] Line:180 - Initializing Spring embedded WebApplicationContext
2019-01-15 14:09:15.714 INFO  --- [main] com.mangofactory.swagger.plugin.SwaggerPluginAdapter Line:33  - Context refreshed
2019-01-15 14:09:15.715 INFO  --- [main] com.mangofactory.swagger.plugin.SwaggerPluginAdapter Line:46  - Found custom SwaggerSpringMvcPlugins
2019-01-15 14:09:15.716 INFO  --- [main] com.mangofactory.swagger.plugin.SwaggerPluginAdapter Line:50  - initializing plugin bean customImplementation
2019-01-15 14:09:15.736 INFO  --- [main] com.mangofactory.swagger.scanners.ApiListingReferenceScanner Line:55  - Scanning for api listing references
2019-01-15 14:09:15.742 INFO  --- [main] com.mangofactory.swagger.core.ClassOrApiAnnotationResourceGrouping Line:50  - Group for method selectClass was announcement-c-ontroller
2019-01-15 14:09:15.744 INFO  --- [main] com.mangofactory.swagger.scanners.ApiListingReferenceScanner Line:78  - Request mapping: selectClass belongs to groups: [[ResourceGroup{groupName='announcement-c-ontroller', position=0}]] 
2019-01-15 14:09:15.745 INFO  --- [main] com.mangofactory.swagger.scanners.ApiListingReferenceScanner Line:82  - Adding resource to group:ResourceGroup{groupName='announcement-c-ontroller', position=0} with description:Announcement C Ontroller for handler method:selectClass
2019-01-15 14:09:15.745 INFO  --- [main] com.mangofactory.swagger.core.ClassOrApiAnnotationResourceGrouping Line:50  - Group for method updateAnnounce was announcement-c-ontroller
2019-01-15 14:09:15.746 INFO  --- [main] com.mangofactory.swagger.scanners.ApiListingReferenceScanner Line:78  - Request mapping: updateAnnounce belongs to groups: [[ResourceGroup{groupName='announcement-c-ontroller', position=0}]] 
2019-01-15 14:09:15.746 INFO  --- [main] com.mangofactory.swagger.scanners.ApiListingReferenceScanner Line:82  - Adding resource to group:ResourceGroup{groupName='announcement-c-ontroller', position=0} with description:Announcement C Ontroller for handler method:updateAnnounce
2019-01-15 14:09:15.747 INFO  --- [main] com.mangofactory.swagger.core.ClassOrApiAnnotationResourceGrouping Line:50  - Group for method addNews was announcement-c-ontroller
2019-01-15 14:09:15.747 INFO  --- [main] com.mangofactory.swagger.scanners.ApiListingReferenceScanner Line:78  - Request mapping: addNews belongs to groups: [[ResourceGroup{groupName='announcement-c-ontroller', position=0}]] 
2019-01-15 14:09:15.747 INFO  --- [main] com.mangofactory.swagger.scanners.ApiListingReferenceScanner Line:82  - Adding resource to group:ResourceGroup{groupName='announcement-c-ontroller', position=0} with description:Announcement C Ontroller for handler method:addNews
2019-01-15 14:09:15.748 INFO  --- [main] com.mangofactory.swagger.core.ClassOrApiAnnotationResourceGrouping Line:50  - Group for method selectAnnounce was announcement-c-ontroller
2019-01-15 14:09:15.748 INFO  --- [main] com.mangofactory.swagger.scanners.ApiListingReferenceScanner Line:78  - Request mapping: selectAnnounce belongs to groups: [[ResourceGroup{groupName='announcement-c-ontroller', position=0}]] 
2019-01-15 14:09:15.749 INFO  --- [main] com.mangofactory.swagger.scanners.ApiListingReferenceScanner Line:82  - Adding resource to group:ResourceGroup{groupName='announcement-c-ontroller', position=0} with description:Announcement C Ontroller for handler method:selectAnnounce
2019-01-15 14:09:15.749 INFO  --- [main] com.mangofactory.swagger.core.ClassOrApiAnnotationResourceGrouping Line:50  - Group for method uploadImg was image-controller
2019-01-15 14:09:15.749 INFO  --- [main] com.mangofactory.swagger.scanners.ApiListingReferenceScanner Line:78  - Request mapping: uploadImg belongs to groups: [[ResourceGroup{groupName='image-controller', position=0}]] 
2019-01-15 14:09:15.750 INFO  --- [main] com.mangofactory.swagger.scanners.ApiListingReferenceScanner Line:82  - Adding resource to group:ResourceGroup{groupName='image-controller', position=0} with description:Image Controller for handler method:uploadImg
2019-01-15 14:09:15.750 INFO  --- [main] com.mangofactory.swagger.core.ClassOrApiAnnotationResourceGrouping Line:50  - Group for method showPhotos was image-controller
2019-01-15 14:09:15.750 INFO  --- [main] com.mangofactory.swagger.scanners.ApiListingReferenceScanner Line:78  - Request mapping: showPhotos belongs to groups: [[ResourceGroup{groupName='image-controller', position=0}]] 
2019-01-15 14:09:15.751 INFO  --- [main] com.mangofactory.swagger.scanners.ApiListingReferenceScanner Line:82  - Adding resource to group:ResourceGroup{groupName='image-controller', position=0} with description:Image Controller for handler method:showPhotos
2019-01-15 14:09:15.751 INFO  --- [main] com.mangofactory.swagger.core.ClassOrApiAnnotationResourceGrouping Line:50  - Group for method selectClass was new-classify-controller
2019-01-15 14:09:15.755 INFO  --- [main] com.mangofactory.swagger.scanners.ApiListingReferenceScanner Line:78  - Request mapping: selectClass belongs to groups: [[ResourceGroup{groupName='new-classify-controller', position=0}]] 
2019-01-15 14:09:15.755 INFO  --- [main] com.mangofactory.swagger.scanners.ApiListingReferenceScanner Line:82  - Adding resource to group:ResourceGroup{groupName='new-classify-controller', position=0} with description:New Classify Controller for handler method:selectClass
2019-01-15 14:09:15.756 INFO  --- [main] com.mangofactory.swagger.core.ClassOrApiAnnotationResourceGrouping Line:50  - Group for method selectClass was new-classify-controller
2019-01-15 14:09:15.756 INFO  --- [main] com.mangofactory.swagger.scanners.ApiListingReferenceScanner Line:78  - Request mapping: selectClass belongs to groups: [[ResourceGroup{groupName='new-classify-controller', position=0}]] 
2019-01-15 14:09:15.756 INFO  --- [main] com.mangofactory.swagger.scanners.ApiListingReferenceScanner Line:82  - Adding resource to group:ResourceGroup{groupName='new-classify-controller', position=0} with description:New Classify Controller for handler method:selectClass
2019-01-15 14:09:15.757 INFO  --- [main] com.mangofactory.swagger.core.ClassOrApiAnnotationResourceGrouping Line:50  - Group for method addNews was new-classify-controller
2019-01-15 14:09:15.757 INFO  --- [main] com.mangofactory.swagger.scanners.ApiListingReferenceScanner Line:78  - Request mapping: addNews belongs to groups: [[ResourceGroup{groupName='new-classify-controller', position=0}]] 
2019-01-15 14:09:15.758 INFO  --- [main] com.mangofactory.swagger.scanners.ApiListingReferenceScanner Line:82  - Adding resource to group:ResourceGroup{groupName='new-classify-controller', position=0} with description:New Classify Controller for handler method:addNews
2019-01-15 14:09:15.758 INFO  --- [main] com.mangofactory.swagger.core.ClassOrApiAnnotationResourceGrouping Line:50  - Group for method register was user-controller
2019-01-15 14:09:15.758 INFO  --- [main] com.mangofactory.swagger.scanners.ApiListingReferenceScanner Line:78  - Request mapping: register belongs to groups: [[ResourceGroup{groupName='user-controller', position=0}]] 
2019-01-15 14:09:15.759 INFO  --- [main] com.mangofactory.swagger.scanners.ApiListingReferenceScanner Line:82  - Adding resource to group:ResourceGroup{groupName='user-controller', position=0} with description:user Controller for handler method:register
2019-01-15 14:09:15.759 INFO  --- [main] com.mangofactory.swagger.core.ClassOrApiAnnotationResourceGrouping Line:50  - Group for method getUserInfo was user-controller
2019-01-15 14:09:15.759 INFO  --- [main] com.mangofactory.swagger.scanners.ApiListingReferenceScanner Line:78  - Request mapping: getUserInfo belongs to groups: [[ResourceGroup{groupName='user-controller', position=0}]] 
2019-01-15 14:09:15.760 INFO  --- [main] com.mangofactory.swagger.scanners.ApiListingReferenceScanner Line:82  - Adding resource to group:ResourceGroup{groupName='user-controller', position=0} with description:user Controller for handler method:getUserInfo
2019-01-15 14:09:15.760 INFO  --- [main] com.mangofactory.swagger.core.ClassOrApiAnnotationResourceGrouping Line:50  - Group for method login was user-controller
2019-01-15 14:09:15.761 INFO  --- [main] com.mangofactory.swagger.scanners.ApiListingReferenceScanner Line:78  - Request mapping: login belongs to groups: [[ResourceGroup{groupName='user-controller', position=0}]] 
2019-01-15 14:09:15.761 INFO  --- [main] com.mangofactory.swagger.scanners.ApiListingReferenceScanner Line:82  - Adding resource to group:ResourceGroup{groupName='user-controller', position=0} with description:user Controller for handler method:login
2019-01-15 14:09:15.762 INFO  --- [main] com.mangofactory.swagger.core.RequestMappingEvaluator Line:74  - Excluding method as it contains the excluded annotation: interface com.mangofactory.swagger.annotations.ApiIgnore
2019-01-15 14:09:15.762 INFO  --- [main] com.mangofactory.swagger.core.RequestMappingEvaluator Line:74  - Excluding method as it contains the excluded annotation: interface com.mangofactory.swagger.annotations.ApiIgnore
2019-01-15 14:09:15.763 INFO  --- [main] com.mangofactory.swagger.core.ClassOrApiAnnotationResourceGrouping Line:50  - Group for method error was basic-error-controller
2019-01-15 14:09:15.763 INFO  --- [main] com.mangofactory.swagger.scanners.ApiListingReferenceScanner Line:78  - Request mapping: error belongs to groups: [[ResourceGroup{groupName='basic-error-controller', position=0}]] 
2019-01-15 14:09:15.764 INFO  --- [main] com.mangofactory.swagger.scanners.ApiListingReferenceScanner Line:82  - Adding resource to group:ResourceGroup{groupName='basic-error-controller', position=0} with description:Basic Error Controller for handler method:error
2019-01-15 14:09:15.765 INFO  --- [main] com.mangofactory.swagger.core.ClassOrApiAnnotationResourceGrouping Line:50  - Group for method errorHtml was basic-error-controller
2019-01-15 14:09:15.765 INFO  --- [main] com.mangofactory.swagger.scanners.ApiListingReferenceScanner Line:78  - Request mapping: errorHtml belongs to groups: [[ResourceGroup{groupName='basic-error-controller', position=0}]] 
2019-01-15 14:09:15.766 INFO  --- [main] com.mangofactory.swagger.scanners.ApiListingReferenceScanner Line:82  - Adding resource to group:ResourceGroup{groupName='basic-error-controller', position=0} with description:Basic Error Controller for handler method:errorHtml
2019-01-15 14:09:15.786 INFO  --- [main] com.mangofactory.swagger.scanners.ApiListingReferenceScanner Line:96  - Created resource listing Path: /default/announcement-c-ontroller Description: announcement-c-ontroller Position: 0
2019-01-15 14:09:15.787 INFO  --- [main] com.mangofactory.swagger.scanners.ApiListingReferenceScanner Line:96  - Created resource listing Path: /default/image-controller Description: image-controller Position: 0
2019-01-15 14:09:15.788 INFO  --- [main] com.mangofactory.swagger.scanners.ApiListingReferenceScanner Line:96  - Created resource listing Path: /default/user-controller Description: user-controller Position: 0
2019-01-15 14:09:15.788 INFO  --- [main] com.mangofactory.swagger.scanners.ApiListingReferenceScanner Line:96  - Created resource listing Path: /default/basic-error-controller Description: basic-error-controller Position: 0
2019-01-15 14:09:15.788 INFO  --- [main] com.mangofactory.swagger.scanners.ApiListingReferenceScanner Line:96  - Created resource listing Path: /default/new-classify-controller Description: new-classify-controller Position: 0
2019-01-15 14:09:16.523 INFO  --- [main] com.mangofactory.swagger.core.SwaggerApiResourceListing Line:89  - Added a resource listing with (5) api resources: 
2019-01-15 14:09:16.524 INFO  --- [main] com.mangofactory.swagger.core.SwaggerApiResourceListing Line:93  -   Announcement C Ontroller at location: /api-docs/default/announcement-c-ontroller
2019-01-15 14:09:16.524 INFO  --- [main] com.mangofactory.swagger.core.SwaggerApiResourceListing Line:93  -   Basic Error Controller at location: /api-docs/default/basic-error-controller
2019-01-15 14:09:16.524 INFO  --- [main] com.mangofactory.swagger.core.SwaggerApiResourceListing Line:93  -   Image Controller at location: /api-docs/default/image-controller
2019-01-15 14:09:16.524 INFO  --- [main] com.mangofactory.swagger.core.SwaggerApiResourceListing Line:93  -   New Classify Controller at location: /api-docs/default/new-classify-controller
2019-01-15 14:09:16.525 INFO  --- [main] com.mangofactory.swagger.core.SwaggerApiResourceListing Line:93  -   user Controller at location: /api-docs/default/user-controller
2019-01-15 14:09:16.528 INFO  --- [main] org.apache.coyote.http11.Http11NioProtocol Line:180 - Starting ProtocolHandler ["http-nio-9999"]
2019-01-15 14:09:16.548 INFO  --- [main] org.apache.tomcat.util.net.NioSelectorPool Line:180 - Using a shared selector for servlet write/read
2019-01-15 14:09:16.634 INFO  --- [main] com.example.acm.AcmApplication Line:59  - Started AcmApplication in 8.121 seconds (JVM running for 10.347)
2019-01-15 22:12:43.120 INFO  --- [http-nio-9999-exec-1] org.apache.catalina.core.ContainerBase.[Tomcat].[localhost].[/] Line:180 - Initializing Spring FrameworkServlet 'dispatcherServlet'
2019-01-15 22:12:43.436 INFO  --- [http-nio-9999-exec-2] com.example.acm.interceptor.AuthInterceptor Line:33  - -------------------------POST
2019-01-15 22:12:43.540 INFO  --- [http-nio-9999-exec-2] com.example.acm.controller.userController Line:90  - ----------------uID29aa2542cccc4255b80ffbd2bb8b00d5
2019-01-15 22:12:44.056 INFO  --- [http-nio-9999-exec-2] io.lettuce.core.EpollProvider Line:101 - Starting without optional epoll library
2019-01-15 22:12:44.057 INFO  --- [http-nio-9999-exec-2] io.lettuce.core.KqueueProvider Line:101 - Starting without optional kqueue library
2019-01-15 22:12:49.457 INFO  --- [http-nio-9999-exec-5] com.example.acm.interceptor.AuthInterceptor Line:33  - -------------------------POST
2019-01-15 22:12:49.458 INFO  --- [http-nio-9999-exec-5] com.example.acm.controller.userController Line:90  - ----------------uID29aa2542cccc4255b80ffbd2bb8b00d5
2019-01-15 22:12:53.486 INFO  --- [http-nio-9999-exec-6] com.example.acm.interceptor.AuthInterceptor Line:33  - -------------------------POST
2019-01-15 22:12:53.487 INFO  --- [http-nio-9999-exec-6] com.example.acm.controller.userController Line:90  - ----------------uID29aa2542cccc4255b80ffbd2bb8b00d5
2019-01-15 22:12:57.022 INFO  --- [http-nio-9999-exec-9] com.example.acm.interceptor.AuthInterceptor Line:33  - -------------------------POST
2019-01-15 22:12:57.022 INFO  --- [http-nio-9999-exec-9] com.example.acm.controller.userController Line:90  - ----------------uID29aa2542cccc4255b80ffbd2bb8b00d5
2019-01-15 22:13:03.250 INFO  --- [http-nio-9999-exec-10] com.example.acm.interceptor.AuthInterceptor Line:33  - -------------------------POST
2019-01-15 22:13:03.250 INFO  --- [http-nio-9999-exec-10] com.example.acm.controller.userController Line:90  - ----------------uID29aa2542cccc4255b80ffbd2bb8b00d5
2019-01-15 22:14:52.691 INFO  --- [main] com.example.acm.AcmApplication Line:50  - Starting AcmApplication on DESKTOP-03CDSMO with PID 1232 (D:\ACM\acmBackT\acm\target\classes started by ggg in D:\ACM\acmBackT\acm)
2019-01-15 22:14:52.693 INFO  --- [main] com.example.acm.AcmApplication Line:659 - No active profile set, falling back to default profiles: default
2019-01-15 22:14:56.522 INFO  --- [main] org.apache.coyote.http11.Http11NioProtocol Line:180 - Initializing ProtocolHandler ["http-nio-9999"]
2019-01-15 22:14:56.537 INFO  --- [main] org.apache.catalina.core.StandardService Line:180 - Starting service [Tomcat]
2019-01-15 22:14:56.538 INFO  --- [main] org.apache.catalina.core.StandardEngine Line:180 - Starting Servlet Engine: Apache Tomcat/8.5.31
2019-01-15 22:14:56.549 INFO  --- [localhost-startStop-1] org.apache.catalina.core.AprLifecycleListener Line:180 - The APR based Apache Tomcat Native library which allows optimal performance in production environments was not found on the java.library.path: [C:\Program Files\Java\jdk1.8.0_151\bin;C:\WINDOWS\Sun\Java\bin;C:\WINDOWS\system32;C:\WINDOWS;C:\ProgramData\Oracle\Java\javapath;C:\Windows\system32;C:\Windows;C:\Windows\System32\Wbem;C:\Windows\System32\WindowsPowerShell\v1.0\;C:\Users\ggg\tomcat\apache-tomcat-7.0.82\lib;C:\Program Files\Java\jdk1.8.0_151\bin;C:\Users\ggg\apache-maven-3.5.2\bin;C:\Users\ggg\hadoop\hadoop-2.7.4\bin;C:\Users\ggg\hadoop\hadoop-2.7.4\sbin;C:\Program Files\hadoop\hadoop-2.7.4\bin;C:\Program Files\hadoop\hadoop-2.7.4\sbin;C:\Python27;C:\Program Files\PuTTY\;C:\Python27\Lib\site-packages\django\bin;C:\Python27\Scripts;C:\Program Files\MySQL\MySQL Server 5.7\bin;C:\Users\ggg\SDK\tools;C:\Users\ggg\SDK\platform-tools;D:\Git\cmd;D:\nodej\;C:\Program Files\dotnet\;C:\Program Files (x86)\NVIDIA Corporation\PhysX\Common;%SystemRoot%\system32;%SystemRoot%;%SystemRoot%\System32\Wbem;%SYSTEMROOT%\System32\WindowsPowerShell\v1.0\;%SYSTEMROOT%\System32\OpenSSH\;C:\Users\ggg\AppData\Local\Microsoft\WindowsApps;C:\Users\ggg\SSH Secure Shell;D:\GO\bin;C:\Users\ggg\AppData\Roaming\npm;D:\Microsoft VS Code\bin;;.]
2019-01-15 22:14:56.736 INFO  --- [localhost-startStop-1] org.apache.catalina.core.ContainerBase.[Tomcat].[localhost].[/] Line:180 - Initializing Spring embedded WebApplicationContext
2019-01-15 22:14:59.911 INFO  --- [main] com.mangofactory.swagger.plugin.SwaggerPluginAdapter Line:33  - Context refreshed
2019-01-15 22:14:59.913 INFO  --- [main] com.mangofactory.swagger.plugin.SwaggerPluginAdapter Line:46  - Found custom SwaggerSpringMvcPlugins
2019-01-15 22:14:59.914 INFO  --- [main] com.mangofactory.swagger.plugin.SwaggerPluginAdapter Line:50  - initializing plugin bean customImplementation
2019-01-15 22:14:59.938 INFO  --- [main] com.mangofactory.swagger.scanners.ApiListingReferenceScanner Line:55  - Scanning for api listing references
2019-01-15 22:14:59.947 INFO  --- [main] com.mangofactory.swagger.core.ClassOrApiAnnotationResourceGrouping Line:50  - Group for method detail was announcement-c-ontroller
2019-01-15 22:14:59.953 INFO  --- [main] com.mangofactory.swagger.scanners.ApiListingReferenceScanner Line:78  - Request mapping: detail belongs to groups: [[ResourceGroup{groupName='announcement-c-ontroller', position=0}]] 
2019-01-15 22:14:59.955 INFO  --- [main] com.mangofactory.swagger.scanners.ApiListingReferenceScanner Line:82  - Adding resource to group:ResourceGroup{groupName='announcement-c-ontroller', position=0} with description:Announcement C Ontroller for handler method:detail
2019-01-15 22:14:59.956 INFO  --- [main] com.mangofactory.swagger.core.ClassOrApiAnnotationResourceGrouping Line:50  - Group for method selectClass was announcement-c-ontroller
2019-01-15 22:14:59.957 INFO  --- [main] com.mangofactory.swagger.scanners.ApiListingReferenceScanner Line:78  - Request mapping: selectClass belongs to groups: [[ResourceGroup{groupName='announcement-c-ontroller', position=0}]] 
2019-01-15 22:14:59.957 INFO  --- [main] com.mangofactory.swagger.scanners.ApiListingReferenceScanner Line:82  - Adding resource to group:ResourceGroup{groupName='announcement-c-ontroller', position=0} with description:Announcement C Ontroller for handler method:selectClass
2019-01-15 22:14:59.958 INFO  --- [main] com.mangofactory.swagger.core.ClassOrApiAnnotationResourceGrouping Line:50  - Group for method updateAnnounce was announcement-c-ontroller
2019-01-15 22:14:59.959 INFO  --- [main] com.mangofactory.swagger.scanners.ApiListingReferenceScanner Line:78  - Request mapping: updateAnnounce belongs to groups: [[ResourceGroup{groupName='announcement-c-ontroller', position=0}]] 
2019-01-15 22:14:59.959 INFO  --- [main] com.mangofactory.swagger.scanners.ApiListingReferenceScanner Line:82  - Adding resource to group:ResourceGroup{groupName='announcement-c-ontroller', position=0} with description:Announcement C Ontroller for handler method:updateAnnounce
2019-01-15 22:14:59.959 INFO  --- [main] com.mangofactory.swagger.core.ClassOrApiAnnotationResourceGrouping Line:50  - Group for method selectAnnounce was announcement-c-ontroller
2019-01-15 22:14:59.962 INFO  --- [main] com.mangofactory.swagger.scanners.ApiListingReferenceScanner Line:78  - Request mapping: selectAnnounce belongs to groups: [[ResourceGroup{groupName='announcement-c-ontroller', position=0}]] 
2019-01-15 22:14:59.963 INFO  --- [main] com.mangofactory.swagger.scanners.ApiListingReferenceScanner Line:82  - Adding resource to group:ResourceGroup{groupName='announcement-c-ontroller', position=0} with description:Announcement C Ontroller for handler method:selectAnnounce
2019-01-15 22:14:59.964 INFO  --- [main] com.mangofactory.swagger.core.ClassOrApiAnnotationResourceGrouping Line:50  - Group for method addNews was announcement-c-ontroller
2019-01-15 22:14:59.965 INFO  --- [main] com.mangofactory.swagger.scanners.ApiListingReferenceScanner Line:78  - Request mapping: addNews belongs to groups: [[ResourceGroup{groupName='announcement-c-ontroller', position=0}]] 
2019-01-15 22:14:59.965 INFO  --- [main] com.mangofactory.swagger.scanners.ApiListingReferenceScanner Line:82  - Adding resource to group:ResourceGroup{groupName='announcement-c-ontroller', position=0} with description:Announcement C Ontroller for handler method:addNews
2019-01-15 22:14:59.967 INFO  --- [main] com.mangofactory.swagger.core.ClassOrApiAnnotationResourceGrouping Line:50  - Group for method showPhotos was image-controller
2019-01-15 22:14:59.968 INFO  --- [main] com.mangofactory.swagger.scanners.ApiListingReferenceScanner Line:78  - Request mapping: showPhotos belongs to groups: [[ResourceGroup{groupName='image-controller', position=0}]] 
2019-01-15 22:14:59.969 INFO  --- [main] com.mangofactory.swagger.scanners.ApiListingReferenceScanner Line:82  - Adding resource to group:ResourceGroup{groupName='image-controller', position=0} with description:Image Controller for handler method:showPhotos
2019-01-15 22:14:59.971 INFO  --- [main] com.mangofactory.swagger.core.ClassOrApiAnnotationResourceGrouping Line:50  - Group for method uploadImg was image-controller
2019-01-15 22:14:59.971 INFO  --- [main] com.mangofactory.swagger.scanners.ApiListingReferenceScanner Line:78  - Request mapping: uploadImg belongs to groups: [[ResourceGroup{groupName='image-controller', position=0}]] 
2019-01-15 22:14:59.973 INFO  --- [main] com.mangofactory.swagger.scanners.ApiListingReferenceScanner Line:82  - Adding resource to group:ResourceGroup{groupName='image-controller', position=0} with description:Image Controller for handler method:uploadImg
2019-01-15 22:14:59.974 INFO  --- [main] com.mangofactory.swagger.core.ClassOrApiAnnotationResourceGrouping Line:50  - Group for method selectClass was new-classify-controller
2019-01-15 22:14:59.975 INFO  --- [main] com.mangofactory.swagger.scanners.ApiListingReferenceScanner Line:78  - Request mapping: selectClass belongs to groups: [[ResourceGroup{groupName='new-classify-controller', position=0}]] 
2019-01-15 22:14:59.975 INFO  --- [main] com.mangofactory.swagger.scanners.ApiListingReferenceScanner Line:82  - Adding resource to group:ResourceGroup{groupName='new-classify-controller', position=0} with description:New Classify Controller for handler method:selectClass
2019-01-15 22:14:59.975 INFO  --- [main] com.mangofactory.swagger.core.ClassOrApiAnnotationResourceGrouping Line:50  - Group for method selectClass was new-classify-controller
2019-01-15 22:14:59.980 INFO  --- [main] com.mangofactory.swagger.scanners.ApiListingReferenceScanner Line:78  - Request mapping: selectClass belongs to groups: [[ResourceGroup{groupName='new-classify-controller', position=0}]] 
2019-01-15 22:14:59.981 INFO  --- [main] com.mangofactory.swagger.scanners.ApiListingReferenceScanner Line:82  - Adding resource to group:ResourceGroup{groupName='new-classify-controller', position=0} with description:New Classify Controller for handler method:selectClass
2019-01-15 22:14:59.981 INFO  --- [main] com.mangofactory.swagger.core.ClassOrApiAnnotationResourceGrouping Line:50  - Group for method addNews was new-classify-controller
2019-01-15 22:14:59.982 INFO  --- [main] com.mangofactory.swagger.scanners.ApiListingReferenceScanner Line:78  - Request mapping: addNews belongs to groups: [[ResourceGroup{groupName='new-classify-controller', position=0}]] 
2019-01-15 22:14:59.983 INFO  --- [main] com.mangofactory.swagger.scanners.ApiListingReferenceScanner Line:82  - Adding resource to group:ResourceGroup{groupName='new-classify-controller', position=0} with description:New Classify Controller for handler method:addNews
2019-01-15 22:14:59.985 INFO  --- [main] com.mangofactory.swagger.core.ClassOrApiAnnotationResourceGrouping Line:50  - Group for method register was user-controller
2019-01-15 22:14:59.986 INFO  --- [main] com.mangofactory.swagger.scanners.ApiListingReferenceScanner Line:78  - Request mapping: register belongs to groups: [[ResourceGroup{groupName='user-controller', position=0}]] 
2019-01-15 22:14:59.987 INFO  --- [main] com.mangofactory.swagger.scanners.ApiListingReferenceScanner Line:82  - Adding resource to group:ResourceGroup{groupName='user-controller', position=0} with description:user Controller for handler method:register
2019-01-15 22:14:59.988 INFO  --- [main] com.mangofactory.swagger.core.ClassOrApiAnnotationResourceGrouping Line:50  - Group for method getUserInfo was user-controller
2019-01-15 22:14:59.989 INFO  --- [main] com.mangofactory.swagger.scanners.ApiListingReferenceScanner Line:78  - Request mapping: getUserInfo belongs to groups: [[ResourceGroup{groupName='user-controller', position=0}]] 
2019-01-15 22:14:59.989 INFO  --- [main] com.mangofactory.swagger.scanners.ApiListingReferenceScanner Line:82  - Adding resource to group:ResourceGroup{groupName='user-controller', position=0} with description:user Controller for handler method:getUserInfo
2019-01-15 22:14:59.989 INFO  --- [main] com.mangofactory.swagger.core.ClassOrApiAnnotationResourceGrouping Line:50  - Group for method login was user-controller
2019-01-15 22:14:59.990 INFO  --- [main] com.mangofactory.swagger.scanners.ApiListingReferenceScanner Line:78  - Request mapping: login belongs to groups: [[ResourceGroup{groupName='user-controller', position=0}]] 
2019-01-15 22:14:59.990 INFO  --- [main] com.mangofactory.swagger.scanners.ApiListingReferenceScanner Line:82  - Adding resource to group:ResourceGroup{groupName='user-controller', position=0} with description:user Controller for handler method:login
2019-01-15 22:14:59.990 INFO  --- [main] com.mangofactory.swagger.core.RequestMappingEvaluator Line:74  - Excluding method as it contains the excluded annotation: interface com.mangofactory.swagger.annotations.ApiIgnore
2019-01-15 22:14:59.991 INFO  --- [main] com.mangofactory.swagger.core.RequestMappingEvaluator Line:74  - Excluding method as it contains the excluded annotation: interface com.mangofactory.swagger.annotations.ApiIgnore
2019-01-15 22:14:59.991 INFO  --- [main] com.mangofactory.swagger.core.ClassOrApiAnnotationResourceGrouping Line:50  - Group for method error was basic-error-controller
2019-01-15 22:14:59.994 INFO  --- [main] com.mangofactory.swagger.scanners.ApiListingReferenceScanner Line:78  - Request mapping: error belongs to groups: [[ResourceGroup{groupName='basic-error-controller', position=0}]] 
2019-01-15 22:14:59.995 INFO  --- [main] com.mangofactory.swagger.scanners.ApiListingReferenceScanner Line:82  - Adding resource to group:ResourceGroup{groupName='basic-error-controller', position=0} with description:Basic Error Controller for handler method:error
2019-01-15 22:14:59.995 INFO  --- [main] com.mangofactory.swagger.core.ClassOrApiAnnotationResourceGrouping Line:50  - Group for method errorHtml was basic-error-controller
2019-01-15 22:14:59.996 INFO  --- [main] com.mangofactory.swagger.scanners.ApiListingReferenceScanner Line:78  - Request mapping: errorHtml belongs to groups: [[ResourceGroup{groupName='basic-error-controller', position=0}]] 
2019-01-15 22:14:59.996 INFO  --- [main] com.mangofactory.swagger.scanners.ApiListingReferenceScanner Line:82  - Adding resource to group:ResourceGroup{groupName='basic-error-controller', position=0} with description:Basic Error Controller for handler method:errorHtml
2019-01-15 22:15:00.020 INFO  --- [main] com.mangofactory.swagger.scanners.ApiListingReferenceScanner Line:96  - Created resource listing Path: /default/announcement-c-ontroller Description: announcement-c-ontroller Position: 0
2019-01-15 22:15:00.021 INFO  --- [main] com.mangofactory.swagger.scanners.ApiListingReferenceScanner Line:96  - Created resource listing Path: /default/image-controller Description: image-controller Position: 0
2019-01-15 22:15:00.021 INFO  --- [main] com.mangofactory.swagger.scanners.ApiListingReferenceScanner Line:96  - Created resource listing Path: /default/user-controller Description: user-controller Position: 0
2019-01-15 22:15:00.022 INFO  --- [main] com.mangofactory.swagger.scanners.ApiListingReferenceScanner Line:96  - Created resource listing Path: /default/basic-error-controller Description: basic-error-controller Position: 0
2019-01-15 22:15:00.022 INFO  --- [main] com.mangofactory.swagger.scanners.ApiListingReferenceScanner Line:96  - Created resource listing Path: /default/new-classify-controller Description: new-classify-controller Position: 0
2019-01-15 22:15:00.984 INFO  --- [main] com.mangofactory.swagger.core.SwaggerApiResourceListing Line:89  - Added a resource listing with (5) api resources: 
2019-01-15 22:15:00.985 INFO  --- [main] com.mangofactory.swagger.core.SwaggerApiResourceListing Line:93  -   Announcement C Ontroller at location: /api-docs/default/announcement-c-ontroller
2019-01-15 22:15:00.985 INFO  --- [main] com.mangofactory.swagger.core.SwaggerApiResourceListing Line:93  -   Basic Error Controller at location: /api-docs/default/basic-error-controller
2019-01-15 22:15:00.985 INFO  --- [main] com.mangofactory.swagger.core.SwaggerApiResourceListing Line:93  -   Image Controller at location: /api-docs/default/image-controller
2019-01-15 22:15:00.986 INFO  --- [main] com.mangofactory.swagger.core.SwaggerApiResourceListing Line:93  -   New Classify Controller at location: /api-docs/default/new-classify-controller
2019-01-15 22:15:00.986 INFO  --- [main] com.mangofactory.swagger.core.SwaggerApiResourceListing Line:93  -   user Controller at location: /api-docs/default/user-controller
2019-01-15 22:15:00.988 INFO  --- [main] org.apache.coyote.http11.Http11NioProtocol Line:180 - Starting ProtocolHandler ["http-nio-9999"]
2019-01-15 22:15:01.005 INFO  --- [main] org.apache.tomcat.util.net.NioSelectorPool Line:180 - Using a shared selector for servlet write/read
2019-01-15 22:15:01.088 INFO  --- [main] com.example.acm.AcmApplication Line:59  - Started AcmApplication in 8.919 seconds (JVM running for 9.633)
2019-01-15 22:33:20.966 INFO  --- [http-nio-9999-exec-1] org.apache.catalina.core.ContainerBase.[Tomcat].[localhost].[/] Line:180 - Initializing Spring FrameworkServlet 'dispatcherServlet'
2019-01-15 22:33:21.053 INFO  --- [http-nio-9999-exec-2] com.example.acm.interceptor.AuthInterceptor Line:33  - -------------------------POST
2019-01-15 22:33:21.244 INFO  --- [http-nio-9999-exec-2] io.lettuce.core.EpollProvider Line:101 - Starting without optional epoll library
2019-01-15 22:33:21.246 INFO  --- [http-nio-9999-exec-2] io.lettuce.core.KqueueProvider Line:101 - Starting without optional kqueue library
2019-01-15 22:34:48.357 INFO  --- [http-nio-9999-exec-6] com.example.acm.interceptor.AuthInterceptor Line:33  - -------------------------POST
2019-01-15 22:34:48.464 INFO  --- [http-nio-9999-exec-6] com.zaxxer.hikari.HikariDataSource Line:110 - HikariPool-1 - Starting...
2019-01-15 22:34:48.829 INFO  --- [http-nio-9999-exec-6] com.zaxxer.hikari.HikariDataSource Line:123 - HikariPool-1 - Start completed.
2019-01-15 22:53:49.417 INFO  --- [http-nio-9999-exec-8] com.example.acm.interceptor.AuthInterceptor Line:33  - -------------------------POST
2019-01-15 22:54:06.541 INFO  --- [http-nio-9999-exec-7] com.example.acm.interceptor.AuthInterceptor Line:33  - -------------------------POST
2019-01-15 22:57:27.427 INFO  --- [http-nio-9999-exec-3] com.example.acm.interceptor.AuthInterceptor Line:33  - -------------------------POST
2019-01-15 22:58:21.225 INFO  --- [http-nio-9999-exec-1] com.example.acm.interceptor.AuthInterceptor Line:33  - -------------------------POST
2019-01-15 22:59:29.106 INFO  --- [http-nio-9999-exec-5] com.example.acm.interceptor.AuthInterceptor Line:33  - -------------------------POST
2019-01-15 23:01:41.821 INFO  --- [http-nio-9999-exec-9] com.example.acm.interceptor.AuthInterceptor Line:33  - -------------------------POST
2019-01-15 23:02:09.156 INFO  --- [http-nio-9999-exec-10] com.example.acm.interceptor.AuthInterceptor Line:33  - -------------------------POST
2019-01-15 23:02:13.882 INFO  --- [http-nio-9999-exec-8] com.example.acm.interceptor.AuthInterceptor Line:33  - -------------------------POST
2019-01-15 23:02:31.580 INFO  --- [http-nio-9999-exec-7] com.example.acm.interceptor.AuthInterceptor Line:33  - -------------------------POST
2019-01-15 23:04:05.143 INFO  --- [http-nio-9999-exec-1] com.example.acm.interceptor.AuthInterceptor Line:33  - -------------------------POST
2019-01-15 23:04:14.567 INFO  --- [http-nio-9999-exec-2] com.example.acm.interceptor.AuthInterceptor Line:33  - -------------------------POST
2019-01-15 23:05:45.503 INFO  --- [http-nio-9999-exec-6] com.example.acm.interceptor.AuthInterceptor Line:33  - -------------------------POST
2019-01-15 23:08:06.832 INFO  --- [http-nio-9999-exec-10] com.example.acm.interceptor.AuthInterceptor Line:33  - -------------------------POST
2019-01-15 23:08:38.649 INFO  --- [http-nio-9999-exec-8] com.example.acm.interceptor.AuthInterceptor Line:33  - -------------------------POST
2019-01-15 23:09:20.159 INFO  --- [http-nio-9999-exec-7] com.example.acm.interceptor.AuthInterceptor Line:33  - -------------------------POST
2019-01-15 23:09:44.137 INFO  --- [http-nio-9999-exec-4] com.example.acm.interceptor.AuthInterceptor Line:33  - -------------------------POST
2019-01-15 23:10:20.399 INFO  --- [http-nio-9999-exec-3] com.example.acm.interceptor.AuthInterceptor Line:33  - -------------------------POST
2019-01-15 23:14:11.756 INFO  --- [http-nio-9999-exec-5] com.example.acm.interceptor.AuthInterceptor Line:33  - -------------------------POST
2019-01-15 23:14:45.327 INFO  --- [http-nio-9999-exec-6] com.example.acm.interceptor.AuthInterceptor Line:33  - -------------------------POST
2019-01-15 23:15:08.071 INFO  --- [http-nio-9999-exec-9] com.example.acm.interceptor.AuthInterceptor Line:33  - -------------------------POST
2019-01-15 23:16:57.132 INFO  --- [http-nio-9999-exec-8] com.example.acm.interceptor.AuthInterceptor Line:33  - -------------------------POST
2019-01-15 23:17:00.629 INFO  --- [http-nio-9999-exec-7] com.example.acm.interceptor.AuthInterceptor Line:33  - -------------------------POST
2019-01-15 23:17:30.875 INFO  --- [http-nio-9999-exec-3] com.example.acm.interceptor.AuthInterceptor Line:33  - -------------------------POST
2019-01-15 23:20:40.544 INFO  --- [http-nio-9999-exec-2] com.example.acm.interceptor.AuthInterceptor Line:33  - -------------------------POST
2019-01-15 23:20:56.061 INFO  --- [http-nio-9999-exec-6] com.example.acm.interceptor.AuthInterceptor Line:33  - -------------------------POST
2019-01-15 23:22:42.852 INFO  --- [http-nio-9999-exec-10] com.example.acm.interceptor.AuthInterceptor Line:33  - -------------------------POST
2019-01-15 23:27:36.129 INFO  --- [http-nio-9999-exec-4] com.example.acm.interceptor.AuthInterceptor Line:33  - -------------------------POST
2019-01-15 23:27:57.271 INFO  --- [http-nio-9999-exec-3] com.example.acm.interceptor.AuthInterceptor Line:33  - -------------------------POST
2019-01-15 23:29:00.369 INFO  --- [http-nio-9999-exec-2] com.example.acm.interceptor.AuthInterceptor Line:33  - -------------------------POST
2019-01-15 23:29:00.892 INFO  --- [http-nio-9999-exec-9] com.example.acm.interceptor.AuthInterceptor Line:33  - -------------------------POST
2019-01-15 23:29:00.920 INFO  --- [http-nio-9999-exec-10] com.example.acm.interceptor.AuthInterceptor Line:33  - -------------------------POST
2019-01-15 23:29:00.961 INFO  --- [http-nio-9999-exec-9] com.example.acm.interceptor.AuthInterceptor Line:33  - -------------------------POST
2019-01-15 23:29:00.961 INFO  --- [http-nio-9999-exec-10] com.example.acm.interceptor.AuthInterceptor Line:33  - -------------------------POST
2019-01-15 23:29:09.529 INFO  --- [http-nio-9999-exec-8] com.example.acm.interceptor.AuthInterceptor Line:33  - -------------------------POST
2019-01-15 23:29:09.922 INFO  --- [http-nio-9999-exec-7] com.example.acm.interceptor.AuthInterceptor Line:33  - -------------------------POST
2019-01-15 23:29:09.926 INFO  --- [http-nio-9999-exec-7] com.example.acm.interceptor.AuthInterceptor Line:33  - -------------------------POST
2019-01-15 23:29:09.927 INFO  --- [http-nio-9999-exec-4] com.example.acm.interceptor.AuthInterceptor Line:33  - -------------------------POST
2019-01-15 23:29:09.930 INFO  --- [http-nio-9999-exec-4] com.example.acm.interceptor.AuthInterceptor Line:33  - -------------------------POST
2019-01-15 23:32:01.949 INFO  --- [http-nio-9999-exec-3] com.example.acm.interceptor.AuthInterceptor Line:33  - -------------------------POST
2019-01-15 23:32:02.359 INFO  --- [http-nio-9999-exec-1] com.example.acm.interceptor.AuthInterceptor Line:33  - -------------------------POST
2019-01-15 23:32:02.363 INFO  --- [http-nio-9999-exec-1] com.example.acm.interceptor.AuthInterceptor Line:33  - -------------------------POST
2019-01-15 23:32:02.363 INFO  --- [http-nio-9999-exec-2] com.example.acm.interceptor.AuthInterceptor Line:33  - -------------------------POST
2019-01-15 23:32:02.366 INFO  --- [http-nio-9999-exec-2] com.example.acm.interceptor.AuthInterceptor Line:33  - -------------------------POST
2019-01-15 23:33:15.508 INFO  --- [http-nio-9999-exec-5] com.example.acm.interceptor.AuthInterceptor Line:33  - -------------------------POST
2019-01-15 23:33:15.920 INFO  --- [http-nio-9999-exec-6] com.example.acm.interceptor.AuthInterceptor Line:33  - -------------------------POST
2019-01-15 23:33:15.923 INFO  --- [http-nio-9999-exec-10] com.example.acm.interceptor.AuthInterceptor Line:33  - -------------------------POST
2019-01-15 23:33:15.925 INFO  --- [http-nio-9999-exec-6] com.example.acm.interceptor.AuthInterceptor Line:33  - -------------------------POST
2019-01-15 23:33:15.929 INFO  --- [http-nio-9999-exec-10] com.example.acm.interceptor.AuthInterceptor Line:33  - -------------------------POST
2019-01-15 23:34:12.127 INFO  --- [http-nio-9999-exec-8] com.example.acm.interceptor.AuthInterceptor Line:33  - -------------------------POST
2019-01-15 23:35:39.059 INFO  --- [http-nio-9999-exec-4] com.example.acm.interceptor.AuthInterceptor Line:33  - -------------------------POST
2019-01-15 23:35:39.560 INFO  --- [http-nio-9999-exec-3] com.example.acm.interceptor.AuthInterceptor Line:33  - -------------------------POST
2019-01-15 23:35:39.565 INFO  --- [http-nio-9999-exec-3] com.example.acm.interceptor.AuthInterceptor Line:33  - -------------------------POST
2019-01-15 23:35:39.566 INFO  --- [http-nio-9999-exec-1] com.example.acm.interceptor.AuthInterceptor Line:33  - -------------------------POST
2019-01-15 23:35:39.570 INFO  --- [http-nio-9999-exec-1] com.example.acm.interceptor.AuthInterceptor Line:33  - -------------------------POST
2019-01-15 23:36:17.881 INFO  --- [http-nio-9999-exec-2] com.example.acm.interceptor.AuthInterceptor Line:33  - -------------------------POST
2019-01-15 23:36:18.293 INFO  --- [http-nio-9999-exec-5] com.example.acm.interceptor.AuthInterceptor Line:33  - -------------------------POST
2019-01-15 23:36:18.298 INFO  --- [http-nio-9999-exec-5] com.example.acm.interceptor.AuthInterceptor Line:33  - -------------------------POST
2019-01-15 23:36:18.299 INFO  --- [http-nio-9999-exec-6] com.example.acm.interceptor.AuthInterceptor Line:33  - -------------------------POST
2019-01-15 23:36:18.302 INFO  --- [http-nio-9999-exec-6] com.example.acm.interceptor.AuthInterceptor Line:33  - -------------------------POST
2019-01-15 23:37:14.950 INFO  --- [http-nio-9999-exec-10] com.example.acm.interceptor.AuthInterceptor Line:33  - -------------------------POST
2019-01-15 23:37:40.882 INFO  --- [http-nio-9999-exec-8] com.example.acm.interceptor.AuthInterceptor Line:33  - -------------------------POST
2019-01-15 23:37:41.062 INFO  --- [http-nio-9999-exec-7] com.example.acm.interceptor.AuthInterceptor Line:33  - -------------------------POST
2019-01-15 23:37:41.067 INFO  --- [http-nio-9999-exec-7] com.example.acm.interceptor.AuthInterceptor Line:33  - -------------------------POST
2019-01-15 23:37:41.069 INFO  --- [http-nio-9999-exec-4] com.example.acm.interceptor.AuthInterceptor Line:33  - -------------------------POST
2019-01-15 23:37:41.071 INFO  --- [http-nio-9999-exec-4] com.example.acm.interceptor.AuthInterceptor Line:33  - -------------------------POST
2019-01-15 23:37:50.207 INFO  --- [http-nio-9999-exec-3] com.example.acm.interceptor.AuthInterceptor Line:33  - -------------------------POST
2019-01-15 23:38:18.242 INFO  --- [http-nio-9999-exec-1] com.example.acm.interceptor.AuthInterceptor Line:33  - -------------------------POST
2019-01-15 23:39:25.995 INFO  --- [http-nio-9999-exec-5] com.example.acm.interceptor.AuthInterceptor Line:33  - -------------------------POST
2019-01-15 23:39:41.910 INFO  --- [http-nio-9999-exec-6] com.example.acm.interceptor.AuthInterceptor Line:33  - -------------------------POST
2019-01-15 23:40:16.345 INFO  --- [http-nio-9999-exec-9] com.example.acm.interceptor.AuthInterceptor Line:33  - -------------------------POST
2019-01-15 23:40:22.963 INFO  --- [http-nio-9999-exec-7] com.example.acm.interceptor.AuthInterceptor Line:33  - -------------------------POST
2019-01-15 23:40:38.436 INFO  --- [http-nio-9999-exec-4] com.example.acm.interceptor.AuthInterceptor Line:33  - -------------------------POST
2019-01-15 23:40:49.687 INFO  --- [http-nio-9999-exec-3] com.example.acm.interceptor.AuthInterceptor Line:33  - -------------------------POST
2019-01-15 23:41:05.226 INFO  --- [http-nio-9999-exec-1] com.example.acm.interceptor.AuthInterceptor Line:33  - -------------------------POST
2019-01-15 23:41:33.673 INFO  --- [http-nio-9999-exec-2] com.example.acm.interceptor.AuthInterceptor Line:33  - -------------------------POST
2019-01-15 23:42:08.678 INFO  --- [http-nio-9999-exec-5] com.example.acm.interceptor.AuthInterceptor Line:33  - -------------------------POST
2019-01-15 23:42:32.654 INFO  --- [http-nio-9999-exec-6] com.example.acm.interceptor.AuthInterceptor Line:33  - -------------------------POST
2019-01-15 23:42:48.420 INFO  --- [http-nio-9999-exec-10] com.example.acm.interceptor.AuthInterceptor Line:33  - -------------------------POST
2019-01-15 23:42:53.375 INFO  --- [http-nio-9999-exec-9] com.example.acm.interceptor.AuthInterceptor Line:33  - -------------------------POST
2019-01-15 23:43:42.871 INFO  --- [http-nio-9999-exec-8] com.example.acm.interceptor.AuthInterceptor Line:33  - -------------------------POST
2019-01-15 23:45:22.724 INFO  --- [http-nio-9999-exec-4] com.example.acm.interceptor.AuthInterceptor Line:33  - -------------------------POST
2019-01-15 23:45:28.337 INFO  --- [http-nio-9999-exec-3] com.example.acm.interceptor.AuthInterceptor Line:33  - -------------------------POST
2019-01-15 23:45:38.776 INFO  --- [http-nio-9999-exec-1] com.example.acm.interceptor.AuthInterceptor Line:33  - -------------------------POST
2019-01-15 23:45:49.144 INFO  --- [http-nio-9999-exec-2] com.example.acm.interceptor.AuthInterceptor Line:33  - -------------------------POST
2019-01-15 23:46:00.418 INFO  --- [http-nio-9999-exec-5] com.example.acm.interceptor.AuthInterceptor Line:33  - -------------------------POST
2019-01-15 23:48:28.533 INFO  --- [http-nio-9999-exec-9] com.example.acm.interceptor.AuthInterceptor Line:33  - -------------------------POST
2019-01-15 23:49:22.294 INFO  --- [http-nio-9999-exec-8] com.example.acm.interceptor.AuthInterceptor Line:33  - -------------------------POST
2019-01-15 23:49:34.482 INFO  --- [http-nio-9999-exec-7] com.example.acm.interceptor.AuthInterceptor Line:33  - -------------------------POST
2019-01-15 23:49:39.934 INFO  --- [http-nio-9999-exec-4] com.example.acm.interceptor.AuthInterceptor Line:33  - -------------------------POST
2019-01-15 23:50:31.866 INFO  --- [http-nio-9999-exec-3] com.example.acm.interceptor.AuthInterceptor Line:33  - -------------------------POST
2019-01-15 23:51:12.828 INFO  --- [http-nio-9999-exec-1] com.example.acm.interceptor.AuthInterceptor Line:33  - -------------------------POST
2019-01-15 23:51:25.887 INFO  --- [http-nio-9999-exec-2] com.example.acm.interceptor.AuthInterceptor Line:33  - -------------------------POST
2019-01-15 23:51:43.743 INFO  --- [http-nio-9999-exec-5] com.example.acm.interceptor.AuthInterceptor Line:33  - -------------------------POST
2019-01-15 23:51:55.569 INFO  --- [http-nio-9999-exec-6] com.example.acm.interceptor.AuthInterceptor Line:33  - -------------------------POST
2019-01-15 23:52:02.392 INFO  --- [http-nio-9999-exec-10] com.example.acm.interceptor.AuthInterceptor Line:33  - -------------------------POST
2019-01-15 23:52:51.045 INFO  --- [http-nio-9999-exec-9] com.example.acm.interceptor.AuthInterceptor Line:33  - -------------------------POST
2019-01-15 23:53:13.429 INFO  --- [http-nio-9999-exec-8] com.example.acm.interceptor.AuthInterceptor Line:33  - -------------------------POST
2019-01-15 23:53:14.775 INFO  --- [http-nio-9999-exec-3] com.example.acm.interceptor.AuthInterceptor Line:33  - -------------------------POST
2019-01-15 23:53:14.776 INFO  --- [http-nio-9999-exec-1] com.example.acm.interceptor.AuthInterceptor Line:33  - -------------------------POST
2019-01-15 23:53:14.780 INFO  --- [http-nio-9999-exec-1] com.example.acm.interceptor.AuthInterceptor Line:33  - -------------------------POST
2019-01-15 23:53:14.780 INFO  --- [http-nio-9999-exec-3] com.example.acm.interceptor.AuthInterceptor Line:33  - -------------------------POST
2019-01-15 23:54:00.281 INFO  --- [http-nio-9999-exec-2] com.example.acm.interceptor.AuthInterceptor Line:33  - -------------------------POST
2019-01-15 23:54:17.630 INFO  --- [http-nio-9999-exec-5] com.example.acm.interceptor.AuthInterceptor Line:33  - -------------------------POST
2019-01-15 23:54:19.924 INFO  --- [http-nio-9999-exec-6] com.example.acm.interceptor.AuthInterceptor Line:33  - -------------------------POST
2019-01-15 23:54:19.927 INFO  --- [http-nio-9999-exec-10] com.example.acm.interceptor.AuthInterceptor Line:33  - -------------------------POST
2019-01-15 23:54:19.927 INFO  --- [http-nio-9999-exec-6] com.example.acm.interceptor.AuthInterceptor Line:33  - -------------------------POST
2019-01-15 23:54:19.930 INFO  --- [http-nio-9999-exec-10] com.example.acm.interceptor.AuthInterceptor Line:33  - -------------------------POST
2019-01-15 23:54:44.715 INFO  --- [http-nio-9999-exec-9] com.example.acm.interceptor.AuthInterceptor Line:33  - -------------------------POST
2019-01-15 23:54:45.845 INFO  --- [http-nio-9999-exec-8] com.example.acm.interceptor.AuthInterceptor Line:33  - -------------------------POST
2019-01-15 23:54:47.007 INFO  --- [http-nio-9999-exec-7] com.example.acm.interceptor.AuthInterceptor Line:33  - -------------------------POST
2019-01-15 23:54:47.010 INFO  --- [http-nio-9999-exec-7] com.example.acm.interceptor.AuthInterceptor Line:33  - -------------------------POST
2019-01-15 23:54:47.010 INFO  --- [http-nio-9999-exec-4] com.example.acm.interceptor.AuthInterceptor Line:33  - -------------------------POST
2019-01-15 23:54:47.016 INFO  --- [http-nio-9999-exec-4] com.example.acm.interceptor.AuthInterceptor Line:33  - -------------------------POST
2019-01-15 23:55:36.291 INFO  --- [http-nio-9999-exec-3] com.example.acm.interceptor.AuthInterceptor Line:33  - -------------------------POST
2019-01-15 23:55:38.505 INFO  --- [http-nio-9999-exec-1] com.example.acm.interceptor.AuthInterceptor Line:33  - -------------------------POST
2019-01-15 23:55:38.508 INFO  --- [http-nio-9999-exec-1] com.example.acm.interceptor.AuthInterceptor Line:33  - -------------------------POST
2019-01-15 23:57:33.955 INFO  --- [http-nio-9999-exec-2] com.example.acm.interceptor.AuthInterceptor Line:33  - -------------------------POST
2019-01-15 23:57:46.789 INFO  --- [http-nio-9999-exec-5] com.example.acm.interceptor.AuthInterceptor Line:33  - -------------------------POST
2019-01-15 23:58:53.956 INFO  --- [http-nio-9999-exec-9] com.example.acm.interceptor.AuthInterceptor Line:33  - -------------------------POST
2019-01-15 23:58:55.475 INFO  --- [http-nio-9999-exec-8] com.example.acm.interceptor.AuthInterceptor Line:33  - -------------------------POST
2019-01-15 23:58:55.479 INFO  --- [http-nio-9999-exec-8] com.example.acm.interceptor.AuthInterceptor Line:33  - -------------------------POST
2019-01-15 23:59:12.402 INFO  --- [http-nio-9999-exec-7] com.example.acm.interceptor.AuthInterceptor Line:33  - -------------------------POST
2019-01-15 23:59:14.583 INFO  --- [http-nio-9999-exec-4] com.example.acm.interceptor.AuthInterceptor Line:33  - -------------------------POST
2019-01-15 23:59:50.257 INFO  --- [http-nio-9999-exec-3] com.example.acm.interceptor.AuthInterceptor Line:33  - -------------------------POST
2019-01-15 23:59:51.655 INFO  --- [http-nio-9999-exec-1] com.example.acm.interceptor.AuthInterceptor Line:33  - -------------------------POST
