2019-01-11 00:00:27.401 DEBUG --- [HikariPool-1 housekeeper] com.zaxxer.hikari.pool.HikariPool Line:404 - HikariPool-1 - Pool stats (total=10, active=0, idle=10, waiting=0)
2019-01-11 00:00:58.609 DEBUG --- [HikariPool-1 housekeeper] com.zaxxer.hikari.pool.HikariPool Line:404 - HikariPool-1 - Pool stats (total=10, active=0, idle=10, waiting=0)
2019-01-11 00:01:28.610 DEBUG --- [HikariPool-1 housekeeper] com.zaxxer.hikari.pool.HikariPool Line:404 - HikariPool-1 - Pool stats (total=10, active=0, idle=10, waiting=0)
2019-01-11 00:01:58.612 DEBUG --- [HikariPool-1 housekeeper] com.zaxxer.hikari.pool.HikariPool Line:404 - HikariPool-1 - Pool stats (total=10, active=0, idle=10, waiting=0)
2019-01-11 00:02:28.613 DEBUG --- [HikariPool-1 housekeeper] com.zaxxer.hikari.pool.HikariPool Line:404 - HikariPool-1 - Pool stats (total=10, active=0, idle=10, waiting=0)
2019-01-11 00:02:58.615 DEBUG --- [HikariPool-1 housekeeper] com.zaxxer.hikari.pool.HikariPool Line:404 - HikariPool-1 - Pool stats (total=10, active=0, idle=10, waiting=0)
2019-01-11 00:03:28.617 DEBUG --- [HikariPool-1 housekeeper] com.zaxxer.hikari.pool.HikariPool Line:404 - HikariPool-1 - Pool stats (total=10, active=0, idle=10, waiting=0)
2019-01-11 00:03:58.619 DEBUG --- [HikariPool-1 housekeeper] com.zaxxer.hikari.pool.HikariPool Line:404 - HikariPool-1 - Pool stats (total=10, active=0, idle=10, waiting=0)
2019-01-11 00:04:28.620 DEBUG --- [HikariPool-1 housekeeper] com.zaxxer.hikari.pool.HikariPool Line:404 - HikariPool-1 - Pool stats (total=10, active=0, idle=10, waiting=0)
2019-01-11 00:04:58.621 DEBUG --- [HikariPool-1 housekeeper] com.zaxxer.hikari.pool.HikariPool Line:404 - HikariPool-1 - Pool stats (total=10, active=0, idle=10, waiting=0)
2019-01-11 00:05:28.622 DEBUG --- [HikariPool-1 housekeeper] com.zaxxer.hikari.pool.HikariPool Line:404 - HikariPool-1 - Pool stats (total=10, active=0, idle=10, waiting=0)
2019-01-11 00:05:46.041 DEBUG --- [HikariPool-1 connection closer] com.zaxxer.hikari.pool.PoolBase Line:127 - HikariPool-1 - Closing connection com.mysql.jdbc.JDBC4Connection@1d586e9c: (connection has passed maxLifetime)
2019-01-11 00:05:46.049 DEBUG --- [HikariPool-1 connection adder] com.zaxxer.hikari.pool.HikariPool Line:702 - HikariPool-1 - Added connection com.mysql.jdbc.JDBC4Connection@2b70b2a9
2019-01-11 00:05:53.678 DEBUG --- [HikariPool-1 connection closer] com.zaxxer.hikari.pool.PoolBase Line:127 - HikariPool-1 - Closing connection com.mysql.jdbc.JDBC4Connection@75fb2aed: (connection has passed maxLifetime)
2019-01-11 00:05:53.685 DEBUG --- [HikariPool-1 connection adder] com.zaxxer.hikari.pool.HikariPool Line:702 - HikariPool-1 - Added connection com.mysql.jdbc.JDBC4Connection@17ed1768
2019-01-11 00:05:58.623 DEBUG --- [HikariPool-1 housekeeper] com.zaxxer.hikari.pool.HikariPool Line:404 - HikariPool-1 - Pool stats (total=10, active=0, idle=10, waiting=0)
2019-01-11 00:06:02.874 DEBUG --- [HikariPool-1 connection closer] com.zaxxer.hikari.pool.PoolBase Line:127 - HikariPool-1 - Closing connection com.mysql.jdbc.JDBC4Connection@4d7fa165: (connection has passed maxLifetime)
2019-01-11 00:06:02.880 DEBUG --- [HikariPool-1 connection adder] com.zaxxer.hikari.pool.HikariPool Line:702 - HikariPool-1 - Added connection com.mysql.jdbc.JDBC4Connection@3ec28c8b
2019-01-11 00:06:03.361 DEBUG --- [HikariPool-1 connection closer] com.zaxxer.hikari.pool.PoolBase Line:127 - HikariPool-1 - Closing connection com.mysql.jdbc.JDBC4Connection@1038c7a: (connection has passed maxLifetime)
2019-01-11 00:06:03.409 DEBUG --- [HikariPool-1 connection adder] com.zaxxer.hikari.pool.HikariPool Line:702 - HikariPool-1 - Added connection com.mysql.jdbc.JDBC4Connection@4af1d9fc
2019-01-11 00:06:09.640 DEBUG --- [HikariPool-1 connection closer] com.zaxxer.hikari.pool.PoolBase Line:127 - HikariPool-1 - Closing connection com.mysql.jdbc.JDBC4Connection@2e2f57e9: (connection has passed maxLifetime)
2019-01-11 00:06:09.647 DEBUG --- [HikariPool-1 connection adder] com.zaxxer.hikari.pool.HikariPool Line:702 - HikariPool-1 - Added connection com.mysql.jdbc.JDBC4Connection@4ba5fb0e
2019-01-11 00:06:22.992 DEBUG --- [HikariPool-1 connection closer] com.zaxxer.hikari.pool.PoolBase Line:127 - HikariPool-1 - Closing connection com.mysql.jdbc.JDBC4Connection@bed1ce7: (connection has passed maxLifetime)
2019-01-11 00:06:22.998 DEBUG --- [HikariPool-1 connection adder] com.zaxxer.hikari.pool.HikariPool Line:702 - HikariPool-1 - Added connection com.mysql.jdbc.JDBC4Connection@466bed41
2019-01-11 00:06:28.226 DEBUG --- [HikariPool-1 connection closer] com.zaxxer.hikari.pool.PoolBase Line:127 - HikariPool-1 - Closing connection com.mysql.jdbc.JDBC4Connection@7f1f55b7: (connection has passed maxLifetime)
2019-01-11 00:06:28.522 DEBUG --- [HikariPool-1 connection adder] com.zaxxer.hikari.pool.HikariPool Line:702 - HikariPool-1 - Added connection com.mysql.jdbc.JDBC4Connection@5a471444
2019-01-11 00:06:28.625 DEBUG --- [HikariPool-1 housekeeper] com.zaxxer.hikari.pool.HikariPool Line:404 - HikariPool-1 - Pool stats (total=10, active=0, idle=10, waiting=0)
2019-01-11 00:06:58.626 DEBUG --- [HikariPool-1 housekeeper] com.zaxxer.hikari.pool.HikariPool Line:404 - HikariPool-1 - Pool stats (total=10, active=0, idle=10, waiting=0)
2019-01-11 00:07:00.181 DEBUG --- [HikariPool-1 connection closer] com.zaxxer.hikari.pool.PoolBase Line:127 - HikariPool-1 - Closing connection com.mysql.jdbc.JDBC4Connection@2d322dd3: (connection has passed maxLifetime)
2019-01-11 00:07:00.189 DEBUG --- [HikariPool-1 connection adder] com.zaxxer.hikari.pool.HikariPool Line:702 - HikariPool-1 - Added connection com.mysql.jdbc.JDBC4Connection@21772c20
2019-01-11 00:07:12.385 DEBUG --- [HikariPool-1 connection closer] com.zaxxer.hikari.pool.PoolBase Line:127 - HikariPool-1 - Closing connection com.mysql.jdbc.JDBC4Connection@41301093: (connection has passed maxLifetime)
2019-01-11 00:07:12.464 DEBUG --- [HikariPool-1 connection adder] com.zaxxer.hikari.pool.HikariPool Line:702 - HikariPool-1 - Added connection com.mysql.jdbc.JDBC4Connection@a8626b5
2019-01-11 00:07:13.554 DEBUG --- [HikariPool-1 connection closer] com.zaxxer.hikari.pool.PoolBase Line:127 - HikariPool-1 - Closing connection com.mysql.jdbc.JDBC4Connection@7f287ecd: (connection has passed maxLifetime)
2019-01-11 00:07:13.559 DEBUG --- [HikariPool-1 connection adder] com.zaxxer.hikari.pool.HikariPool Line:702 - HikariPool-1 - Added connection com.mysql.jdbc.JDBC4Connection@7e8105a4
2019-01-11 00:07:28.627 DEBUG --- [HikariPool-1 housekeeper] com.zaxxer.hikari.pool.HikariPool Line:404 - HikariPool-1 - Pool stats (total=10, active=0, idle=10, waiting=0)
2019-01-11 00:07:58.627 DEBUG --- [HikariPool-1 housekeeper] com.zaxxer.hikari.pool.HikariPool Line:404 - HikariPool-1 - Pool stats (total=10, active=0, idle=10, waiting=0)
2019-01-11 00:08:28.628 DEBUG --- [HikariPool-1 housekeeper] com.zaxxer.hikari.pool.HikariPool Line:404 - HikariPool-1 - Pool stats (total=10, active=0, idle=10, waiting=0)
2019-01-11 00:08:58.630 DEBUG --- [HikariPool-1 housekeeper] com.zaxxer.hikari.pool.HikariPool Line:404 - HikariPool-1 - Pool stats (total=10, active=0, idle=10, waiting=0)
2019-01-11 00:09:28.633 DEBUG --- [HikariPool-1 housekeeper] com.zaxxer.hikari.pool.HikariPool Line:404 - HikariPool-1 - Pool stats (total=10, active=0, idle=10, waiting=0)
2019-01-11 00:09:58.633 DEBUG --- [HikariPool-1 housekeeper] com.zaxxer.hikari.pool.HikariPool Line:404 - HikariPool-1 - Pool stats (total=10, active=0, idle=10, waiting=0)
2019-01-11 00:10:28.635 DEBUG --- [HikariPool-1 housekeeper] com.zaxxer.hikari.pool.HikariPool Line:404 - HikariPool-1 - Pool stats (total=10, active=0, idle=10, waiting=0)
2019-01-11 00:10:58.636 DEBUG --- [HikariPool-1 housekeeper] com.zaxxer.hikari.pool.HikariPool Line:404 - HikariPool-1 - Pool stats (total=10, active=0, idle=10, waiting=0)
2019-01-11 00:11:28.637 DEBUG --- [HikariPool-1 housekeeper] com.zaxxer.hikari.pool.HikariPool Line:404 - HikariPool-1 - Pool stats (total=10, active=0, idle=10, waiting=0)
2019-01-11 00:11:58.638 DEBUG --- [HikariPool-1 housekeeper] com.zaxxer.hikari.pool.HikariPool Line:404 - HikariPool-1 - Pool stats (total=10, active=0, idle=10, waiting=0)
2019-01-11 00:12:28.638 DEBUG --- [HikariPool-1 housekeeper] com.zaxxer.hikari.pool.HikariPool Line:404 - HikariPool-1 - Pool stats (total=10, active=0, idle=10, waiting=0)
2019-01-11 00:12:58.639 DEBUG --- [HikariPool-1 housekeeper] com.zaxxer.hikari.pool.HikariPool Line:404 - HikariPool-1 - Pool stats (total=10, active=0, idle=10, waiting=0)
2019-01-11 00:13:28.640 DEBUG --- [HikariPool-1 housekeeper] com.zaxxer.hikari.pool.HikariPool Line:404 - HikariPool-1 - Pool stats (total=10, active=0, idle=10, waiting=0)
2019-01-11 00:13:58.641 DEBUG --- [HikariPool-1 housekeeper] com.zaxxer.hikari.pool.HikariPool Line:404 - HikariPool-1 - Pool stats (total=10, active=0, idle=10, waiting=0)
2019-01-11 00:14:28.643 DEBUG --- [HikariPool-1 housekeeper] com.zaxxer.hikari.pool.HikariPool Line:404 - HikariPool-1 - Pool stats (total=10, active=0, idle=10, waiting=0)
2019-01-11 00:14:58.644 DEBUG --- [HikariPool-1 housekeeper] com.zaxxer.hikari.pool.HikariPool Line:404 - HikariPool-1 - Pool stats (total=10, active=0, idle=10, waiting=0)
2019-01-11 00:15:28.645 DEBUG --- [HikariPool-1 housekeeper] com.zaxxer.hikari.pool.HikariPool Line:404 - HikariPool-1 - Pool stats (total=10, active=0, idle=10, waiting=0)
2019-01-11 00:15:58.647 DEBUG --- [HikariPool-1 housekeeper] com.zaxxer.hikari.pool.HikariPool Line:404 - HikariPool-1 - Pool stats (total=10, active=0, idle=10, waiting=0)
2019-01-11 00:16:28.648 DEBUG --- [HikariPool-1 housekeeper] com.zaxxer.hikari.pool.HikariPool Line:404 - HikariPool-1 - Pool stats (total=10, active=0, idle=10, waiting=0)
2019-01-11 00:16:58.651 DEBUG --- [HikariPool-1 housekeeper] com.zaxxer.hikari.pool.HikariPool Line:404 - HikariPool-1 - Pool stats (total=10, active=0, idle=10, waiting=0)
2019-01-11 00:17:28.652 DEBUG --- [HikariPool-1 housekeeper] com.zaxxer.hikari.pool.HikariPool Line:404 - HikariPool-1 - Pool stats (total=10, active=0, idle=10, waiting=0)
2019-01-11 00:17:58.652 DEBUG --- [HikariPool-1 housekeeper] com.zaxxer.hikari.pool.HikariPool Line:404 - HikariPool-1 - Pool stats (total=10, active=0, idle=10, waiting=0)
2019-01-11 00:18:28.653 DEBUG --- [HikariPool-1 housekeeper] com.zaxxer.hikari.pool.HikariPool Line:404 - HikariPool-1 - Pool stats (total=10, active=0, idle=10, waiting=0)
2019-01-11 00:18:58.654 DEBUG --- [HikariPool-1 housekeeper] com.zaxxer.hikari.pool.HikariPool Line:404 - HikariPool-1 - Pool stats (total=10, active=0, idle=10, waiting=0)
2019-01-11 00:19:28.655 DEBUG --- [HikariPool-1 housekeeper] com.zaxxer.hikari.pool.HikariPool Line:404 - HikariPool-1 - Pool stats (total=10, active=0, idle=10, waiting=0)
2019-01-11 00:19:58.656 DEBUG --- [HikariPool-1 housekeeper] com.zaxxer.hikari.pool.HikariPool Line:404 - HikariPool-1 - Pool stats (total=10, active=0, idle=10, waiting=0)
2019-01-11 00:20:28.658 DEBUG --- [HikariPool-1 housekeeper] com.zaxxer.hikari.pool.HikariPool Line:404 - HikariPool-1 - Pool stats (total=10, active=0, idle=10, waiting=0)
2019-01-11 00:20:58.659 DEBUG --- [HikariPool-1 housekeeper] com.zaxxer.hikari.pool.HikariPool Line:404 - HikariPool-1 - Pool stats (total=10, active=0, idle=10, waiting=0)
2019-01-11 00:21:28.660 DEBUG --- [HikariPool-1 housekeeper] com.zaxxer.hikari.pool.HikariPool Line:404 - HikariPool-1 - Pool stats (total=10, active=0, idle=10, waiting=0)
2019-01-11 00:21:58.661 DEBUG --- [HikariPool-1 housekeeper] com.zaxxer.hikari.pool.HikariPool Line:404 - HikariPool-1 - Pool stats (total=10, active=0, idle=10, waiting=0)
2019-01-11 00:22:28.662 DEBUG --- [HikariPool-1 housekeeper] com.zaxxer.hikari.pool.HikariPool Line:404 - HikariPool-1 - Pool stats (total=10, active=0, idle=10, waiting=0)
2019-01-11 00:22:58.665 DEBUG --- [HikariPool-1 housekeeper] com.zaxxer.hikari.pool.HikariPool Line:404 - HikariPool-1 - Pool stats (total=10, active=0, idle=10, waiting=0)
2019-01-11 00:23:28.665 DEBUG --- [HikariPool-1 housekeeper] com.zaxxer.hikari.pool.HikariPool Line:404 - HikariPool-1 - Pool stats (total=10, active=0, idle=10, waiting=0)
2019-01-11 00:23:58.667 DEBUG --- [HikariPool-1 housekeeper] com.zaxxer.hikari.pool.HikariPool Line:404 - HikariPool-1 - Pool stats (total=10, active=0, idle=10, waiting=0)
2019-01-11 00:24:28.669 DEBUG --- [HikariPool-1 housekeeper] com.zaxxer.hikari.pool.HikariPool Line:404 - HikariPool-1 - Pool stats (total=10, active=0, idle=10, waiting=0)
2019-01-11 00:24:58.669 DEBUG --- [HikariPool-1 housekeeper] com.zaxxer.hikari.pool.HikariPool Line:404 - HikariPool-1 - Pool stats (total=10, active=0, idle=10, waiting=0)
2019-01-11 00:25:28.670 DEBUG --- [HikariPool-1 housekeeper] com.zaxxer.hikari.pool.HikariPool Line:404 - HikariPool-1 - Pool stats (total=10, active=0, idle=10, waiting=0)
2019-01-11 00:25:58.670 DEBUG --- [HikariPool-1 housekeeper] com.zaxxer.hikari.pool.HikariPool Line:404 - HikariPool-1 - Pool stats (total=10, active=0, idle=10, waiting=0)
2019-01-11 00:26:28.671 DEBUG --- [HikariPool-1 housekeeper] com.zaxxer.hikari.pool.HikariPool Line:404 - HikariPool-1 - Pool stats (total=10, active=0, idle=10, waiting=0)
2019-01-11 00:26:58.672 DEBUG --- [HikariPool-1 housekeeper] com.zaxxer.hikari.pool.HikariPool Line:404 - HikariPool-1 - Pool stats (total=10, active=0, idle=10, waiting=0)
2019-01-11 00:27:28.673 DEBUG --- [HikariPool-1 housekeeper] com.zaxxer.hikari.pool.HikariPool Line:404 - HikariPool-1 - Pool stats (total=10, active=0, idle=10, waiting=0)
2019-01-11 00:27:58.673 DEBUG --- [HikariPool-1 housekeeper] com.zaxxer.hikari.pool.HikariPool Line:404 - HikariPool-1 - Pool stats (total=10, active=0, idle=10, waiting=0)
2019-01-11 00:28:28.675 DEBUG --- [HikariPool-1 housekeeper] com.zaxxer.hikari.pool.HikariPool Line:404 - HikariPool-1 - Pool stats (total=10, active=0, idle=10, waiting=0)
2019-01-11 00:28:58.677 DEBUG --- [HikariPool-1 housekeeper] com.zaxxer.hikari.pool.HikariPool Line:404 - HikariPool-1 - Pool stats (total=10, active=0, idle=10, waiting=0)
2019-01-11 00:29:28.677 DEBUG --- [HikariPool-1 housekeeper] com.zaxxer.hikari.pool.HikariPool Line:404 - HikariPool-1 - Pool stats (total=10, active=0, idle=10, waiting=0)
2019-01-11 00:29:58.678 DEBUG --- [HikariPool-1 housekeeper] com.zaxxer.hikari.pool.HikariPool Line:404 - HikariPool-1 - Pool stats (total=10, active=0, idle=10, waiting=0)
2019-01-11 00:30:28.679 DEBUG --- [HikariPool-1 housekeeper] com.zaxxer.hikari.pool.HikariPool Line:404 - HikariPool-1 - Pool stats (total=10, active=0, idle=10, waiting=0)
2019-01-11 00:30:58.681 DEBUG --- [HikariPool-1 housekeeper] com.zaxxer.hikari.pool.HikariPool Line:404 - HikariPool-1 - Pool stats (total=10, active=0, idle=10, waiting=0)
2019-01-11 00:31:28.682 DEBUG --- [HikariPool-1 housekeeper] com.zaxxer.hikari.pool.HikariPool Line:404 - HikariPool-1 - Pool stats (total=10, active=0, idle=10, waiting=0)
2019-01-11 00:31:58.682 DEBUG --- [HikariPool-1 housekeeper] com.zaxxer.hikari.pool.HikariPool Line:404 - HikariPool-1 - Pool stats (total=10, active=0, idle=10, waiting=0)
2019-01-11 00:32:28.683 DEBUG --- [HikariPool-1 housekeeper] com.zaxxer.hikari.pool.HikariPool Line:404 - HikariPool-1 - Pool stats (total=10, active=0, idle=10, waiting=0)
2019-01-11 00:32:58.684 DEBUG --- [HikariPool-1 housekeeper] com.zaxxer.hikari.pool.HikariPool Line:404 - HikariPool-1 - Pool stats (total=10, active=0, idle=10, waiting=0)
2019-01-11 00:33:28.685 DEBUG --- [HikariPool-1 housekeeper] com.zaxxer.hikari.pool.HikariPool Line:404 - HikariPool-1 - Pool stats (total=10, active=0, idle=10, waiting=0)
2019-01-11 00:33:58.685 DEBUG --- [HikariPool-1 housekeeper] com.zaxxer.hikari.pool.HikariPool Line:404 - HikariPool-1 - Pool stats (total=10, active=0, idle=10, waiting=0)
2019-01-11 00:34:28.686 DEBUG --- [HikariPool-1 housekeeper] com.zaxxer.hikari.pool.HikariPool Line:404 - HikariPool-1 - Pool stats (total=10, active=0, idle=10, waiting=0)
2019-01-11 00:34:58.687 DEBUG --- [HikariPool-1 housekeeper] com.zaxxer.hikari.pool.HikariPool Line:404 - HikariPool-1 - Pool stats (total=10, active=0, idle=10, waiting=0)
2019-01-11 00:35:05.570 DEBUG --- [HikariPool-1 connection closer] com.zaxxer.hikari.pool.PoolBase Line:127 - HikariPool-1 - Closing connection com.mysql.jdbc.JDBC4Connection@2b70b2a9: (connection has passed maxLifetime)
2019-01-11 00:35:05.577 DEBUG --- [HikariPool-1 connection adder] com.zaxxer.hikari.pool.HikariPool Line:702 - HikariPool-1 - Added connection com.mysql.jdbc.JDBC4Connection@3b487c36
2019-01-11 00:35:28.689 DEBUG --- [HikariPool-1 housekeeper] com.zaxxer.hikari.pool.HikariPool Line:404 - HikariPool-1 - Pool stats (total=10, active=0, idle=10, waiting=0)
2019-01-11 00:35:38.685 DEBUG --- [HikariPool-1 connection closer] com.zaxxer.hikari.pool.PoolBase Line:127 - HikariPool-1 - Closing connection com.mysql.jdbc.JDBC4Connection@17ed1768: (connection has passed maxLifetime)
2019-01-11 00:35:38.692 DEBUG --- [HikariPool-1 connection adder] com.zaxxer.hikari.pool.HikariPool Line:702 - HikariPool-1 - Added connection com.mysql.jdbc.JDBC4Connection@2248a691
2019-01-11 00:35:51.297 DEBUG --- [HikariPool-1 connection closer] com.zaxxer.hikari.pool.PoolBase Line:127 - HikariPool-1 - Closing connection com.mysql.jdbc.JDBC4Connection@4ba5fb0e: (connection has passed maxLifetime)
2019-01-11 00:35:51.334 DEBUG --- [HikariPool-1 connection adder] com.zaxxer.hikari.pool.HikariPool Line:702 - HikariPool-1 - Added connection com.mysql.jdbc.JDBC4Connection@7d5d3ad7
2019-01-11 00:35:57.220 DEBUG --- [HikariPool-1 connection closer] com.zaxxer.hikari.pool.PoolBase Line:127 - HikariPool-1 - Closing connection com.mysql.jdbc.JDBC4Connection@3ec28c8b: (connection has passed maxLifetime)
2019-01-11 00:35:57.227 DEBUG --- [HikariPool-1 connection adder] com.zaxxer.hikari.pool.HikariPool Line:702 - HikariPool-1 - Added connection com.mysql.jdbc.JDBC4Connection@7a9b8a24
2019-01-11 00:35:57.372 DEBUG --- [HikariPool-1 connection closer] com.zaxxer.hikari.pool.PoolBase Line:127 - HikariPool-1 - Closing connection com.mysql.jdbc.JDBC4Connection@4af1d9fc: (connection has passed maxLifetime)
2019-01-11 00:35:57.415 DEBUG --- [HikariPool-1 connection adder] com.zaxxer.hikari.pool.HikariPool Line:702 - HikariPool-1 - Added connection com.mysql.jdbc.JDBC4Connection@eecd29f
2019-01-11 00:35:58.689 DEBUG --- [HikariPool-1 housekeeper] com.zaxxer.hikari.pool.HikariPool Line:404 - HikariPool-1 - Pool stats (total=10, active=0, idle=10, waiting=0)
2019-01-11 00:36:06.565 DEBUG --- [HikariPool-1 connection closer] com.zaxxer.hikari.pool.PoolBase Line:127 - HikariPool-1 - Closing connection com.mysql.jdbc.JDBC4Connection@466bed41: (connection has passed maxLifetime)
2019-01-11 00:36:06.572 DEBUG --- [HikariPool-1 connection adder] com.zaxxer.hikari.pool.HikariPool Line:702 - HikariPool-1 - Added connection com.mysql.jdbc.JDBC4Connection@dde0c3c
2019-01-11 00:36:12.314 DEBUG --- [HikariPool-1 connection closer] com.zaxxer.hikari.pool.PoolBase Line:127 - HikariPool-1 - Closing connection com.mysql.jdbc.JDBC4Connection@5a471444: (connection has passed maxLifetime)
2019-01-11 00:36:12.321 DEBUG --- [HikariPool-1 connection adder] com.zaxxer.hikari.pool.HikariPool Line:702 - HikariPool-1 - Added connection com.mysql.jdbc.JDBC4Connection@66e1073f
2019-01-11 00:36:28.691 DEBUG --- [HikariPool-1 housekeeper] com.zaxxer.hikari.pool.HikariPool Line:404 - HikariPool-1 - Pool stats (total=10, active=0, idle=10, waiting=0)
2019-01-11 00:36:29.172 DEBUG --- [HikariPool-1 connection closer] com.zaxxer.hikari.pool.PoolBase Line:127 - HikariPool-1 - Closing connection com.mysql.jdbc.JDBC4Connection@7e8105a4: (connection has passed maxLifetime)
2019-01-11 00:36:29.224 DEBUG --- [HikariPool-1 connection adder] com.zaxxer.hikari.pool.HikariPool Line:702 - HikariPool-1 - Added connection com.mysql.jdbc.JDBC4Connection@4dc16d33
2019-01-11 00:36:56.074 DEBUG --- [HikariPool-1 connection closer] com.zaxxer.hikari.pool.PoolBase Line:127 - HikariPool-1 - Closing connection com.mysql.jdbc.JDBC4Connection@21772c20: (connection has passed maxLifetime)
2019-01-11 00:36:56.081 DEBUG --- [HikariPool-1 connection adder] com.zaxxer.hikari.pool.HikariPool Line:702 - HikariPool-1 - Added connection com.mysql.jdbc.JDBC4Connection@3a6551b7
2019-01-11 00:36:58.692 DEBUG --- [HikariPool-1 housekeeper] com.zaxxer.hikari.pool.HikariPool Line:404 - HikariPool-1 - Pool stats (total=10, active=0, idle=10, waiting=0)
2019-01-11 00:37:01.411 DEBUG --- [HikariPool-1 connection closer] com.zaxxer.hikari.pool.PoolBase Line:127 - HikariPool-1 - Closing connection com.mysql.jdbc.JDBC4Connection@a8626b5: (connection has passed maxLifetime)
2019-01-11 00:37:01.417 DEBUG --- [HikariPool-1 connection adder] com.zaxxer.hikari.pool.HikariPool Line:702 - HikariPool-1 - Added connection com.mysql.jdbc.JDBC4Connection@5dad8ce1
2019-01-11 00:37:28.693 DEBUG --- [HikariPool-1 housekeeper] com.zaxxer.hikari.pool.HikariPool Line:404 - HikariPool-1 - Pool stats (total=10, active=0, idle=10, waiting=0)
2019-01-11 00:37:58.694 DEBUG --- [HikariPool-1 housekeeper] com.zaxxer.hikari.pool.HikariPool Line:404 - HikariPool-1 - Pool stats (total=10, active=0, idle=10, waiting=0)
2019-01-11 00:38:28.695 DEBUG --- [HikariPool-1 housekeeper] com.zaxxer.hikari.pool.HikariPool Line:404 - HikariPool-1 - Pool stats (total=10, active=0, idle=10, waiting=0)
2019-01-11 00:38:58.697 DEBUG --- [HikariPool-1 housekeeper] com.zaxxer.hikari.pool.HikariPool Line:404 - HikariPool-1 - Pool stats (total=10, active=0, idle=10, waiting=0)
2019-01-11 00:39:28.697 DEBUG --- [HikariPool-1 housekeeper] com.zaxxer.hikari.pool.HikariPool Line:404 - HikariPool-1 - Pool stats (total=10, active=0, idle=10, waiting=0)
2019-01-11 00:39:58.698 DEBUG --- [HikariPool-1 housekeeper] com.zaxxer.hikari.pool.HikariPool Line:404 - HikariPool-1 - Pool stats (total=10, active=0, idle=10, waiting=0)
2019-01-11 00:40:28.700 DEBUG --- [HikariPool-1 housekeeper] com.zaxxer.hikari.pool.HikariPool Line:404 - HikariPool-1 - Pool stats (total=10, active=0, idle=10, waiting=0)
2019-01-11 00:40:58.701 DEBUG --- [HikariPool-1 housekeeper] com.zaxxer.hikari.pool.HikariPool Line:404 - HikariPool-1 - Pool stats (total=10, active=0, idle=10, waiting=0)
2019-01-11 00:41:28.702 DEBUG --- [HikariPool-1 housekeeper] com.zaxxer.hikari.pool.HikariPool Line:404 - HikariPool-1 - Pool stats (total=10, active=0, idle=10, waiting=0)
2019-01-11 00:41:58.704 DEBUG --- [HikariPool-1 housekeeper] com.zaxxer.hikari.pool.HikariPool Line:404 - HikariPool-1 - Pool stats (total=10, active=0, idle=10, waiting=0)
2019-01-11 00:42:28.704 DEBUG --- [HikariPool-1 housekeeper] com.zaxxer.hikari.pool.HikariPool Line:404 - HikariPool-1 - Pool stats (total=10, active=0, idle=10, waiting=0)
2019-01-11 00:42:58.705 DEBUG --- [HikariPool-1 housekeeper] com.zaxxer.hikari.pool.HikariPool Line:404 - HikariPool-1 - Pool stats (total=10, active=0, idle=10, waiting=0)
2019-01-11 00:43:28.707 DEBUG --- [HikariPool-1 housekeeper] com.zaxxer.hikari.pool.HikariPool Line:404 - HikariPool-1 - Pool stats (total=10, active=0, idle=10, waiting=0)
2019-01-11 00:43:58.708 DEBUG --- [HikariPool-1 housekeeper] com.zaxxer.hikari.pool.HikariPool Line:404 - HikariPool-1 - Pool stats (total=10, active=0, idle=10, waiting=0)
2019-01-11 00:44:28.709 DEBUG --- [HikariPool-1 housekeeper] com.zaxxer.hikari.pool.HikariPool Line:404 - HikariPool-1 - Pool stats (total=10, active=0, idle=10, waiting=0)
2019-01-11 00:44:58.711 DEBUG --- [HikariPool-1 housekeeper] com.zaxxer.hikari.pool.HikariPool Line:404 - HikariPool-1 - Pool stats (total=10, active=0, idle=10, waiting=0)
2019-01-11 00:45:28.711 DEBUG --- [HikariPool-1 housekeeper] com.zaxxer.hikari.pool.HikariPool Line:404 - HikariPool-1 - Pool stats (total=10, active=0, idle=10, waiting=0)
2019-01-11 00:45:58.712 DEBUG --- [HikariPool-1 housekeeper] com.zaxxer.hikari.pool.HikariPool Line:404 - HikariPool-1 - Pool stats (total=10, active=0, idle=10, waiting=0)
2019-01-11 00:46:28.713 DEBUG --- [HikariPool-1 housekeeper] com.zaxxer.hikari.pool.HikariPool Line:404 - HikariPool-1 - Pool stats (total=10, active=0, idle=10, waiting=0)
2019-01-11 00:46:58.713 DEBUG --- [HikariPool-1 housekeeper] com.zaxxer.hikari.pool.HikariPool Line:404 - HikariPool-1 - Pool stats (total=10, active=0, idle=10, waiting=0)
2019-01-11 00:47:28.714 DEBUG --- [HikariPool-1 housekeeper] com.zaxxer.hikari.pool.HikariPool Line:404 - HikariPool-1 - Pool stats (total=10, active=0, idle=10, waiting=0)
2019-01-11 00:47:58.716 DEBUG --- [HikariPool-1 housekeeper] com.zaxxer.hikari.pool.HikariPool Line:404 - HikariPool-1 - Pool stats (total=10, active=0, idle=10, waiting=0)
2019-01-11 00:48:28.717 DEBUG --- [HikariPool-1 housekeeper] com.zaxxer.hikari.pool.HikariPool Line:404 - HikariPool-1 - Pool stats (total=10, active=0, idle=10, waiting=0)
2019-01-11 00:48:58.718 DEBUG --- [HikariPool-1 housekeeper] com.zaxxer.hikari.pool.HikariPool Line:404 - HikariPool-1 - Pool stats (total=10, active=0, idle=10, waiting=0)
2019-01-11 00:49:28.719 DEBUG --- [HikariPool-1 housekeeper] com.zaxxer.hikari.pool.HikariPool Line:404 - HikariPool-1 - Pool stats (total=10, active=0, idle=10, waiting=0)
2019-01-11 00:49:58.720 DEBUG --- [HikariPool-1 housekeeper] com.zaxxer.hikari.pool.HikariPool Line:404 - HikariPool-1 - Pool stats (total=10, active=0, idle=10, waiting=0)
2019-01-11 00:50:28.721 DEBUG --- [HikariPool-1 housekeeper] com.zaxxer.hikari.pool.HikariPool Line:404 - HikariPool-1 - Pool stats (total=10, active=0, idle=10, waiting=0)
2019-01-11 00:50:58.721 DEBUG --- [HikariPool-1 housekeeper] com.zaxxer.hikari.pool.HikariPool Line:404 - HikariPool-1 - Pool stats (total=10, active=0, idle=10, waiting=0)
2019-01-11 00:51:28.722 DEBUG --- [HikariPool-1 housekeeper] com.zaxxer.hikari.pool.HikariPool Line:404 - HikariPool-1 - Pool stats (total=10, active=0, idle=10, waiting=0)
2019-01-11 00:51:58.723 DEBUG --- [HikariPool-1 housekeeper] com.zaxxer.hikari.pool.HikariPool Line:404 - HikariPool-1 - Pool stats (total=10, active=0, idle=10, waiting=0)
2019-01-11 00:52:28.724 DEBUG --- [HikariPool-1 housekeeper] com.zaxxer.hikari.pool.HikariPool Line:404 - HikariPool-1 - Pool stats (total=10, active=0, idle=10, waiting=0)
2019-01-11 00:52:58.725 DEBUG --- [HikariPool-1 housekeeper] com.zaxxer.hikari.pool.HikariPool Line:404 - HikariPool-1 - Pool stats (total=10, active=0, idle=10, waiting=0)
2019-01-11 00:53:28.725 DEBUG --- [HikariPool-1 housekeeper] com.zaxxer.hikari.pool.HikariPool Line:404 - HikariPool-1 - Pool stats (total=10, active=0, idle=10, waiting=0)
2019-01-11 00:53:58.726 DEBUG --- [HikariPool-1 housekeeper] com.zaxxer.hikari.pool.HikariPool Line:404 - HikariPool-1 - Pool stats (total=10, active=0, idle=10, waiting=0)
2019-01-11 00:54:28.727 DEBUG --- [HikariPool-1 housekeeper] com.zaxxer.hikari.pool.HikariPool Line:404 - HikariPool-1 - Pool stats (total=10, active=0, idle=10, waiting=0)
2019-01-11 00:54:58.729 DEBUG --- [HikariPool-1 housekeeper] com.zaxxer.hikari.pool.HikariPool Line:404 - HikariPool-1 - Pool stats (total=10, active=0, idle=10, waiting=0)
2019-01-11 00:55:28.731 DEBUG --- [HikariPool-1 housekeeper] com.zaxxer.hikari.pool.HikariPool Line:404 - HikariPool-1 - Pool stats (total=10, active=0, idle=10, waiting=0)
2019-01-11 00:55:58.733 DEBUG --- [HikariPool-1 housekeeper] com.zaxxer.hikari.pool.HikariPool Line:404 - HikariPool-1 - Pool stats (total=10, active=0, idle=10, waiting=0)
2019-01-11 00:56:28.734 DEBUG --- [HikariPool-1 housekeeper] com.zaxxer.hikari.pool.HikariPool Line:404 - HikariPool-1 - Pool stats (total=10, active=0, idle=10, waiting=0)
2019-01-11 00:56:58.736 DEBUG --- [HikariPool-1 housekeeper] com.zaxxer.hikari.pool.HikariPool Line:404 - HikariPool-1 - Pool stats (total=10, active=0, idle=10, waiting=0)
2019-01-11 00:57:28.737 DEBUG --- [HikariPool-1 housekeeper] com.zaxxer.hikari.pool.HikariPool Line:404 - HikariPool-1 - Pool stats (total=10, active=0, idle=10, waiting=0)
2019-01-11 00:57:58.738 DEBUG --- [HikariPool-1 housekeeper] com.zaxxer.hikari.pool.HikariPool Line:404 - HikariPool-1 - Pool stats (total=10, active=0, idle=10, waiting=0)
2019-01-11 00:58:28.740 DEBUG --- [HikariPool-1 housekeeper] com.zaxxer.hikari.pool.HikariPool Line:404 - HikariPool-1 - Pool stats (total=10, active=0, idle=10, waiting=0)
2019-01-11 00:58:58.740 DEBUG --- [HikariPool-1 housekeeper] com.zaxxer.hikari.pool.HikariPool Line:404 - HikariPool-1 - Pool stats (total=10, active=0, idle=10, waiting=0)
2019-01-11 00:59:28.741 DEBUG --- [HikariPool-1 housekeeper] com.zaxxer.hikari.pool.HikariPool Line:404 - HikariPool-1 - Pool stats (total=10, active=0, idle=10, waiting=0)
2019-01-11 00:59:58.742 DEBUG --- [HikariPool-1 housekeeper] com.zaxxer.hikari.pool.HikariPool Line:404 - HikariPool-1 - Pool stats (total=10, active=0, idle=10, waiting=0)
2019-01-11 01:00:28.744 DEBUG --- [HikariPool-1 housekeeper] com.zaxxer.hikari.pool.HikariPool Line:404 - HikariPool-1 - Pool stats (total=10, active=0, idle=10, waiting=0)
2019-01-11 01:00:58.745 DEBUG --- [HikariPool-1 housekeeper] com.zaxxer.hikari.pool.HikariPool Line:404 - HikariPool-1 - Pool stats (total=10, active=0, idle=10, waiting=0)
2019-01-11 01:01:28.746 DEBUG --- [HikariPool-1 housekeeper] com.zaxxer.hikari.pool.HikariPool Line:404 - HikariPool-1 - Pool stats (total=10, active=0, idle=10, waiting=0)
2019-01-11 01:01:58.748 DEBUG --- [HikariPool-1 housekeeper] com.zaxxer.hikari.pool.HikariPool Line:404 - HikariPool-1 - Pool stats (total=10, active=0, idle=10, waiting=0)
2019-01-11 01:02:28.748 DEBUG --- [HikariPool-1 housekeeper] com.zaxxer.hikari.pool.HikariPool Line:404 - HikariPool-1 - Pool stats (total=10, active=0, idle=10, waiting=0)
2019-01-11 01:02:58.750 DEBUG --- [HikariPool-1 housekeeper] com.zaxxer.hikari.pool.HikariPool Line:404 - HikariPool-1 - Pool stats (total=10, active=0, idle=10, waiting=0)
2019-01-11 01:03:28.751 DEBUG --- [HikariPool-1 housekeeper] com.zaxxer.hikari.pool.HikariPool Line:404 - HikariPool-1 - Pool stats (total=10, active=0, idle=10, waiting=0)
2019-01-11 01:03:58.751 DEBUG --- [HikariPool-1 housekeeper] com.zaxxer.hikari.pool.HikariPool Line:404 - HikariPool-1 - Pool stats (total=10, active=0, idle=10, waiting=0)
2019-01-11 01:04:22.725 DEBUG --- [HikariPool-1 connection closer] com.zaxxer.hikari.pool.PoolBase Line:127 - HikariPool-1 - Closing connection com.mysql.jdbc.JDBC4Connection@3b487c36: (connection has passed maxLifetime)
2019-01-11 01:04:22.732 DEBUG --- [HikariPool-1 connection adder] com.zaxxer.hikari.pool.HikariPool Line:702 - HikariPool-1 - Added connection com.mysql.jdbc.JDBC4Connection@366fa673
2019-01-11 01:04:28.752 DEBUG --- [HikariPool-1 housekeeper] com.zaxxer.hikari.pool.HikariPool Line:404 - HikariPool-1 - Pool stats (total=10, active=0, idle=10, waiting=0)
2019-01-11 01:04:58.755 DEBUG --- [HikariPool-1 housekeeper] com.zaxxer.hikari.pool.HikariPool Line:404 - HikariPool-1 - Pool stats (total=10, active=0, idle=10, waiting=0)
2019-01-11 01:05:08.894 DEBUG --- [HikariPool-1 connection closer] com.zaxxer.hikari.pool.PoolBase Line:127 - HikariPool-1 - Closing connection com.mysql.jdbc.JDBC4Connection@2248a691: (connection has passed maxLifetime)
2019-01-11 01:05:08.901 DEBUG --- [HikariPool-1 connection adder] com.zaxxer.hikari.pool.HikariPool Line:702 - HikariPool-1 - Added connection com.mysql.jdbc.JDBC4Connection@2adb3ce2
2019-01-11 01:05:28.439 DEBUG --- [HikariPool-1 connection closer] com.zaxxer.hikari.pool.PoolBase Line:127 - HikariPool-1 - Closing connection com.mysql.jdbc.JDBC4Connection@dde0c3c: (connection has passed maxLifetime)
2019-01-11 01:05:28.446 DEBUG --- [HikariPool-1 connection adder] com.zaxxer.hikari.pool.HikariPool Line:702 - HikariPool-1 - Added connection com.mysql.jdbc.JDBC4Connection@29b3a1c3
2019-01-11 01:05:28.756 DEBUG --- [HikariPool-1 housekeeper] com.zaxxer.hikari.pool.HikariPool Line:404 - HikariPool-1 - Pool stats (total=10, active=0, idle=10, waiting=0)
2019-01-11 01:05:34.533 DEBUG --- [HikariPool-1 connection closer] com.zaxxer.hikari.pool.PoolBase Line:127 - HikariPool-1 - Closing connection com.mysql.jdbc.JDBC4Connection@7a9b8a24: (connection has passed maxLifetime)
2019-01-11 01:05:34.539 DEBUG --- [HikariPool-1 connection adder] com.zaxxer.hikari.pool.HikariPool Line:702 - HikariPool-1 - Added connection com.mysql.jdbc.JDBC4Connection@661d2ed3
2019-01-11 01:05:35.239 DEBUG --- [HikariPool-1 connection closer] com.zaxxer.hikari.pool.PoolBase Line:127 - HikariPool-1 - Closing connection com.mysql.jdbc.JDBC4Connection@7d5d3ad7: (connection has passed maxLifetime)
2019-01-11 01:05:35.297 DEBUG --- [HikariPool-1 connection adder] com.zaxxer.hikari.pool.HikariPool Line:702 - HikariPool-1 - Added connection com.mysql.jdbc.JDBC4Connection@1276efda
2019-01-11 01:05:46.172 DEBUG --- [HikariPool-1 connection closer] com.zaxxer.hikari.pool.PoolBase Line:127 - HikariPool-1 - Closing connection com.mysql.jdbc.JDBC4Connection@4dc16d33: (connection has passed maxLifetime)
2019-01-11 01:05:46.179 DEBUG --- [HikariPool-1 connection adder] com.zaxxer.hikari.pool.HikariPool Line:702 - HikariPool-1 - Added connection com.mysql.jdbc.JDBC4Connection@31eb8a7e
2019-01-11 01:05:55.035 DEBUG --- [HikariPool-1 connection closer] com.zaxxer.hikari.pool.PoolBase Line:127 - HikariPool-1 - Closing connection com.mysql.jdbc.JDBC4Connection@eecd29f: (connection has passed maxLifetime)
2019-01-11 01:05:55.042 DEBUG --- [HikariPool-1 connection adder] com.zaxxer.hikari.pool.HikariPool Line:702 - HikariPool-1 - Added connection com.mysql.jdbc.JDBC4Connection@14a621d2
2019-01-11 01:05:58.757 DEBUG --- [HikariPool-1 housekeeper] com.zaxxer.hikari.pool.HikariPool Line:404 - HikariPool-1 - Pool stats (total=10, active=0, idle=10, waiting=0)
2019-01-11 01:06:07.474 DEBUG --- [HikariPool-1 connection closer] com.zaxxer.hikari.pool.PoolBase Line:127 - HikariPool-1 - Closing connection com.mysql.jdbc.JDBC4Connection@66e1073f: (connection has passed maxLifetime)
2019-01-11 01:06:07.481 DEBUG --- [HikariPool-1 connection adder] com.zaxxer.hikari.pool.HikariPool Line:702 - HikariPool-1 - Added connection com.mysql.jdbc.JDBC4Connection@6e14859f
2019-01-11 01:06:28.759 DEBUG --- [HikariPool-1 housekeeper] com.zaxxer.hikari.pool.HikariPool Line:404 - HikariPool-1 - Pool stats (total=10, active=0, idle=10, waiting=0)
2019-01-11 01:06:32.989 DEBUG --- [HikariPool-1 connection closer] com.zaxxer.hikari.pool.PoolBase Line:127 - HikariPool-1 - Closing connection com.mysql.jdbc.JDBC4Connection@5dad8ce1: (connection has passed maxLifetime)
2019-01-11 01:06:32.996 DEBUG --- [HikariPool-1 connection adder] com.zaxxer.hikari.pool.HikariPool Line:702 - HikariPool-1 - Added connection com.mysql.jdbc.JDBC4Connection@3e8fefe1
2019-01-11 01:06:36.915 DEBUG --- [HikariPool-1 connection closer] com.zaxxer.hikari.pool.PoolBase Line:127 - HikariPool-1 - Closing connection com.mysql.jdbc.JDBC4Connection@3a6551b7: (connection has passed maxLifetime)
2019-01-11 01:06:36.920 DEBUG --- [HikariPool-1 connection adder] com.zaxxer.hikari.pool.HikariPool Line:702 - HikariPool-1 - Added connection com.mysql.jdbc.JDBC4Connection@4a3c6fb9
2019-01-11 01:06:58.761 DEBUG --- [HikariPool-1 housekeeper] com.zaxxer.hikari.pool.HikariPool Line:404 - HikariPool-1 - Pool stats (total=10, active=0, idle=10, waiting=0)
2019-01-11 01:07:28.761 DEBUG --- [HikariPool-1 housekeeper] com.zaxxer.hikari.pool.HikariPool Line:404 - HikariPool-1 - Pool stats (total=10, active=0, idle=10, waiting=0)
2019-01-11 01:07:58.762 DEBUG --- [HikariPool-1 housekeeper] com.zaxxer.hikari.pool.HikariPool Line:404 - HikariPool-1 - Pool stats (total=10, active=0, idle=10, waiting=0)
2019-01-11 01:08:28.763 DEBUG --- [HikariPool-1 housekeeper] com.zaxxer.hikari.pool.HikariPool Line:404 - HikariPool-1 - Pool stats (total=10, active=0, idle=10, waiting=0)
2019-01-11 01:08:58.763 DEBUG --- [HikariPool-1 housekeeper] com.zaxxer.hikari.pool.HikariPool Line:404 - HikariPool-1 - Pool stats (total=10, active=0, idle=10, waiting=0)
2019-01-11 04:09:27.381 WARN  --- [HikariPool-1 housekeeper] com.zaxxer.hikari.pool.HikariPool Line:758 - HikariPool-1 - Thread starvation or clock leap detected (housekeeper delta=3h28s652ms879µs943ns).
2019-01-11 04:09:30.364 DEBUG --- [HikariPool-1 housekeeper] com.zaxxer.hikari.pool.HikariPool Line:404 - HikariPool-1 - Pool stats (total=10, active=0, idle=10, waiting=0)
2019-01-11 04:09:30.365 DEBUG --- [HikariPool-1 connection closer] com.zaxxer.hikari.pool.PoolBase Line:127 - HikariPool-1 - Closing connection com.mysql.jdbc.JDBC4Connection@366fa673: (connection has passed maxLifetime)
2019-01-11 04:09:30.367 DEBUG --- [HikariPool-1 connection closer] com.zaxxer.hikari.pool.PoolBase Line:127 - HikariPool-1 - Closing connection com.mysql.jdbc.JDBC4Connection@2adb3ce2: (connection has passed maxLifetime)
2019-01-11 04:09:30.367 DEBUG --- [HikariPool-1 connection closer] com.zaxxer.hikari.pool.PoolBase Line:127 - HikariPool-1 - Closing connection com.mysql.jdbc.JDBC4Connection@1276efda: (connection has passed maxLifetime)
2019-01-11 04:09:30.367 DEBUG --- [HikariPool-1 connection closer] com.zaxxer.hikari.pool.PoolBase Line:127 - HikariPool-1 - Closing connection com.mysql.jdbc.JDBC4Connection@29b3a1c3: (connection has passed maxLifetime)
2019-01-11 04:09:30.368 DEBUG --- [HikariPool-1 connection closer] com.zaxxer.hikari.pool.PoolBase Line:127 - HikariPool-1 - Closing connection com.mysql.jdbc.JDBC4Connection@661d2ed3: (connection has passed maxLifetime)
2019-01-11 04:09:30.368 DEBUG --- [HikariPool-1 connection closer] com.zaxxer.hikari.pool.PoolBase Line:127 - HikariPool-1 - Closing connection com.mysql.jdbc.JDBC4Connection@31eb8a7e: (connection has passed maxLifetime)
2019-01-11 04:09:30.368 DEBUG --- [HikariPool-1 connection closer] com.zaxxer.hikari.pool.PoolBase Line:127 - HikariPool-1 - Closing connection com.mysql.jdbc.JDBC4Connection@6e14859f: (connection has passed maxLifetime)
2019-01-11 04:09:30.369 DEBUG --- [HikariPool-1 connection closer] com.zaxxer.hikari.pool.PoolBase Line:127 - HikariPool-1 - Closing connection com.mysql.jdbc.JDBC4Connection@14a621d2: (connection has passed maxLifetime)
2019-01-11 04:09:30.369 DEBUG --- [HikariPool-1 connection closer] com.zaxxer.hikari.pool.PoolBase Line:127 - HikariPool-1 - Closing connection com.mysql.jdbc.JDBC4Connection@4a3c6fb9: (connection has passed maxLifetime)
2019-01-11 04:09:30.370 DEBUG --- [HikariPool-1 connection closer] com.zaxxer.hikari.pool.PoolBase Line:127 - HikariPool-1 - Closing connection com.mysql.jdbc.JDBC4Connection@3e8fefe1: (connection has passed maxLifetime)
2019-01-11 04:09:30.372 DEBUG --- [HikariPool-1 connection adder] com.zaxxer.hikari.pool.HikariPool Line:702 - HikariPool-1 - Added connection com.mysql.jdbc.JDBC4Connection@14950b4a
2019-01-11 04:09:30.377 DEBUG --- [HikariPool-1 connection adder] com.zaxxer.hikari.pool.HikariPool Line:702 - HikariPool-1 - Added connection com.mysql.jdbc.JDBC4Connection@608c36b7
2019-01-11 04:09:30.385 DEBUG --- [HikariPool-1 connection adder] com.zaxxer.hikari.pool.HikariPool Line:702 - HikariPool-1 - Added connection com.mysql.jdbc.JDBC4Connection@67e899b1
2019-01-11 04:09:30.391 DEBUG --- [HikariPool-1 connection adder] com.zaxxer.hikari.pool.HikariPool Line:702 - HikariPool-1 - Added connection com.mysql.jdbc.JDBC4Connection@35f6a5e2
2019-01-11 04:09:30.397 DEBUG --- [HikariPool-1 connection adder] com.zaxxer.hikari.pool.HikariPool Line:702 - HikariPool-1 - Added connection com.mysql.jdbc.JDBC4Connection@6f217bab
2019-01-11 04:09:30.404 DEBUG --- [HikariPool-1 connection adder] com.zaxxer.hikari.pool.HikariPool Line:702 - HikariPool-1 - Added connection com.mysql.jdbc.JDBC4Connection@2e44a6a1
2019-01-11 04:09:30.409 DEBUG --- [HikariPool-1 connection adder] com.zaxxer.hikari.pool.HikariPool Line:702 - HikariPool-1 - Added connection com.mysql.jdbc.JDBC4Connection@31510a60
2019-01-11 04:09:30.415 DEBUG --- [HikariPool-1 connection adder] com.zaxxer.hikari.pool.HikariPool Line:702 - HikariPool-1 - Added connection com.mysql.jdbc.JDBC4Connection@2ae0aedd
2019-01-11 04:09:30.422 DEBUG --- [HikariPool-1 connection adder] com.zaxxer.hikari.pool.HikariPool Line:702 - HikariPool-1 - Added connection com.mysql.jdbc.JDBC4Connection@2c30b3f9
2019-01-11 04:09:30.428 DEBUG --- [HikariPool-1 connection adder] com.zaxxer.hikari.pool.HikariPool Line:702 - HikariPool-1 - Added connection com.mysql.jdbc.JDBC4Connection@49d00c80
