2019-01-20 22:42:56.221 INFO  --- [main] com.example.acm.AcmApplication Line:50  - Starting AcmApplication on DESKTOP-03CDSMO with PID 17140 (D:\ACM\acmBackT\acm\target\classes started by ggg in D:\ACM\acmBackT\acm)
2019-01-20 22:42:56.241 INFO  --- [main] com.example.acm.AcmApplication Line:659 - No active profile set, falling back to default profiles: default
2019-01-20 22:42:58.007 INFO  --- [main] org.apache.coyote.http11.Http11NioProtocol Line:180 - Initializing ProtocolHandler ["http-nio-9999"]
2019-01-20 22:42:58.018 INFO  --- [main] org.apache.catalina.core.StandardService Line:180 - Starting service [Tomcat]
2019-01-20 22:42:58.018 INFO  --- [main] org.apache.catalina.core.StandardEngine Line:180 - Starting Servlet Engine: Apache Tomcat/8.5.31
2019-01-20 22:42:58.023 INFO  --- [localhost-startStop-1] org.apache.catalina.core.AprLifecycleListener Line:180 - The APR based Apache Tomcat Native library which allows optimal performance in production environments was not found on the java.library.path: [C:\Program Files\Java\jdk1.8.0_151\bin;C:\WINDOWS\Sun\Java\bin;C:\WINDOWS\system32;C:\WINDOWS;C:\ProgramData\Oracle\Java\javapath;C:\Windows\system32;C:\Windows;C:\Windows\System32\Wbem;C:\Windows\System32\WindowsPowerShell\v1.0\;C:\Users\ggg\tomcat\apache-tomcat-7.0.82\lib;C:\Program Files\Java\jdk1.8.0_151\bin;C:\Users\ggg\apache-maven-3.5.2\bin;C:\Users\ggg\hadoop\hadoop-2.7.4\bin;C:\Users\ggg\hadoop\hadoop-2.7.4\sbin;C:\Program Files\hadoop\hadoop-2.7.4\bin;C:\Program Files\hadoop\hadoop-2.7.4\sbin;C:\Python27;C:\Program Files\PuTTY\;C:\Python27\Lib\site-packages\django\bin;C:\Python27\Scripts;C:\Program Files\MySQL\MySQL Server 5.7\bin;C:\Users\ggg\SDK\tools;C:\Users\ggg\SDK\platform-tools;D:\Git\cmd;D:\nodej\;C:\Program Files\dotnet\;C:\Program Files (x86)\NVIDIA Corporation\PhysX\Common;%SystemRoot%\system32;%SystemRoot%;%SystemRoot%\System32\Wbem;%SYSTEMROOT%\System32\WindowsPowerShell\v1.0\;%SYSTEMROOT%\System32\OpenSSH\;C:\Users\ggg\AppData\Local\Microsoft\WindowsApps;C:\Users\ggg\SSH Secure Shell;D:\GO\bin;C:\Users\ggg\AppData\Roaming\npm;D:\Microsoft VS Code\bin;;.]
2019-01-20 22:42:58.110 INFO  --- [localhost-startStop-1] org.apache.catalina.core.ContainerBase.[Tomcat].[localhost].[/] Line:180 - Initializing Spring embedded WebApplicationContext
2019-01-20 22:43:00.030 INFO  --- [main] com.mangofactory.swagger.plugin.SwaggerPluginAdapter Line:33  - Context refreshed
2019-01-20 22:43:00.030 INFO  --- [main] com.mangofactory.swagger.plugin.SwaggerPluginAdapter Line:46  - Found custom SwaggerSpringMvcPlugins
2019-01-20 22:43:00.031 INFO  --- [main] com.mangofactory.swagger.plugin.SwaggerPluginAdapter Line:50  - initializing plugin bean customImplementation
2019-01-20 22:43:00.038 INFO  --- [main] com.mangofactory.swagger.scanners.ApiListingReferenceScanner Line:55  - Scanning for api listing references
2019-01-20 22:43:00.040 INFO  --- [main] com.mangofactory.swagger.core.ClassOrApiAnnotationResourceGrouping Line:50  - Group for method detail was announcement-c-ontroller
2019-01-20 22:43:00.041 INFO  --- [main] com.mangofactory.swagger.scanners.ApiListingReferenceScanner Line:78  - Request mapping: detail belongs to groups: [[ResourceGroup{groupName='announcement-c-ontroller', position=0}]] 
2019-01-20 22:43:00.042 INFO  --- [main] com.mangofactory.swagger.scanners.ApiListingReferenceScanner Line:82  - Adding resource to group:ResourceGroup{groupName='announcement-c-ontroller', position=0} with description:Announcement C Ontroller for handler method:detail
2019-01-20 22:43:00.042 INFO  --- [main] com.mangofactory.swagger.core.ClassOrApiAnnotationResourceGrouping Line:50  - Group for method selectAnnounce was announcement-c-ontroller
2019-01-20 22:43:00.042 INFO  --- [main] com.mangofactory.swagger.scanners.ApiListingReferenceScanner Line:78  - Request mapping: selectAnnounce belongs to groups: [[ResourceGroup{groupName='announcement-c-ontroller', position=0}]] 
2019-01-20 22:43:00.042 INFO  --- [main] com.mangofactory.swagger.scanners.ApiListingReferenceScanner Line:82  - Adding resource to group:ResourceGroup{groupName='announcement-c-ontroller', position=0} with description:Announcement C Ontroller for handler method:selectAnnounce
2019-01-20 22:43:00.043 INFO  --- [main] com.mangofactory.swagger.core.ClassOrApiAnnotationResourceGrouping Line:50  - Group for method selectClass was announcement-c-ontroller
2019-01-20 22:43:00.043 INFO  --- [main] com.mangofactory.swagger.scanners.ApiListingReferenceScanner Line:78  - Request mapping: selectClass belongs to groups: [[ResourceGroup{groupName='announcement-c-ontroller', position=0}]] 
2019-01-20 22:43:00.043 INFO  --- [main] com.mangofactory.swagger.scanners.ApiListingReferenceScanner Line:82  - Adding resource to group:ResourceGroup{groupName='announcement-c-ontroller', position=0} with description:Announcement C Ontroller for handler method:selectClass
2019-01-20 22:43:00.043 INFO  --- [main] com.mangofactory.swagger.core.ClassOrApiAnnotationResourceGrouping Line:50  - Group for method updateAnnounce was announcement-c-ontroller
2019-01-20 22:43:00.043 INFO  --- [main] com.mangofactory.swagger.scanners.ApiListingReferenceScanner Line:78  - Request mapping: updateAnnounce belongs to groups: [[ResourceGroup{groupName='announcement-c-ontroller', position=0}]] 
2019-01-20 22:43:00.043 INFO  --- [main] com.mangofactory.swagger.scanners.ApiListingReferenceScanner Line:82  - Adding resource to group:ResourceGroup{groupName='announcement-c-ontroller', position=0} with description:Announcement C Ontroller for handler method:updateAnnounce
2019-01-20 22:43:00.044 INFO  --- [main] com.mangofactory.swagger.core.ClassOrApiAnnotationResourceGrouping Line:50  - Group for method addNews was announcement-c-ontroller
2019-01-20 22:43:00.044 INFO  --- [main] com.mangofactory.swagger.scanners.ApiListingReferenceScanner Line:78  - Request mapping: addNews belongs to groups: [[ResourceGroup{groupName='announcement-c-ontroller', position=0}]] 
2019-01-20 22:43:00.044 INFO  --- [main] com.mangofactory.swagger.scanners.ApiListingReferenceScanner Line:82  - Adding resource to group:ResourceGroup{groupName='announcement-c-ontroller', position=0} with description:Announcement C Ontroller for handler method:addNews
2019-01-20 22:43:00.048 INFO  --- [main] com.mangofactory.swagger.core.ClassOrApiAnnotationResourceGrouping Line:50  - Group for method updateFirst was announcement-c-ontroller
2019-01-20 22:43:00.048 INFO  --- [main] com.mangofactory.swagger.scanners.ApiListingReferenceScanner Line:78  - Request mapping: updateFirst belongs to groups: [[ResourceGroup{groupName='announcement-c-ontroller', position=0}]] 
2019-01-20 22:43:00.048 INFO  --- [main] com.mangofactory.swagger.scanners.ApiListingReferenceScanner Line:82  - Adding resource to group:ResourceGroup{groupName='announcement-c-ontroller', position=0} with description:Announcement C Ontroller for handler method:updateFirst
2019-01-20 22:43:00.048 INFO  --- [main] com.mangofactory.swagger.core.ClassOrApiAnnotationResourceGrouping Line:50  - Group for method showPhotos was image-controller
2019-01-20 22:43:00.048 INFO  --- [main] com.mangofactory.swagger.scanners.ApiListingReferenceScanner Line:78  - Request mapping: showPhotos belongs to groups: [[ResourceGroup{groupName='image-controller', position=0}]] 
2019-01-20 22:43:00.049 INFO  --- [main] com.mangofactory.swagger.scanners.ApiListingReferenceScanner Line:82  - Adding resource to group:ResourceGroup{groupName='image-controller', position=0} with description:Image Controller for handler method:showPhotos
2019-01-20 22:43:00.049 INFO  --- [main] com.mangofactory.swagger.core.ClassOrApiAnnotationResourceGrouping Line:50  - Group for method uploadImg was image-controller
2019-01-20 22:43:00.049 INFO  --- [main] com.mangofactory.swagger.scanners.ApiListingReferenceScanner Line:78  - Request mapping: uploadImg belongs to groups: [[ResourceGroup{groupName='image-controller', position=0}]] 
2019-01-20 22:43:00.049 INFO  --- [main] com.mangofactory.swagger.scanners.ApiListingReferenceScanner Line:82  - Adding resource to group:ResourceGroup{groupName='image-controller', position=0} with description:Image Controller for handler method:uploadImg
2019-01-20 22:43:00.049 INFO  --- [main] com.mangofactory.swagger.core.ClassOrApiAnnotationResourceGrouping Line:50  - Group for method selectClass was new-classify-controller
2019-01-20 22:43:00.050 INFO  --- [main] com.mangofactory.swagger.scanners.ApiListingReferenceScanner Line:78  - Request mapping: selectClass belongs to groups: [[ResourceGroup{groupName='new-classify-controller', position=0}]] 
2019-01-20 22:43:00.050 INFO  --- [main] com.mangofactory.swagger.scanners.ApiListingReferenceScanner Line:82  - Adding resource to group:ResourceGroup{groupName='new-classify-controller', position=0} with description:New Classify Controller for handler method:selectClass
2019-01-20 22:43:00.050 INFO  --- [main] com.mangofactory.swagger.core.ClassOrApiAnnotationResourceGrouping Line:50  - Group for method selectClass was new-classify-controller
2019-01-20 22:43:00.050 INFO  --- [main] com.mangofactory.swagger.scanners.ApiListingReferenceScanner Line:78  - Request mapping: selectClass belongs to groups: [[ResourceGroup{groupName='new-classify-controller', position=0}]] 
2019-01-20 22:43:00.050 INFO  --- [main] com.mangofactory.swagger.scanners.ApiListingReferenceScanner Line:82  - Adding resource to group:ResourceGroup{groupName='new-classify-controller', position=0} with description:New Classify Controller for handler method:selectClass
2019-01-20 22:43:00.050 INFO  --- [main] com.mangofactory.swagger.core.ClassOrApiAnnotationResourceGrouping Line:50  - Group for method addNews was new-classify-controller
2019-01-20 22:43:00.051 INFO  --- [main] com.mangofactory.swagger.scanners.ApiListingReferenceScanner Line:78  - Request mapping: addNews belongs to groups: [[ResourceGroup{groupName='new-classify-controller', position=0}]] 
2019-01-20 22:43:00.051 INFO  --- [main] com.mangofactory.swagger.scanners.ApiListingReferenceScanner Line:82  - Adding resource to group:ResourceGroup{groupName='new-classify-controller', position=0} with description:New Classify Controller for handler method:addNews
2019-01-20 22:43:00.051 INFO  --- [main] com.mangofactory.swagger.core.ClassOrApiAnnotationResourceGrouping Line:50  - Group for method addNews was news-controller
2019-01-20 22:43:00.051 INFO  --- [main] com.mangofactory.swagger.scanners.ApiListingReferenceScanner Line:78  - Request mapping: addNews belongs to groups: [[ResourceGroup{groupName='news-controller', position=0}]] 
2019-01-20 22:43:00.051 INFO  --- [main] com.mangofactory.swagger.scanners.ApiListingReferenceScanner Line:82  - Adding resource to group:ResourceGroup{groupName='news-controller', position=0} with description:News Controller for handler method:addNews
2019-01-20 22:43:00.052 INFO  --- [main] com.mangofactory.swagger.core.ClassOrApiAnnotationResourceGrouping Line:50  - Group for method updateNewMain was news-controller
2019-01-20 22:43:00.052 INFO  --- [main] com.mangofactory.swagger.scanners.ApiListingReferenceScanner Line:78  - Request mapping: updateNewMain belongs to groups: [[ResourceGroup{groupName='news-controller', position=0}]] 
2019-01-20 22:43:00.052 INFO  --- [main] com.mangofactory.swagger.scanners.ApiListingReferenceScanner Line:82  - Adding resource to group:ResourceGroup{groupName='news-controller', position=0} with description:News Controller for handler method:updateNewMain
2019-01-20 22:43:00.052 INFO  --- [main] com.mangofactory.swagger.core.ClassOrApiAnnotationResourceGrouping Line:50  - Group for method register was user-controller
2019-01-20 22:43:00.053 INFO  --- [main] com.mangofactory.swagger.scanners.ApiListingReferenceScanner Line:78  - Request mapping: register belongs to groups: [[ResourceGroup{groupName='user-controller', position=0}]] 
2019-01-20 22:43:00.053 INFO  --- [main] com.mangofactory.swagger.scanners.ApiListingReferenceScanner Line:82  - Adding resource to group:ResourceGroup{groupName='user-controller', position=0} with description:user Controller for handler method:register
2019-01-20 22:43:00.053 INFO  --- [main] com.mangofactory.swagger.core.ClassOrApiAnnotationResourceGrouping Line:50  - Group for method getUserInfo was user-controller
2019-01-20 22:43:00.053 INFO  --- [main] com.mangofactory.swagger.scanners.ApiListingReferenceScanner Line:78  - Request mapping: getUserInfo belongs to groups: [[ResourceGroup{groupName='user-controller', position=0}]] 
2019-01-20 22:43:00.053 INFO  --- [main] com.mangofactory.swagger.scanners.ApiListingReferenceScanner Line:82  - Adding resource to group:ResourceGroup{groupName='user-controller', position=0} with description:user Controller for handler method:getUserInfo
2019-01-20 22:43:00.054 INFO  --- [main] com.mangofactory.swagger.core.ClassOrApiAnnotationResourceGrouping Line:50  - Group for method login was user-controller
2019-01-20 22:43:00.054 INFO  --- [main] com.mangofactory.swagger.scanners.ApiListingReferenceScanner Line:78  - Request mapping: login belongs to groups: [[ResourceGroup{groupName='user-controller', position=0}]] 
2019-01-20 22:43:00.054 INFO  --- [main] com.mangofactory.swagger.scanners.ApiListingReferenceScanner Line:82  - Adding resource to group:ResourceGroup{groupName='user-controller', position=0} with description:user Controller for handler method:login
2019-01-20 22:43:00.054 INFO  --- [main] com.mangofactory.swagger.core.RequestMappingEvaluator Line:74  - Excluding method as it contains the excluded annotation: interface com.mangofactory.swagger.annotations.ApiIgnore
2019-01-20 22:43:00.054 INFO  --- [main] com.mangofactory.swagger.core.RequestMappingEvaluator Line:74  - Excluding method as it contains the excluded annotation: interface com.mangofactory.swagger.annotations.ApiIgnore
2019-01-20 22:43:00.055 INFO  --- [main] com.mangofactory.swagger.core.ClassOrApiAnnotationResourceGrouping Line:50  - Group for method error was basic-error-controller
2019-01-20 22:43:00.055 INFO  --- [main] com.mangofactory.swagger.scanners.ApiListingReferenceScanner Line:78  - Request mapping: error belongs to groups: [[ResourceGroup{groupName='basic-error-controller', position=0}]] 
2019-01-20 22:43:00.055 INFO  --- [main] com.mangofactory.swagger.scanners.ApiListingReferenceScanner Line:82  - Adding resource to group:ResourceGroup{groupName='basic-error-controller', position=0} with description:Basic Error Controller for handler method:error
2019-01-20 22:43:00.055 INFO  --- [main] com.mangofactory.swagger.core.ClassOrApiAnnotationResourceGrouping Line:50  - Group for method errorHtml was basic-error-controller
2019-01-20 22:43:00.056 INFO  --- [main] com.mangofactory.swagger.scanners.ApiListingReferenceScanner Line:78  - Request mapping: errorHtml belongs to groups: [[ResourceGroup{groupName='basic-error-controller', position=0}]] 
2019-01-20 22:43:00.056 INFO  --- [main] com.mangofactory.swagger.scanners.ApiListingReferenceScanner Line:82  - Adding resource to group:ResourceGroup{groupName='basic-error-controller', position=0} with description:Basic Error Controller for handler method:errorHtml
2019-01-20 22:43:00.065 INFO  --- [main] com.mangofactory.swagger.scanners.ApiListingReferenceScanner Line:96  - Created resource listing Path: /default/announcement-c-ontroller Description: announcement-c-ontroller Position: 0
2019-01-20 22:43:00.065 INFO  --- [main] com.mangofactory.swagger.scanners.ApiListingReferenceScanner Line:96  - Created resource listing Path: /default/image-controller Description: image-controller Position: 0
2019-01-20 22:43:00.065 INFO  --- [main] com.mangofactory.swagger.scanners.ApiListingReferenceScanner Line:96  - Created resource listing Path: /default/user-controller Description: user-controller Position: 0
2019-01-20 22:43:00.066 INFO  --- [main] com.mangofactory.swagger.scanners.ApiListingReferenceScanner Line:96  - Created resource listing Path: /default/news-controller Description: news-controller Position: 0
2019-01-20 22:43:00.066 INFO  --- [main] com.mangofactory.swagger.scanners.ApiListingReferenceScanner Line:96  - Created resource listing Path: /default/basic-error-controller Description: basic-error-controller Position: 0
2019-01-20 22:43:00.066 INFO  --- [main] com.mangofactory.swagger.scanners.ApiListingReferenceScanner Line:96  - Created resource listing Path: /default/new-classify-controller Description: new-classify-controller Position: 0
2019-01-20 22:43:00.375 INFO  --- [main] com.mangofactory.swagger.core.SwaggerApiResourceListing Line:89  - Added a resource listing with (6) api resources: 
2019-01-20 22:43:00.376 INFO  --- [main] com.mangofactory.swagger.core.SwaggerApiResourceListing Line:93  -   Announcement C Ontroller at location: /api-docs/default/announcement-c-ontroller
2019-01-20 22:43:00.376 INFO  --- [main] com.mangofactory.swagger.core.SwaggerApiResourceListing Line:93  -   Basic Error Controller at location: /api-docs/default/basic-error-controller
2019-01-20 22:43:00.376 INFO  --- [main] com.mangofactory.swagger.core.SwaggerApiResourceListing Line:93  -   Image Controller at location: /api-docs/default/image-controller
2019-01-20 22:43:00.376 INFO  --- [main] com.mangofactory.swagger.core.SwaggerApiResourceListing Line:93  -   New Classify Controller at location: /api-docs/default/new-classify-controller
2019-01-20 22:43:00.376 INFO  --- [main] com.mangofactory.swagger.core.SwaggerApiResourceListing Line:93  -   News Controller at location: /api-docs/default/news-controller
2019-01-20 22:43:00.376 INFO  --- [main] com.mangofactory.swagger.core.SwaggerApiResourceListing Line:93  -   user Controller at location: /api-docs/default/user-controller
2019-01-20 22:43:00.378 INFO  --- [main] org.apache.coyote.http11.Http11NioProtocol Line:180 - Starting ProtocolHandler ["http-nio-9999"]
2019-01-20 22:43:00.388 INFO  --- [main] org.apache.tomcat.util.net.NioSelectorPool Line:180 - Using a shared selector for servlet write/read
2019-01-20 22:43:00.416 INFO  --- [main] com.example.acm.AcmApplication Line:59  - Started AcmApplication in 4.7 seconds (JVM running for 5.485)
2019-01-20 22:43:56.090 INFO  --- [http-nio-9999-exec-1] org.apache.catalina.core.ContainerBase.[Tomcat].[localhost].[/] Line:180 - Initializing Spring FrameworkServlet 'dispatcherServlet'
2019-01-20 22:43:56.137 INFO  --- [http-nio-9999-exec-2] com.example.acm.interceptor.AuthInterceptor Line:33  - -------------------------POST
2019-01-20 22:43:56.232 INFO  --- [http-nio-9999-exec-2] io.lettuce.core.EpollProvider Line:101 - Starting without optional epoll library
2019-01-20 22:43:56.233 INFO  --- [http-nio-9999-exec-2] io.lettuce.core.KqueueProvider Line:101 - Starting without optional kqueue library
2019-01-20 22:43:56.578 INFO  --- [http-nio-9999-exec-2] com.zaxxer.hikari.HikariDataSource Line:110 - HikariPool-1 - Starting...
2019-01-20 22:43:56.743 INFO  --- [http-nio-9999-exec-2] com.zaxxer.hikari.HikariDataSource Line:123 - HikariPool-1 - Start completed.
2019-01-20 22:44:06.157 INFO  --- [http-nio-9999-exec-5] com.example.acm.interceptor.AuthInterceptor Line:33  - -------------------------POST
2019-01-20 22:45:00.195 INFO  --- [http-nio-9999-exec-7] com.example.acm.interceptor.AuthInterceptor Line:33  - -------------------------POST
2019-01-20 22:47:06.881 INFO  --- [http-nio-9999-exec-9] com.example.acm.interceptor.AuthInterceptor Line:33  - -------------------------POST
2019-01-20 22:48:10.124 INFO  --- [http-nio-9999-exec-1] com.example.acm.interceptor.AuthInterceptor Line:33  - -------------------------POST
2019-01-20 22:48:17.486 INFO  --- [http-nio-9999-exec-2] com.example.acm.interceptor.AuthInterceptor Line:33  - -------------------------POST
2019-01-20 22:48:37.383 INFO  --- [http-nio-9999-exec-5] com.example.acm.interceptor.AuthInterceptor Line:33  - -------------------------POST
2019-01-20 22:48:46.306 INFO  --- [http-nio-9999-exec-8] com.example.acm.interceptor.AuthInterceptor Line:33  - -------------------------POST
2019-01-20 22:49:18.393 INFO  --- [http-nio-9999-exec-10] com.example.acm.interceptor.AuthInterceptor Line:33  - -------------------------POST
2019-01-20 22:49:24.636 INFO  --- [http-nio-9999-exec-2] com.example.acm.interceptor.AuthInterceptor Line:33  - -------------------------POST
2019-01-20 22:49:28.026 INFO  --- [http-nio-9999-exec-4] com.example.acm.interceptor.AuthInterceptor Line:33  - -------------------------POST
2019-01-20 22:49:48.407 INFO  --- [http-nio-9999-exec-6] com.example.acm.interceptor.AuthInterceptor Line:33  - -------------------------POST
2019-01-20 22:50:02.922 INFO  --- [http-nio-9999-exec-8] com.example.acm.interceptor.AuthInterceptor Line:33  - -------------------------POST
2019-01-20 22:50:10.722 INFO  --- [http-nio-9999-exec-10] com.example.acm.interceptor.AuthInterceptor Line:33  - -------------------------POST
2019-01-20 22:50:19.118 INFO  --- [http-nio-9999-exec-2] com.example.acm.interceptor.AuthInterceptor Line:33  - -------------------------POST
2019-01-20 22:51:13.592 INFO  --- [http-nio-9999-exec-4] com.example.acm.interceptor.AuthInterceptor Line:33  - -------------------------POST
2019-01-20 22:51:14.817 INFO  --- [http-nio-9999-exec-6] com.example.acm.interceptor.AuthInterceptor Line:33  - -------------------------POST
2019-01-20 22:51:42.612 INFO  --- [http-nio-9999-exec-8] com.example.acm.interceptor.AuthInterceptor Line:33  - -------------------------POST
2019-01-20 22:51:56.383 INFO  --- [http-nio-9999-exec-9] com.example.acm.interceptor.AuthInterceptor Line:33  - -------------------------POST
2019-01-20 23:11:28.732 INFO  --- [http-nio-9999-exec-2] com.example.acm.interceptor.AuthInterceptor Line:33  - -------------------------POST
2019-01-20 23:12:27.918 INFO  --- [http-nio-9999-exec-4] com.example.acm.interceptor.AuthInterceptor Line:33  - -------------------------POST
2019-01-20 23:12:32.645 INFO  --- [http-nio-9999-exec-6] com.example.acm.interceptor.AuthInterceptor Line:33  - -------------------------POST
2019-01-20 23:12:55.346 INFO  --- [http-nio-9999-exec-8] com.example.acm.interceptor.AuthInterceptor Line:33  - -------------------------POST
2019-01-20 23:13:14.820 INFO  --- [http-nio-9999-exec-10] com.example.acm.interceptor.AuthInterceptor Line:33  - -------------------------POST
2019-01-20 23:14:40.474 INFO  --- [http-nio-9999-exec-3] com.example.acm.interceptor.AuthInterceptor Line:33  - -------------------------POST
