2019-02-03 14:15:51.411 INFO  --- [http-nio-9999-exec-7] com.example.acm.interceptor.AuthInterceptor Line:33  - -------------------------POST
2019-02-03 14:15:52.459 INFO  --- [http-nio-9999-exec-7] com.example.acm.controller.userController Line:91  - ----------------uID29aa2542cccc4255b80ffbd2bb8b00d5
2019-02-03 14:16:00.047 INFO  --- [http-nio-9999-exec-2] com.example.acm.interceptor.AuthInterceptor Line:33  - -------------------------POST
2019-02-03 14:16:00.048 INFO  --- [http-nio-9999-exec-2] com.example.acm.controller.userController Line:58  - -----------token:29aa2542cccc4255b80ffbd2bb8b00d5
2019-02-03 14:16:00.049 INFO  --- [http-nio-9999-exec-2] com.example.acm.controller.userController Line:59  - usernamegyt
2019-02-03 14:16:00.064 INFO  --- [http-nio-9999-exec-2] com.example.acm.controller.userController Line:68  - gyt
2019-02-03 14:16:00.064 INFO  --- [http-nio-9999-exec-2] com.example.acm.controller.userController Line:69  - userId-----------------2
2019-02-03 14:16:01.630 INFO  --- [http-nio-9999-exec-10] com.example.acm.interceptor.AuthInterceptor Line:33  - -------------------------POST
2019-02-03 14:16:01.631 INFO  --- [http-nio-9999-exec-10] com.example.acm.controller.userController Line:91  - ----------------uID3311cdbccd23406f89e637ed1ceafcc7
2019-02-03 14:16:01.635 INFO  --- [http-nio-9999-exec-10] com.example.acm.controller.BaseController Line:50  - ------uID2
2019-02-03 14:16:01.686 INFO  --- [http-nio-9999-exec-10] com.example.acm.controller.userController Line:105 - gyt
2019-02-03 14:17:13.331 INFO  --- [http-nio-9999-exec-1] com.example.acm.interceptor.AuthInterceptor Line:33  - -------------------------POST
2019-02-03 14:17:13.331 INFO  --- [http-nio-9999-exec-1] com.example.acm.controller.userController Line:91  - ----------------uID3311cdbccd23406f89e637ed1ceafcc7
2019-02-03 14:17:13.338 INFO  --- [http-nio-9999-exec-1] com.example.acm.controller.BaseController Line:50  - ------uID2
2019-02-03 14:17:13.345 INFO  --- [http-nio-9999-exec-1] com.example.acm.controller.userController Line:105 - gyt
2019-02-03 14:17:13.932 INFO  --- [http-nio-9999-exec-5] com.example.acm.interceptor.AuthInterceptor Line:33  - -------------------------POST
2019-02-03 14:17:13.987 INFO  --- [http-nio-9999-exec-3] com.example.acm.interceptor.AuthInterceptor Line:33  - -------------------------GET
2019-02-03 14:17:13.990 INFO  --- [http-nio-9999-exec-6] com.example.acm.interceptor.AuthInterceptor Line:33  - -------------------------GET
2019-02-03 14:17:18.321 INFO  --- [http-nio-9999-exec-7] com.example.acm.interceptor.AuthInterceptor Line:33  - -------------------------POST
2019-02-03 14:17:18.321 INFO  --- [http-nio-9999-exec-7] com.example.acm.controller.userController Line:91  - ----------------uID3311cdbccd23406f89e637ed1ceafcc7
2019-02-03 14:17:18.326 INFO  --- [http-nio-9999-exec-7] com.example.acm.controller.BaseController Line:50  - ------uID2
2019-02-03 14:17:18.331 INFO  --- [http-nio-9999-exec-7] com.example.acm.controller.userController Line:105 - gyt
2019-02-03 14:18:06.525 INFO  --- [http-nio-9999-exec-8] com.example.acm.interceptor.AuthInterceptor Line:33  - -------------------------POST
2019-02-03 14:18:06.525 INFO  --- [http-nio-9999-exec-8] com.example.acm.controller.userController Line:91  - ----------------uID3311cdbccd23406f89e637ed1ceafcc7
2019-02-03 14:18:06.532 INFO  --- [http-nio-9999-exec-8] com.example.acm.controller.BaseController Line:50  - ------uID2
2019-02-03 14:18:06.537 INFO  --- [http-nio-9999-exec-8] com.example.acm.controller.userController Line:105 - gyt
2019-02-03 14:18:07.089 INFO  --- [http-nio-9999-exec-2] com.example.acm.interceptor.AuthInterceptor Line:33  - -------------------------POST
2019-02-03 14:18:20.680 INFO  --- [http-nio-9999-exec-1] com.example.acm.interceptor.AuthInterceptor Line:33  - -------------------------POST
2019-02-03 14:18:24.781 INFO  --- [http-nio-9999-exec-4] com.example.acm.interceptor.AuthInterceptor Line:33  - -------------------------POST
2019-02-03 14:18:24.782 INFO  --- [http-nio-9999-exec-4] com.example.acm.controller.userController Line:91  - ----------------uID3311cdbccd23406f89e637ed1ceafcc7
2019-02-03 14:18:24.793 INFO  --- [http-nio-9999-exec-4] com.example.acm.controller.BaseController Line:50  - ------uID2
2019-02-03 14:18:24.799 INFO  --- [http-nio-9999-exec-4] com.example.acm.controller.userController Line:105 - gyt
2019-02-03 14:18:29.937 INFO  --- [http-nio-9999-exec-5] com.example.acm.interceptor.AuthInterceptor Line:33  - -------------------------POST
2019-02-03 14:18:29.938 INFO  --- [http-nio-9999-exec-5] com.example.acm.controller.userController Line:91  - ----------------uID3311cdbccd23406f89e637ed1ceafcc7
2019-02-03 14:18:29.942 INFO  --- [http-nio-9999-exec-5] com.example.acm.controller.BaseController Line:50  - ------uID2
2019-02-03 14:18:29.947 INFO  --- [http-nio-9999-exec-5] com.example.acm.controller.userController Line:105 - gyt
2019-02-03 14:25:06.309 INFO  --- [http-nio-9999-exec-7] com.example.acm.interceptor.AuthInterceptor Line:33  - -------------------------POST
2019-02-03 14:25:06.310 INFO  --- [http-nio-9999-exec-7] com.example.acm.controller.userController Line:91  - ----------------uID3311cdbccd23406f89e637ed1ceafcc7
2019-02-03 14:25:06.317 INFO  --- [http-nio-9999-exec-7] com.example.acm.controller.BaseController Line:50  - ------uID2
2019-02-03 14:25:06.323 INFO  --- [http-nio-9999-exec-7] com.example.acm.controller.userController Line:105 - gyt
2019-02-03 14:25:07.082 INFO  --- [http-nio-9999-exec-8] com.example.acm.interceptor.AuthInterceptor Line:33  - -------------------------POST
2019-02-03 14:25:26.586 INFO  --- [http-nio-9999-exec-2] com.example.acm.interceptor.AuthInterceptor Line:33  - -------------------------POST
2019-02-03 14:25:26.586 INFO  --- [http-nio-9999-exec-2] com.example.acm.controller.userController Line:91  - ----------------uID3311cdbccd23406f89e637ed1ceafcc7
2019-02-03 14:25:26.592 INFO  --- [http-nio-9999-exec-2] com.example.acm.controller.BaseController Line:50  - ------uID2
2019-02-03 14:25:26.598 INFO  --- [http-nio-9999-exec-2] com.example.acm.controller.userController Line:105 - gyt
2019-02-03 14:25:27.307 INFO  --- [http-nio-9999-exec-10] com.example.acm.interceptor.AuthInterceptor Line:33  - -------------------------POST
2019-02-03 14:25:50.970 INFO  --- [http-nio-9999-exec-1] com.example.acm.interceptor.AuthInterceptor Line:33  - -------------------------POST
2019-02-03 14:25:50.970 INFO  --- [http-nio-9999-exec-1] com.example.acm.controller.userController Line:91  - ----------------uIDadd1173a57f14aedaddb38788e1535eb
2019-02-03 14:26:05.338 INFO  --- [http-nio-9999-exec-5] com.example.acm.interceptor.AuthInterceptor Line:33  - -------------------------POST
2019-02-03 14:26:05.339 INFO  --- [http-nio-9999-exec-5] com.example.acm.controller.userController Line:91  - ----------------uID3311cdbccd23406f89e637ed1ceafcc7
2019-02-03 14:26:05.346 INFO  --- [http-nio-9999-exec-5] com.example.acm.controller.BaseController Line:50  - ------uID2
2019-02-03 14:26:05.353 INFO  --- [http-nio-9999-exec-5] com.example.acm.controller.userController Line:105 - gyt
2019-02-03 14:26:05.836 INFO  --- [http-nio-9999-exec-3] com.example.acm.interceptor.AuthInterceptor Line:33  - -------------------------POST
2019-02-03 14:26:08.204 INFO  --- [http-nio-9999-exec-6] com.example.acm.interceptor.AuthInterceptor Line:33  - -------------------------POST
2019-02-03 14:26:08.205 INFO  --- [http-nio-9999-exec-6] com.example.acm.controller.userController Line:91  - ----------------uIDadd1173a57f14aedaddb38788e1535eb
2019-02-03 14:26:17.030 INFO  --- [http-nio-9999-exec-7] com.example.acm.interceptor.AuthInterceptor Line:33  - -------------------------POST
2019-02-03 14:26:17.031 INFO  --- [http-nio-9999-exec-7] com.example.acm.controller.userController Line:91  - ----------------uIDadd1173a57f14aedaddb38788e1535eb
2019-02-03 14:26:47.242 INFO  --- [http-nio-9999-exec-2] com.example.acm.interceptor.AuthInterceptor Line:33  - -------------------------POST
2019-02-03 14:26:47.243 INFO  --- [http-nio-9999-exec-2] com.example.acm.controller.userController Line:91  - ----------------uID3311cdbccd23406f89e637ed1ceafcc7
2019-02-03 14:26:47.359 INFO  --- [http-nio-9999-exec-2] com.example.acm.controller.BaseController Line:50  - ------uID2
2019-02-03 14:26:47.367 INFO  --- [http-nio-9999-exec-2] com.example.acm.controller.userController Line:105 - gyt
2019-02-03 14:26:48.051 INFO  --- [http-nio-9999-exec-10] com.example.acm.interceptor.AuthInterceptor Line:33  - -------------------------POST
2019-02-03 14:26:48.051 INFO  --- [http-nio-9999-exec-10] com.example.acm.controller.userController Line:91  - ----------------uIDadd1173a57f14aedaddb38788e1535eb
2019-02-03 14:26:48.120 INFO  --- [http-nio-9999-exec-9] com.example.acm.interceptor.AuthInterceptor Line:33  - -------------------------POST
2019-02-03 14:26:52.466 INFO  --- [http-nio-9999-exec-1] com.example.acm.interceptor.AuthInterceptor Line:33  - -------------------------POST
2019-02-03 14:26:52.470 INFO  --- [http-nio-9999-exec-1] com.example.acm.controller.userController Line:91  - ----------------uID3311cdbccd23406f89e637ed1ceafcc7
2019-02-03 14:26:52.476 INFO  --- [http-nio-9999-exec-1] com.example.acm.controller.BaseController Line:50  - ------uID2
2019-02-03 14:26:52.482 INFO  --- [http-nio-9999-exec-1] com.example.acm.controller.userController Line:105 - gyt
2019-02-03 14:26:58.576 INFO  --- [http-nio-9999-exec-4] com.example.acm.interceptor.AuthInterceptor Line:33  - -------------------------POST
2019-02-03 14:26:58.577 INFO  --- [http-nio-9999-exec-4] com.example.acm.controller.userController Line:91  - ----------------uIDadd1173a57f14aedaddb38788e1535eb
2019-02-03 14:28:50.376 INFO  --- [http-nio-9999-exec-3] com.example.acm.interceptor.AuthInterceptor Line:33  - -------------------------POST
2019-02-03 14:28:50.377 INFO  --- [http-nio-9999-exec-3] com.example.acm.controller.userController Line:91  - ----------------uID3311cdbccd23406f89e637ed1ceafcc7
2019-02-03 14:28:50.385 INFO  --- [http-nio-9999-exec-3] com.example.acm.controller.BaseController Line:50  - ------uID2
2019-02-03 14:28:50.392 INFO  --- [http-nio-9999-exec-3] com.example.acm.controller.userController Line:105 - gyt
2019-02-03 14:28:50.412 INFO  --- [http-nio-9999-exec-6] com.example.acm.interceptor.AuthInterceptor Line:33  - -------------------------POST
2019-02-03 14:28:50.413 INFO  --- [http-nio-9999-exec-6] com.example.acm.controller.userController Line:91  - ----------------uIDadd1173a57f14aedaddb38788e1535eb
2019-02-03 14:28:51.130 INFO  --- [http-nio-9999-exec-8] com.example.acm.interceptor.AuthInterceptor Line:33  - -------------------------POST
2019-02-03 14:29:10.596 INFO  --- [http-nio-9999-exec-2] com.example.acm.interceptor.AuthInterceptor Line:33  - -------------------------POST
2019-02-03 14:29:10.600 INFO  --- [http-nio-9999-exec-2] com.example.acm.controller.userController Line:91  - ----------------uIDadd1173a57f14aedaddb38788e1535eb
2019-02-03 14:32:26.372 INFO  --- [http-nio-9999-exec-9] com.example.acm.interceptor.AuthInterceptor Line:33  - -------------------------POST
2019-02-03 14:32:26.373 INFO  --- [http-nio-9999-exec-9] com.example.acm.controller.userController Line:91  - ----------------uID3311cdbccd23406f89e637ed1ceafcc7
2019-02-03 14:32:26.380 INFO  --- [http-nio-9999-exec-9] com.example.acm.controller.BaseController Line:50  - ------uID2
2019-02-03 14:32:26.389 INFO  --- [http-nio-9999-exec-9] com.example.acm.controller.userController Line:105 - gyt
2019-02-03 14:32:27.013 INFO  --- [http-nio-9999-exec-1] com.example.acm.interceptor.AuthInterceptor Line:33  - -------------------------POST
2019-02-03 14:32:40.652 INFO  --- [http-nio-9999-exec-4] com.example.acm.interceptor.AuthInterceptor Line:33  - -------------------------POST
2019-02-03 14:32:40.653 INFO  --- [http-nio-9999-exec-4] com.example.acm.controller.userController Line:91  - ----------------uIDadd1173a57f14aedaddb38788e1535eb
2019-02-03 14:32:55.359 INFO  --- [http-nio-9999-exec-3] com.example.acm.interceptor.AuthInterceptor Line:33  - -------------------------POST
2019-02-03 14:32:55.359 INFO  --- [http-nio-9999-exec-3] com.example.acm.controller.userController Line:91  - ----------------uID3311cdbccd23406f89e637ed1ceafcc7
2019-02-03 14:32:55.468 INFO  --- [http-nio-9999-exec-6] com.example.acm.interceptor.AuthInterceptor Line:33  - -------------------------POST
2019-02-03 14:32:55.469 INFO  --- [http-nio-9999-exec-6] com.example.acm.controller.userController Line:91  - ----------------uIDadd1173a57f14aedaddb38788e1535eb
2019-02-03 14:32:56.136 INFO  --- [http-nio-9999-exec-7] com.example.acm.interceptor.AuthInterceptor Line:33  - -------------------------POST
2019-02-03 14:33:59.210 INFO  --- [http-nio-9999-exec-2] com.example.acm.interceptor.AuthInterceptor Line:33  - -------------------------POST
2019-02-03 14:33:59.210 INFO  --- [http-nio-9999-exec-2] com.example.acm.controller.userController Line:91  - ----------------uID3311cdbccd23406f89e637ed1ceafcc7
2019-02-03 14:33:59.365 INFO  --- [http-nio-9999-exec-10] com.example.acm.interceptor.AuthInterceptor Line:33  - -------------------------POST
2019-02-03 14:33:59.366 INFO  --- [http-nio-9999-exec-10] com.example.acm.controller.userController Line:91  - ----------------uIDadd1173a57f14aedaddb38788e1535eb
2019-02-03 14:34:00.182 INFO  --- [http-nio-9999-exec-9] com.example.acm.interceptor.AuthInterceptor Line:33  - -------------------------POST
2019-02-03 14:37:26.438 INFO  --- [http-nio-9999-exec-3] com.example.acm.interceptor.AuthInterceptor Line:33  - -------------------------POST
2019-02-03 14:37:26.439 INFO  --- [http-nio-9999-exec-3] com.example.acm.controller.userController Line:91  - ----------------uID3311cdbccd23406f89e637ed1ceafcc7
2019-02-03 14:37:26.924 INFO  --- [http-nio-9999-exec-7] com.example.acm.interceptor.AuthInterceptor Line:33  - -------------------------POST
2019-02-03 14:37:26.931 INFO  --- [http-nio-9999-exec-7] com.example.acm.controller.userController Line:91  - ----------------uIDadd1173a57f14aedaddb38788e1535eb
2019-02-03 14:37:27.153 INFO  --- [http-nio-9999-exec-8] com.example.acm.interceptor.AuthInterceptor Line:33  - -------------------------POST
2019-02-03 14:37:48.002 INFO  --- [http-nio-9999-exec-10] com.example.acm.interceptor.AuthInterceptor Line:33  - -------------------------POST
2019-02-03 14:37:48.002 INFO  --- [http-nio-9999-exec-10] com.example.acm.controller.userController Line:91  - ----------------uID3311cdbccd23406f89e637ed1ceafcc7
2019-02-03 14:37:48.584 INFO  --- [http-nio-9999-exec-9] com.example.acm.interceptor.AuthInterceptor Line:33  - -------------------------POST
2019-02-03 14:37:48.585 INFO  --- [http-nio-9999-exec-9] com.example.acm.controller.userController Line:91  - ----------------uIDadd1173a57f14aedaddb38788e1535eb
2019-02-03 14:37:49.023 INFO  --- [http-nio-9999-exec-1] com.example.acm.interceptor.AuthInterceptor Line:33  - -------------------------POST
2019-02-03 14:37:50.760 INFO  --- [http-nio-9999-exec-4] com.example.acm.interceptor.AuthInterceptor Line:33  - -------------------------POST
2019-02-03 14:37:50.761 INFO  --- [http-nio-9999-exec-4] com.example.acm.controller.userController Line:91  - ----------------uIDadd1173a57f14aedaddb38788e1535eb
2019-02-03 14:38:07.317 INFO  --- [http-nio-9999-exec-5] com.example.acm.interceptor.AuthInterceptor Line:33  - -------------------------POST
2019-02-03 14:38:07.317 INFO  --- [http-nio-9999-exec-5] com.example.acm.controller.userController Line:91  - ----------------uID3311cdbccd23406f89e637ed1ceafcc7
2019-02-03 14:38:07.444 INFO  --- [http-nio-9999-exec-3] com.example.acm.interceptor.AuthInterceptor Line:33  - -------------------------POST
2019-02-03 14:38:07.444 INFO  --- [http-nio-9999-exec-3] com.example.acm.controller.userController Line:91  - ----------------uIDadd1173a57f14aedaddb38788e1535eb
2019-02-03 14:38:07.774 INFO  --- [http-nio-9999-exec-6] com.example.acm.interceptor.AuthInterceptor Line:33  - -------------------------POST
2019-02-03 14:39:54.973 INFO  --- [http-nio-9999-exec-8] com.example.acm.interceptor.AuthInterceptor Line:33  - -------------------------POST
2019-02-03 14:39:54.973 INFO  --- [http-nio-9999-exec-8] com.example.acm.controller.userController Line:91  - ----------------uIDadd1173a57f14aedaddb38788e1535eb
2019-02-03 14:39:54.982 INFO  --- [http-nio-9999-exec-2] com.example.acm.interceptor.AuthInterceptor Line:33  - -------------------------POST
2019-02-03 14:39:54.983 INFO  --- [http-nio-9999-exec-2] com.example.acm.controller.userController Line:91  - ----------------uID3311cdbccd23406f89e637ed1ceafcc7
2019-02-03 14:39:56.155 INFO  --- [http-nio-9999-exec-9] com.example.acm.interceptor.AuthInterceptor Line:33  - -------------------------POST
2019-02-03 14:40:18.496 INFO  --- [http-nio-9999-exec-4] com.example.acm.interceptor.AuthInterceptor Line:33  - -------------------------POST
2019-02-03 14:40:18.497 INFO  --- [http-nio-9999-exec-4] com.example.acm.controller.userController Line:91  - ----------------uID3311cdbccd23406f89e637ed1ceafcc7
2019-02-03 14:40:18.955 INFO  --- [http-nio-9999-exec-5] com.example.acm.interceptor.AuthInterceptor Line:33  - -------------------------POST
2019-02-03 14:40:18.955 INFO  --- [http-nio-9999-exec-5] com.example.acm.controller.userController Line:91  - ----------------uIDadd1173a57f14aedaddb38788e1535eb
2019-02-03 14:40:19.581 INFO  --- [http-nio-9999-exec-3] com.example.acm.interceptor.AuthInterceptor Line:33  - -------------------------POST
2019-02-03 14:40:53.949 INFO  --- [http-nio-9999-exec-6] com.example.acm.interceptor.AuthInterceptor Line:33  - -------------------------POST
2019-02-03 14:40:53.950 INFO  --- [http-nio-9999-exec-6] com.example.acm.controller.userController Line:91  - ----------------uID3311cdbccd23406f89e637ed1ceafcc7
2019-02-03 14:40:54.114 INFO  --- [http-nio-9999-exec-7] com.example.acm.interceptor.AuthInterceptor Line:33  - -------------------------POST
2019-02-03 14:40:54.114 INFO  --- [http-nio-9999-exec-7] com.example.acm.controller.userController Line:91  - ----------------uIDadd1173a57f14aedaddb38788e1535eb
2019-02-03 14:40:54.752 INFO  --- [http-nio-9999-exec-8] com.example.acm.interceptor.AuthInterceptor Line:33  - -------------------------POST
2019-02-03 14:41:44.364 INFO  --- [http-nio-9999-exec-10] com.example.acm.interceptor.AuthInterceptor Line:33  - -------------------------POST
2019-02-03 14:41:44.365 INFO  --- [http-nio-9999-exec-10] com.example.acm.controller.userController Line:91  - ----------------uID3311cdbccd23406f89e637ed1ceafcc7
2019-02-03 14:41:44.502 INFO  --- [http-nio-9999-exec-9] com.example.acm.interceptor.AuthInterceptor Line:33  - -------------------------POST
2019-02-03 14:41:44.502 INFO  --- [http-nio-9999-exec-9] com.example.acm.controller.userController Line:91  - ----------------uIDadd1173a57f14aedaddb38788e1535eb
2019-02-03 14:41:44.507 INFO  --- [http-nio-9999-exec-1] com.example.acm.interceptor.AuthInterceptor Line:33  - -------------------------POST
2019-02-03 14:41:44.507 INFO  --- [http-nio-9999-exec-1] com.example.acm.controller.userController Line:91  - ----------------uIDadd1173a57f14aedaddb38788e1535eb
2019-02-03 14:41:45.215 INFO  --- [http-nio-9999-exec-4] com.example.acm.interceptor.AuthInterceptor Line:33  - -------------------------POST
2019-02-03 14:41:50.378 INFO  --- [http-nio-9999-exec-5] com.example.acm.interceptor.AuthInterceptor Line:33  - -------------------------POST
2019-02-03 14:41:50.378 INFO  --- [http-nio-9999-exec-5] com.example.acm.controller.userController Line:91  - ----------------uIDadd1173a57f14aedaddb38788e1535eb
2019-02-03 14:41:50.381 INFO  --- [http-nio-9999-exec-3] com.example.acm.interceptor.AuthInterceptor Line:33  - -------------------------POST
2019-02-03 14:41:50.382 INFO  --- [http-nio-9999-exec-3] com.example.acm.controller.userController Line:91  - ----------------uIDadd1173a57f14aedaddb38788e1535eb
2019-02-03 14:42:15.532 INFO  --- [http-nio-9999-exec-2] com.example.acm.interceptor.AuthInterceptor Line:33  - -------------------------POST
2019-02-03 14:42:15.533 INFO  --- [http-nio-9999-exec-2] com.example.acm.controller.userController Line:91  - ----------------uID3311cdbccd23406f89e637ed1ceafcc7
2019-02-03 14:42:15.702 INFO  --- [http-nio-9999-exec-10] com.example.acm.interceptor.AuthInterceptor Line:33  - -------------------------POST
2019-02-03 14:42:15.703 INFO  --- [http-nio-9999-exec-10] com.example.acm.controller.userController Line:91  - ----------------uIDadd1173a57f14aedaddb38788e1535eb
2019-02-03 14:42:15.708 INFO  --- [http-nio-9999-exec-9] com.example.acm.interceptor.AuthInterceptor Line:33  - -------------------------POST
2019-02-03 14:42:15.708 INFO  --- [http-nio-9999-exec-9] com.example.acm.controller.userController Line:91  - ----------------uIDadd1173a57f14aedaddb38788e1535eb
2019-02-03 14:42:16.458 INFO  --- [http-nio-9999-exec-1] com.example.acm.interceptor.AuthInterceptor Line:33  - -------------------------POST
2019-02-03 14:42:35.939 INFO  --- [http-nio-9999-exec-3] com.example.acm.interceptor.AuthInterceptor Line:33  - -------------------------POST
2019-02-03 14:42:35.940 INFO  --- [http-nio-9999-exec-3] com.example.acm.controller.userController Line:91  - ----------------uIDadd1173a57f14aedaddb38788e1535eb
2019-02-03 14:42:35.948 INFO  --- [http-nio-9999-exec-6] com.example.acm.interceptor.AuthInterceptor Line:33  - -------------------------POST
2019-02-03 14:42:35.948 INFO  --- [http-nio-9999-exec-6] com.example.acm.controller.userController Line:91  - ----------------uID3311cdbccd23406f89e637ed1ceafcc7
2019-02-03 14:42:36.634 INFO  --- [http-nio-9999-exec-8] com.example.acm.interceptor.AuthInterceptor Line:33  - -------------------------POST
2019-02-03 14:43:04.018 INFO  --- [http-nio-9999-exec-9] com.example.acm.interceptor.AuthInterceptor Line:33  - -------------------------POST
2019-02-03 14:43:04.019 INFO  --- [http-nio-9999-exec-9] com.example.acm.controller.userController Line:91  - ----------------uIDadd1173a57f14aedaddb38788e1535eb
2019-02-03 14:43:04.035 INFO  --- [http-nio-9999-exec-1] com.example.acm.interceptor.AuthInterceptor Line:33  - -------------------------POST
2019-02-03 14:43:04.036 INFO  --- [http-nio-9999-exec-1] com.example.acm.controller.userController Line:91  - ----------------uID3311cdbccd23406f89e637ed1ceafcc7
2019-02-03 14:43:05.043 INFO  --- [http-nio-9999-exec-4] com.example.acm.interceptor.AuthInterceptor Line:33  - -------------------------POST
2019-02-03 14:43:23.958 INFO  --- [http-nio-9999-exec-5] com.example.acm.interceptor.AuthInterceptor Line:33  - -------------------------POST
2019-02-03 14:43:23.959 INFO  --- [http-nio-9999-exec-5] com.example.acm.controller.userController Line:91  - ----------------uID3311cdbccd23406f89e637ed1ceafcc7
2019-02-03 14:43:24.086 INFO  --- [http-nio-9999-exec-3] com.example.acm.interceptor.AuthInterceptor Line:33  - -------------------------POST
2019-02-03 14:43:24.087 INFO  --- [http-nio-9999-exec-3] com.example.acm.controller.userController Line:91  - ----------------uIDadd1173a57f14aedaddb38788e1535eb
2019-02-03 14:43:24.716 INFO  --- [http-nio-9999-exec-6] com.example.acm.interceptor.AuthInterceptor Line:33  - -------------------------POST
2019-02-03 14:43:28.318 INFO  --- [http-nio-9999-exec-8] com.example.acm.interceptor.AuthInterceptor Line:33  - -------------------------POST
2019-02-03 14:43:28.319 INFO  --- [http-nio-9999-exec-8] com.example.acm.controller.userController Line:91  - ----------------uIDadd1173a57f14aedaddb38788e1535eb
2019-02-03 14:45:04.254 INFO  --- [http-nio-9999-exec-7] com.example.acm.interceptor.AuthInterceptor Line:33  - -------------------------POST
2019-02-03 14:45:04.255 INFO  --- [http-nio-9999-exec-7] com.example.acm.controller.userController Line:91  - ----------------uIDadd1173a57f14aedaddb38788e1535eb
2019-02-03 14:45:11.804 INFO  --- [http-nio-9999-exec-9] com.example.acm.interceptor.AuthInterceptor Line:33  - -------------------------POST
2019-02-03 14:45:11.804 INFO  --- [http-nio-9999-exec-9] com.example.acm.controller.userController Line:91  - ----------------uIDadd1173a57f14aedaddb38788e1535eb
2019-02-03 14:46:21.767 INFO  --- [http-nio-9999-exec-4] com.example.acm.interceptor.AuthInterceptor Line:33  - -------------------------POST
2019-02-03 14:46:21.768 INFO  --- [http-nio-9999-exec-4] com.example.acm.controller.userController Line:91  - ----------------uID3311cdbccd23406f89e637ed1ceafcc7
2019-02-03 14:46:21.930 INFO  --- [http-nio-9999-exec-5] com.example.acm.interceptor.AuthInterceptor Line:33  - -------------------------POST
2019-02-03 14:46:21.931 INFO  --- [http-nio-9999-exec-5] com.example.acm.controller.userController Line:91  - ----------------uIDadd1173a57f14aedaddb38788e1535eb
2019-02-03 14:46:22.594 INFO  --- [http-nio-9999-exec-3] com.example.acm.interceptor.AuthInterceptor Line:33  - -------------------------POST
2019-02-03 14:46:24.252 INFO  --- [http-nio-9999-exec-6] com.example.acm.interceptor.AuthInterceptor Line:33  - -------------------------POST
2019-02-03 14:46:24.253 INFO  --- [http-nio-9999-exec-6] com.example.acm.controller.userController Line:91  - ----------------uIDadd1173a57f14aedaddb38788e1535eb
2019-02-03 14:46:37.933 INFO  --- [http-nio-9999-exec-10] com.example.acm.interceptor.AuthInterceptor Line:33  - -------------------------POST
2019-02-03 14:46:37.934 INFO  --- [http-nio-9999-exec-10] com.example.acm.controller.userController Line:91  - ----------------uIDadd1173a57f14aedaddb38788e1535eb
2019-02-03 14:47:02.522 INFO  --- [http-nio-9999-exec-2] com.example.acm.interceptor.AuthInterceptor Line:33  - -------------------------POST
2019-02-03 14:47:02.523 INFO  --- [http-nio-9999-exec-2] com.example.acm.controller.userController Line:91  - ----------------uIDadd1173a57f14aedaddb38788e1535eb
2019-02-03 14:47:08.081 INFO  --- [http-nio-9999-exec-7] com.example.acm.interceptor.AuthInterceptor Line:33  - -------------------------POST
2019-02-03 14:47:08.081 INFO  --- [http-nio-9999-exec-7] com.example.acm.controller.userController Line:91  - ----------------uIDadd1173a57f14aedaddb38788e1535eb
2019-02-03 14:47:12.273 INFO  --- [http-nio-9999-exec-9] com.example.acm.interceptor.AuthInterceptor Line:33  - -------------------------POST
2019-02-03 14:47:12.273 INFO  --- [http-nio-9999-exec-9] com.example.acm.controller.userController Line:91  - ----------------uIDadd1173a57f14aedaddb38788e1535eb
2019-02-03 14:47:18.437 INFO  --- [http-nio-9999-exec-1] com.example.acm.interceptor.AuthInterceptor Line:33  - -------------------------POST
2019-02-03 14:47:18.438 INFO  --- [http-nio-9999-exec-1] com.example.acm.controller.userController Line:91  - ----------------uIDadd1173a57f14aedaddb38788e1535eb
2019-02-03 14:47:33.810 INFO  --- [http-nio-9999-exec-3] com.example.acm.interceptor.AuthInterceptor Line:33  - -------------------------POST
2019-02-03 14:47:33.811 INFO  --- [http-nio-9999-exec-3] com.example.acm.controller.userController Line:91  - ----------------uIDadd1173a57f14aedaddb38788e1535eb
2019-02-03 14:47:39.938 INFO  --- [http-nio-9999-exec-6] com.example.acm.interceptor.AuthInterceptor Line:33  - -------------------------POST
2019-02-03 14:47:39.938 INFO  --- [http-nio-9999-exec-6] com.example.acm.controller.userController Line:91  - ----------------uIDadd1173a57f14aedaddb38788e1535eb
2019-02-03 14:47:41.764 INFO  --- [http-nio-9999-exec-8] com.example.acm.interceptor.AuthInterceptor Line:33  - -------------------------POST
2019-02-03 14:47:41.765 INFO  --- [http-nio-9999-exec-8] com.example.acm.controller.userController Line:91  - ----------------uIDadd1173a57f14aedaddb38788e1535eb
2019-02-03 14:48:13.126 INFO  --- [http-nio-9999-exec-2] com.example.acm.interceptor.AuthInterceptor Line:33  - -------------------------POST
2019-02-03 14:48:13.127 INFO  --- [http-nio-9999-exec-2] com.example.acm.controller.userController Line:91  - ----------------uID3311cdbccd23406f89e637ed1ceafcc7
2019-02-03 14:48:13.237 INFO  --- [http-nio-9999-exec-7] com.example.acm.interceptor.AuthInterceptor Line:33  - -------------------------POST
2019-02-03 14:48:13.238 INFO  --- [http-nio-9999-exec-7] com.example.acm.controller.userController Line:91  - ----------------uIDadd1173a57f14aedaddb38788e1535eb
2019-02-03 14:48:13.865 INFO  --- [http-nio-9999-exec-9] com.example.acm.interceptor.AuthInterceptor Line:33  - -------------------------POST
2019-02-03 14:48:15.909 INFO  --- [http-nio-9999-exec-1] com.example.acm.interceptor.AuthInterceptor Line:33  - -------------------------POST
2019-02-03 14:48:15.910 INFO  --- [http-nio-9999-exec-1] com.example.acm.controller.userController Line:91  - ----------------uIDadd1173a57f14aedaddb38788e1535eb
2019-02-03 14:48:58.179 INFO  --- [http-nio-9999-exec-5] com.example.acm.interceptor.AuthInterceptor Line:33  - -------------------------POST
2019-02-03 14:48:58.180 INFO  --- [http-nio-9999-exec-5] com.example.acm.controller.userController Line:91  - ----------------uID3311cdbccd23406f89e637ed1ceafcc7
2019-02-03 14:48:58.331 INFO  --- [http-nio-9999-exec-3] com.example.acm.interceptor.AuthInterceptor Line:33  - -------------------------POST
2019-02-03 14:48:58.332 INFO  --- [http-nio-9999-exec-3] com.example.acm.controller.userController Line:91  - ----------------uIDadd1173a57f14aedaddb38788e1535eb
2019-02-03 14:48:58.863 INFO  --- [http-nio-9999-exec-6] com.example.acm.interceptor.AuthInterceptor Line:33  - -------------------------POST
2019-02-03 14:49:01.636 INFO  --- [http-nio-9999-exec-8] com.example.acm.interceptor.AuthInterceptor Line:33  - -------------------------POST
2019-02-03 14:49:01.636 INFO  --- [http-nio-9999-exec-8] com.example.acm.controller.userController Line:91  - ----------------uIDadd1173a57f14aedaddb38788e1535eb
2019-02-03 14:49:47.705 INFO  --- [http-nio-9999-exec-2] com.example.acm.interceptor.AuthInterceptor Line:33  - -------------------------POST
2019-02-03 14:49:47.706 INFO  --- [http-nio-9999-exec-2] com.example.acm.controller.userController Line:91  - ----------------uID3311cdbccd23406f89e637ed1ceafcc7
2019-02-03 14:49:47.860 INFO  --- [http-nio-9999-exec-7] com.example.acm.interceptor.AuthInterceptor Line:33  - -------------------------POST
2019-02-03 14:49:47.860 INFO  --- [http-nio-9999-exec-7] com.example.acm.controller.userController Line:91  - ----------------uIDadd1173a57f14aedaddb38788e1535eb
2019-02-03 14:49:48.820 INFO  --- [http-nio-9999-exec-9] com.example.acm.interceptor.AuthInterceptor Line:33  - -------------------------POST
2019-02-03 14:49:52.208 INFO  --- [http-nio-9999-exec-1] com.example.acm.interceptor.AuthInterceptor Line:33  - -------------------------POST
2019-02-03 14:49:52.209 INFO  --- [http-nio-9999-exec-1] com.example.acm.controller.userController Line:91  - ----------------uIDadd1173a57f14aedaddb38788e1535eb
2019-02-03 14:50:22.688 INFO  --- [http-nio-9999-exec-4] com.example.acm.interceptor.AuthInterceptor Line:33  - -------------------------POST
2019-02-03 14:50:22.689 INFO  --- [http-nio-9999-exec-4] com.example.acm.controller.userController Line:91  - ----------------uID3311cdbccd23406f89e637ed1ceafcc7
2019-02-03 14:50:22.935 INFO  --- [http-nio-9999-exec-5] com.example.acm.interceptor.AuthInterceptor Line:33  - -------------------------POST
2019-02-03 14:50:22.935 INFO  --- [http-nio-9999-exec-5] com.example.acm.controller.userController Line:91  - ----------------uIDadd1173a57f14aedaddb38788e1535eb
2019-02-03 14:50:23.607 INFO  --- [http-nio-9999-exec-6] com.example.acm.interceptor.AuthInterceptor Line:33  - -------------------------POST
2019-02-03 14:50:34.917 INFO  --- [http-nio-9999-exec-8] com.example.acm.interceptor.AuthInterceptor Line:33  - -------------------------POST
2019-02-03 14:50:34.918 INFO  --- [http-nio-9999-exec-8] com.example.acm.controller.userController Line:91  - ----------------uID3311cdbccd23406f89e637ed1ceafcc7
2019-02-03 14:50:35.941 INFO  --- [http-nio-9999-exec-10] com.example.acm.interceptor.AuthInterceptor Line:33  - -------------------------POST
2019-02-03 14:50:45.034 INFO  --- [http-nio-9999-exec-2] com.example.acm.interceptor.AuthInterceptor Line:33  - -------------------------POST
2019-02-03 14:50:45.034 INFO  --- [http-nio-9999-exec-2] com.example.acm.controller.userController Line:91  - ----------------uIDadd1173a57f14aedaddb38788e1535eb
2019-02-03 14:51:03.213 INFO  --- [http-nio-9999-exec-9] com.example.acm.interceptor.AuthInterceptor Line:33  - -------------------------POST
2019-02-03 14:51:03.214 INFO  --- [http-nio-9999-exec-9] com.example.acm.controller.userController Line:91  - ----------------uID3311cdbccd23406f89e637ed1ceafcc7
2019-02-03 14:51:03.458 INFO  --- [http-nio-9999-exec-1] com.example.acm.interceptor.AuthInterceptor Line:33  - -------------------------POST
2019-02-03 14:51:03.459 INFO  --- [http-nio-9999-exec-1] com.example.acm.controller.userController Line:91  - ----------------uIDadd1173a57f14aedaddb38788e1535eb
2019-02-03 14:51:04.277 INFO  --- [http-nio-9999-exec-5] com.example.acm.interceptor.AuthInterceptor Line:33  - -------------------------POST
2019-02-03 14:51:09.169 INFO  --- [http-nio-9999-exec-3] com.example.acm.interceptor.AuthInterceptor Line:33  - -------------------------POST
2019-02-03 14:51:09.169 INFO  --- [http-nio-9999-exec-3] com.example.acm.controller.userController Line:91  - ----------------uIDadd1173a57f14aedaddb38788e1535eb
2019-02-03 14:51:16.011 INFO  --- [http-nio-9999-exec-10] com.example.acm.interceptor.AuthInterceptor Line:33  - -------------------------POST
2019-02-03 14:51:16.011 INFO  --- [http-nio-9999-exec-10] com.example.acm.controller.userController Line:91  - ----------------uID3311cdbccd23406f89e637ed1ceafcc7
2019-02-03 14:51:16.227 INFO  --- [http-nio-9999-exec-2] com.example.acm.interceptor.AuthInterceptor Line:33  - -------------------------POST
2019-02-03 14:51:16.227 INFO  --- [http-nio-9999-exec-2] com.example.acm.controller.userController Line:91  - ----------------uIDadd1173a57f14aedaddb38788e1535eb
2019-02-03 14:51:17.082 INFO  --- [http-nio-9999-exec-7] com.example.acm.interceptor.AuthInterceptor Line:33  - -------------------------POST
2019-02-03 14:51:39.880 INFO  --- [http-nio-9999-exec-4] com.example.acm.interceptor.AuthInterceptor Line:33  - -------------------------POST
2019-02-03 14:52:56.035 INFO  --- [http-nio-9999-exec-3] com.example.acm.interceptor.AuthInterceptor Line:33  - -------------------------POST
2019-02-03 14:52:56.067 INFO  --- [http-nio-9999-exec-6] com.example.acm.interceptor.AuthInterceptor Line:33  - -------------------------POST
2019-02-03 14:52:56.068 INFO  --- [http-nio-9999-exec-6] com.example.acm.controller.userController Line:91  - ----------------uID3311cdbccd23406f89e637ed1ceafcc7
2019-02-03 14:52:56.287 INFO  --- [http-nio-9999-exec-8] com.example.acm.interceptor.AuthInterceptor Line:33  - -------------------------POST
2019-02-03 14:52:56.288 INFO  --- [http-nio-9999-exec-8] com.example.acm.controller.userController Line:91  - ----------------uIDadd1173a57f14aedaddb38788e1535eb
2019-02-03 14:52:57.196 INFO  --- [http-nio-9999-exec-10] com.example.acm.interceptor.AuthInterceptor Line:33  - -------------------------POST
2019-02-03 14:53:04.375 INFO  --- [http-nio-9999-exec-7] com.example.acm.interceptor.AuthInterceptor Line:33  - -------------------------POST
2019-02-03 14:53:04.376 INFO  --- [http-nio-9999-exec-7] com.example.acm.controller.userController Line:91  - ----------------uIDadd1173a57f14aedaddb38788e1535eb
2019-02-03 14:53:32.996 INFO  --- [http-nio-9999-exec-1] com.example.acm.interceptor.AuthInterceptor Line:33  - -------------------------POST
2019-02-03 14:53:32.996 INFO  --- [http-nio-9999-exec-1] com.example.acm.controller.userController Line:91  - ----------------uIDadd1173a57f14aedaddb38788e1535eb
2019-02-03 14:53:33.040 INFO  --- [http-nio-9999-exec-4] com.example.acm.interceptor.AuthInterceptor Line:33  - -------------------------POST
2019-02-03 14:53:33.041 INFO  --- [http-nio-9999-exec-4] com.example.acm.controller.userController Line:91  - ----------------uID3311cdbccd23406f89e637ed1ceafcc7
2019-02-03 14:53:33.141 INFO  --- [http-nio-9999-exec-5] com.example.acm.interceptor.AuthInterceptor Line:33  - -------------------------POST
2019-02-03 14:53:33.857 INFO  --- [http-nio-9999-exec-3] com.example.acm.interceptor.AuthInterceptor Line:33  - -------------------------POST
2019-02-03 14:53:44.080 INFO  --- [http-nio-9999-exec-8] com.example.acm.interceptor.AuthInterceptor Line:33  - -------------------------POST
2019-02-03 14:53:44.081 INFO  --- [http-nio-9999-exec-8] com.example.acm.controller.userController Line:91  - ----------------uIDadd1173a57f14aedaddb38788e1535eb
2019-02-03 14:53:44.576 INFO  --- [http-nio-9999-exec-10] com.example.acm.interceptor.AuthInterceptor Line:33  - -------------------------POST
2019-02-03 14:53:44.661 INFO  --- [http-nio-9999-exec-2] com.example.acm.interceptor.AuthInterceptor Line:33  - -------------------------POST
2019-02-03 14:53:44.661 INFO  --- [http-nio-9999-exec-2] com.example.acm.controller.userController Line:91  - ----------------uID3311cdbccd23406f89e637ed1ceafcc7
2019-02-03 14:53:45.339 INFO  --- [http-nio-9999-exec-7] com.example.acm.interceptor.AuthInterceptor Line:33  - -------------------------POST
2019-02-03 14:54:25.428 INFO  --- [http-nio-9999-exec-1] com.example.acm.interceptor.AuthInterceptor Line:33  - -------------------------POST
2019-02-03 14:54:25.429 INFO  --- [http-nio-9999-exec-1] com.example.acm.controller.userController Line:91  - ----------------uIDadd1173a57f14aedaddb38788e1535eb
2019-02-03 14:54:26.217 INFO  --- [http-nio-9999-exec-4] com.example.acm.interceptor.AuthInterceptor Line:33  - -------------------------POST
2019-02-03 14:54:26.218 INFO  --- [http-nio-9999-exec-4] com.example.acm.controller.userController Line:91  - ----------------uID3311cdbccd23406f89e637ed1ceafcc7
2019-02-03 14:54:26.469 INFO  --- [http-nio-9999-exec-5] com.example.acm.interceptor.AuthInterceptor Line:33  - -------------------------POST
2019-02-03 14:54:27.347 INFO  --- [http-nio-9999-exec-3] com.example.acm.interceptor.AuthInterceptor Line:33  - -------------------------POST
2019-02-03 14:54:41.914 INFO  --- [http-nio-9999-exec-8] com.example.acm.interceptor.AuthInterceptor Line:33  - -------------------------POST
2019-02-03 14:54:41.915 INFO  --- [http-nio-9999-exec-8] com.example.acm.controller.userController Line:91  - ----------------uIDadd1173a57f14aedaddb38788e1535eb
2019-02-03 14:54:42.147 INFO  --- [http-nio-9999-exec-10] com.example.acm.interceptor.AuthInterceptor Line:33  - -------------------------POST
2019-02-03 14:54:42.148 INFO  --- [http-nio-9999-exec-2] com.example.acm.interceptor.AuthInterceptor Line:33  - -------------------------POST
2019-02-03 14:54:42.149 INFO  --- [http-nio-9999-exec-2] com.example.acm.controller.userController Line:91  - ----------------uID3311cdbccd23406f89e637ed1ceafcc7
2019-02-03 14:54:43.021 INFO  --- [http-nio-9999-exec-7] com.example.acm.interceptor.AuthInterceptor Line:33  - -------------------------POST
2019-02-03 14:54:53.540 INFO  --- [http-nio-9999-exec-9] com.example.acm.interceptor.AuthInterceptor Line:33  - -------------------------POST
2019-02-03 14:54:53.606 INFO  --- [http-nio-9999-exec-1] com.example.acm.interceptor.AuthInterceptor Line:33  - -------------------------POST
2019-02-03 14:54:53.607 INFO  --- [http-nio-9999-exec-1] com.example.acm.controller.userController Line:91  - ----------------uIDadd1173a57f14aedaddb38788e1535eb
2019-02-03 14:54:53.666 INFO  --- [http-nio-9999-exec-4] com.example.acm.interceptor.AuthInterceptor Line:33  - -------------------------POST
2019-02-03 14:54:53.667 INFO  --- [http-nio-9999-exec-4] com.example.acm.controller.userController Line:91  - ----------------uID3311cdbccd23406f89e637ed1ceafcc7
2019-02-03 14:54:54.488 INFO  --- [http-nio-9999-exec-5] com.example.acm.interceptor.AuthInterceptor Line:33  - -------------------------POST
2019-02-03 14:55:04.583 INFO  --- [http-nio-9999-exec-8] com.example.acm.interceptor.AuthInterceptor Line:33  - -------------------------POST
2019-02-03 14:55:04.584 INFO  --- [http-nio-9999-exec-8] com.example.acm.controller.userController Line:91  - ----------------uIDadd1173a57f14aedaddb38788e1535eb
2019-02-03 14:55:04.801 INFO  --- [http-nio-9999-exec-2] com.example.acm.interceptor.AuthInterceptor Line:33  - -------------------------POST
2019-02-03 14:55:05.208 INFO  --- [http-nio-9999-exec-10] com.example.acm.interceptor.AuthInterceptor Line:33  - -------------------------POST
2019-02-03 14:55:05.209 INFO  --- [http-nio-9999-exec-10] com.example.acm.controller.userController Line:91  - ----------------uID3311cdbccd23406f89e637ed1ceafcc7
2019-02-03 14:55:05.809 INFO  --- [http-nio-9999-exec-7] com.example.acm.interceptor.AuthInterceptor Line:33  - -------------------------POST
2019-02-03 14:55:13.930 INFO  --- [http-nio-9999-exec-1] com.example.acm.interceptor.AuthInterceptor Line:33  - -------------------------POST
2019-02-03 14:55:13.930 INFO  --- [http-nio-9999-exec-1] com.example.acm.controller.userController Line:91  - ----------------uIDadd1173a57f14aedaddb38788e1535eb
2019-02-03 14:55:14.245 INFO  --- [http-nio-9999-exec-4] com.example.acm.interceptor.AuthInterceptor Line:33  - -------------------------POST
2019-02-03 14:55:14.245 INFO  --- [http-nio-9999-exec-4] com.example.acm.controller.userController Line:91  - ----------------uID3311cdbccd23406f89e637ed1ceafcc7
2019-02-03 14:55:14.364 INFO  --- [http-nio-9999-exec-5] com.example.acm.interceptor.AuthInterceptor Line:33  - -------------------------POST
2019-02-03 14:55:14.550 INFO  --- [http-nio-9999-exec-6] com.example.acm.interceptor.AuthInterceptor Line:33  - -------------------------POST
2019-02-03 14:55:30.922 INFO  --- [http-nio-9999-exec-8] com.example.acm.interceptor.AuthInterceptor Line:33  - -------------------------POST
2019-02-03 14:55:30.922 INFO  --- [http-nio-9999-exec-8] com.example.acm.controller.userController Line:91  - ----------------uIDadd1173a57f14aedaddb38788e1535eb
2019-02-03 14:56:24.778 INFO  --- [http-nio-9999-exec-10] com.example.acm.interceptor.AuthInterceptor Line:33  - -------------------------POST
2019-02-03 14:56:24.782 INFO  --- [http-nio-9999-exec-10] com.example.acm.controller.userController Line:91  - ----------------uID3311cdbccd23406f89e637ed1ceafcc7
2019-02-03 14:56:24.890 INFO  --- [http-nio-9999-exec-7] com.example.acm.interceptor.AuthInterceptor Line:33  - -------------------------POST
2019-02-03 14:56:24.902 INFO  --- [http-nio-9999-exec-9] com.example.acm.interceptor.AuthInterceptor Line:33  - -------------------------POST
2019-02-03 14:56:24.902 INFO  --- [http-nio-9999-exec-9] com.example.acm.controller.userController Line:91  - ----------------uIDadd1173a57f14aedaddb38788e1535eb
2019-02-03 14:56:25.559 INFO  --- [http-nio-9999-exec-1] com.example.acm.interceptor.AuthInterceptor Line:33  - -------------------------POST
2019-02-03 14:56:32.212 INFO  --- [http-nio-9999-exec-4] com.example.acm.interceptor.AuthInterceptor Line:33  - -------------------------POST
2019-02-03 14:56:32.216 INFO  --- [http-nio-9999-exec-4] com.example.acm.controller.userController Line:91  - ----------------uIDadd1173a57f14aedaddb38788e1535eb
2019-02-03 14:56:47.709 INFO  --- [http-nio-9999-exec-5] com.example.acm.interceptor.AuthInterceptor Line:33  - -------------------------POST
2019-02-03 14:56:47.710 INFO  --- [http-nio-9999-exec-5] com.example.acm.controller.userController Line:91  - ----------------uID3311cdbccd23406f89e637ed1ceafcc7
2019-02-03 14:56:47.937 INFO  --- [http-nio-9999-exec-6] com.example.acm.interceptor.AuthInterceptor Line:33  - -------------------------POST
2019-02-03 14:56:47.937 INFO  --- [http-nio-9999-exec-6] com.example.acm.controller.userController Line:91  - ----------------uIDadd1173a57f14aedaddb38788e1535eb
2019-02-03 14:56:48.021 INFO  --- [http-nio-9999-exec-3] com.example.acm.interceptor.AuthInterceptor Line:33  - -------------------------POST
2019-02-03 14:56:48.642 INFO  --- [http-nio-9999-exec-8] com.example.acm.interceptor.AuthInterceptor Line:33  - -------------------------POST
2019-02-03 14:56:51.859 INFO  --- [http-nio-9999-exec-2] com.example.acm.interceptor.AuthInterceptor Line:33  - -------------------------POST
2019-02-03 14:56:51.860 INFO  --- [http-nio-9999-exec-2] com.example.acm.controller.userController Line:91  - ----------------uIDadd1173a57f14aedaddb38788e1535eb
2019-02-03 14:58:01.762 INFO  --- [http-nio-9999-exec-7] com.example.acm.interceptor.AuthInterceptor Line:33  - -------------------------POST
2019-02-03 14:58:01.763 INFO  --- [http-nio-9999-exec-7] com.example.acm.controller.userController Line:91  - ----------------uID3311cdbccd23406f89e637ed1ceafcc7
2019-02-03 14:58:01.961 INFO  --- [http-nio-9999-exec-1] com.example.acm.interceptor.AuthInterceptor Line:33  - -------------------------POST
2019-02-03 14:58:02.215 INFO  --- [http-nio-9999-exec-5] com.example.acm.interceptor.AuthInterceptor Line:33  - -------------------------POST
2019-02-03 14:58:02.216 INFO  --- [http-nio-9999-exec-5] com.example.acm.controller.userController Line:91  - ----------------uIDadd1173a57f14aedaddb38788e1535eb
2019-02-03 14:58:02.586 INFO  --- [http-nio-9999-exec-6] com.example.acm.interceptor.AuthInterceptor Line:33  - -------------------------POST
2019-02-03 14:58:05.618 INFO  --- [http-nio-9999-exec-3] com.example.acm.interceptor.AuthInterceptor Line:33  - -------------------------POST
2019-02-03 14:58:05.618 INFO  --- [http-nio-9999-exec-3] com.example.acm.controller.userController Line:91  - ----------------uIDadd1173a57f14aedaddb38788e1535eb
2019-02-03 14:58:16.516 INFO  --- [http-nio-9999-exec-9] com.example.acm.interceptor.AuthInterceptor Line:33  - -------------------------POST
2019-02-03 14:58:16.517 INFO  --- [http-nio-9999-exec-9] com.example.acm.controller.userController Line:91  - ----------------uID3311cdbccd23406f89e637ed1ceafcc7
2019-02-03 14:58:16.679 INFO  --- [http-nio-9999-exec-10] com.example.acm.interceptor.AuthInterceptor Line:33  - -------------------------POST
2019-02-03 14:58:16.680 INFO  --- [http-nio-9999-exec-10] com.example.acm.controller.userController Line:91  - ----------------uIDadd1173a57f14aedaddb38788e1535eb
2019-02-03 14:58:16.687 INFO  --- [http-nio-9999-exec-7] com.example.acm.interceptor.AuthInterceptor Line:33  - -------------------------POST
2019-02-03 14:58:17.327 INFO  --- [http-nio-9999-exec-4] com.example.acm.interceptor.AuthInterceptor Line:33  - -------------------------POST
2019-02-03 14:58:19.082 INFO  --- [http-nio-9999-exec-1] com.example.acm.interceptor.AuthInterceptor Line:33  - -------------------------POST
2019-02-03 14:58:19.083 INFO  --- [http-nio-9999-exec-1] com.example.acm.controller.userController Line:91  - ----------------uIDadd1173a57f14aedaddb38788e1535eb
2019-02-03 14:58:23.410 INFO  --- [http-nio-9999-exec-3] com.example.acm.interceptor.AuthInterceptor Line:33  - -------------------------POST
2019-02-03 14:58:23.411 INFO  --- [http-nio-9999-exec-3] com.example.acm.controller.userController Line:91  - ----------------uIDadd1173a57f14aedaddb38788e1535eb
2019-02-03 14:59:04.229 INFO  --- [http-nio-9999-exec-2] com.example.acm.interceptor.AuthInterceptor Line:33  - -------------------------POST
2019-02-03 14:59:04.230 INFO  --- [http-nio-9999-exec-2] com.example.acm.controller.userController Line:91  - ----------------uID3311cdbccd23406f89e637ed1ceafcc7
2019-02-03 14:59:04.484 INFO  --- [http-nio-9999-exec-9] com.example.acm.interceptor.AuthInterceptor Line:33  - -------------------------POST
2019-02-03 14:59:04.484 INFO  --- [http-nio-9999-exec-9] com.example.acm.controller.userController Line:91  - ----------------uIDadd1173a57f14aedaddb38788e1535eb
2019-02-03 14:59:04.508 INFO  --- [http-nio-9999-exec-10] com.example.acm.interceptor.AuthInterceptor Line:33  - -------------------------POST
2019-02-03 14:59:04.954 INFO  --- [http-nio-9999-exec-7] com.example.acm.interceptor.AuthInterceptor Line:33  - -------------------------POST
2019-02-03 14:59:13.771 INFO  --- [http-nio-9999-exec-4] com.example.acm.interceptor.AuthInterceptor Line:33  - -------------------------POST
2019-02-03 14:59:13.772 INFO  --- [http-nio-9999-exec-4] com.example.acm.controller.userController Line:91  - ----------------uIDadd1173a57f14aedaddb38788e1535eb
2019-02-03 15:01:10.960 INFO  --- [http-nio-9999-exec-5] com.example.acm.interceptor.AuthInterceptor Line:33  - -------------------------POST
2019-02-03 15:01:10.960 INFO  --- [http-nio-9999-exec-5] com.example.acm.controller.userController Line:91  - ----------------uID3311cdbccd23406f89e637ed1ceafcc7
2019-02-03 15:01:11.075 INFO  --- [http-nio-9999-exec-6] com.example.acm.interceptor.AuthInterceptor Line:33  - -------------------------POST
2019-02-03 15:01:11.076 INFO  --- [http-nio-9999-exec-6] com.example.acm.controller.userController Line:91  - ----------------uIDadd1173a57f14aedaddb38788e1535eb
2019-02-03 15:01:11.090 INFO  --- [http-nio-9999-exec-3] com.example.acm.interceptor.AuthInterceptor Line:33  - -------------------------POST
2019-02-03 15:01:12.208 INFO  --- [http-nio-9999-exec-2] com.example.acm.interceptor.AuthInterceptor Line:33  - -------------------------POST
2019-02-03 15:02:39.143 INFO  --- [http-nio-9999-exec-10] com.example.acm.interceptor.AuthInterceptor Line:33  - -------------------------POST
2019-02-03 15:02:39.144 INFO  --- [http-nio-9999-exec-10] com.example.acm.controller.userController Line:91  - ----------------uID3311cdbccd23406f89e637ed1ceafcc7
2019-02-03 15:02:39.701 INFO  --- [http-nio-9999-exec-1] com.example.acm.interceptor.AuthInterceptor Line:33  - -------------------------POST
2019-02-03 15:02:40.345 INFO  --- [http-nio-9999-exec-5] com.example.acm.interceptor.AuthInterceptor Line:33  - -------------------------POST
2019-02-03 15:02:46.521 INFO  --- [http-nio-9999-exec-6] com.example.acm.interceptor.AuthInterceptor Line:33  - -------------------------POST
2019-02-03 15:02:46.522 INFO  --- [http-nio-9999-exec-6] com.example.acm.controller.userController Line:91  - ----------------uIDadd1173a57f14aedaddb38788e1535eb
2019-02-03 15:04:17.763 INFO  --- [http-nio-9999-exec-8] com.example.acm.interceptor.AuthInterceptor Line:33  - -------------------------POST
2019-02-03 15:04:17.825 INFO  --- [http-nio-9999-exec-2] com.example.acm.interceptor.AuthInterceptor Line:33  - -------------------------POST
2019-02-03 15:04:17.825 INFO  --- [http-nio-9999-exec-2] com.example.acm.controller.userController Line:91  - ----------------uID3311cdbccd23406f89e637ed1ceafcc7
2019-02-03 15:04:18.810 INFO  --- [http-nio-9999-exec-9] com.example.acm.interceptor.AuthInterceptor Line:33  - -------------------------POST
2019-02-03 15:04:21.419 INFO  --- [http-nio-9999-exec-7] com.example.acm.interceptor.AuthInterceptor Line:33  - -------------------------POST
2019-02-03 15:04:21.420 INFO  --- [http-nio-9999-exec-7] com.example.acm.controller.userController Line:91  - ----------------uIDadd1173a57f14aedaddb38788e1535eb
2019-02-03 15:04:45.517 INFO  --- [http-nio-9999-exec-1] com.example.acm.interceptor.AuthInterceptor Line:33  - -------------------------POST
2019-02-03 15:04:45.517 INFO  --- [http-nio-9999-exec-1] com.example.acm.controller.userController Line:91  - ----------------uIDadd1173a57f14aedaddb38788e1535eb
2019-02-03 15:04:46.159 INFO  --- [http-nio-9999-exec-5] com.example.acm.interceptor.AuthInterceptor Line:33  - -------------------------POST
2019-02-03 15:04:46.269 INFO  --- [http-nio-9999-exec-6] com.example.acm.interceptor.AuthInterceptor Line:33  - -------------------------POST
2019-02-03 15:04:46.270 INFO  --- [http-nio-9999-exec-6] com.example.acm.controller.userController Line:91  - ----------------uID3311cdbccd23406f89e637ed1ceafcc7
2019-02-03 15:04:46.978 INFO  --- [http-nio-9999-exec-3] com.example.acm.interceptor.AuthInterceptor Line:33  - -------------------------POST
2019-02-03 15:05:41.797 INFO  --- [http-nio-9999-exec-2] com.example.acm.interceptor.AuthInterceptor Line:33  - -------------------------POST
2019-02-03 15:05:41.798 INFO  --- [http-nio-9999-exec-2] com.example.acm.controller.userController Line:91  - ----------------uIDadd1173a57f14aedaddb38788e1535eb
2019-02-03 15:06:41.666 INFO  --- [http-nio-9999-exec-10] com.example.acm.interceptor.AuthInterceptor Line:33  - -------------------------POST
2019-02-03 15:06:41.667 INFO  --- [http-nio-9999-exec-10] com.example.acm.controller.userController Line:91  - ----------------uIDadd1173a57f14aedaddb38788e1535eb
2019-02-03 15:06:42.217 INFO  --- [http-nio-9999-exec-7] com.example.acm.interceptor.AuthInterceptor Line:33  - -------------------------POST
2019-02-03 15:06:42.217 INFO  --- [http-nio-9999-exec-7] com.example.acm.controller.userController Line:91  - ----------------uID3311cdbccd23406f89e637ed1ceafcc7
2019-02-03 15:06:42.312 INFO  --- [http-nio-9999-exec-4] com.example.acm.interceptor.AuthInterceptor Line:33  - -------------------------POST
2019-02-03 15:06:42.556 INFO  --- [http-nio-9999-exec-1] com.example.acm.interceptor.AuthInterceptor Line:33  - -------------------------POST
2019-02-03 15:07:02.696 INFO  --- [http-nio-9999-exec-6] com.example.acm.interceptor.AuthInterceptor Line:33  - -------------------------POST
2019-02-03 15:07:02.697 INFO  --- [http-nio-9999-exec-6] com.example.acm.controller.userController Line:91  - ----------------uIDadd1173a57f14aedaddb38788e1535eb
2019-02-03 15:07:03.362 INFO  --- [http-nio-9999-exec-3] com.example.acm.interceptor.AuthInterceptor Line:33  - -------------------------POST
2019-02-03 15:07:03.362 INFO  --- [http-nio-9999-exec-3] com.example.acm.controller.userController Line:91  - ----------------uID3311cdbccd23406f89e637ed1ceafcc7
2019-02-03 15:07:03.401 INFO  --- [http-nio-9999-exec-8] com.example.acm.interceptor.AuthInterceptor Line:33  - -------------------------POST
2019-02-03 15:07:03.719 INFO  --- [http-nio-9999-exec-2] com.example.acm.interceptor.AuthInterceptor Line:33  - -------------------------POST
2019-02-03 15:07:47.375 INFO  --- [http-nio-9999-exec-10] com.example.acm.interceptor.AuthInterceptor Line:33  - -------------------------POST
2019-02-03 15:07:47.376 INFO  --- [http-nio-9999-exec-10] com.example.acm.controller.userController Line:91  - ----------------uID3311cdbccd23406f89e637ed1ceafcc7
2019-02-03 15:07:47.772 INFO  --- [http-nio-9999-exec-7] com.example.acm.interceptor.AuthInterceptor Line:33  - -------------------------POST
2019-02-03 15:07:48.014 INFO  --- [http-nio-9999-exec-4] com.example.acm.interceptor.AuthInterceptor Line:33  - -------------------------POST
2019-02-03 15:07:52.180 INFO  --- [http-nio-9999-exec-6] com.example.acm.interceptor.AuthInterceptor Line:33  - -------------------------POST
2019-02-03 15:07:52.181 INFO  --- [http-nio-9999-exec-6] com.example.acm.controller.userController Line:91  - ----------------uIDadd1173a57f14aedaddb38788e1535eb
2019-02-03 15:08:36.553 INFO  --- [http-nio-9999-exec-2] com.example.acm.interceptor.AuthInterceptor Line:33  - -------------------------POST
2019-02-03 15:08:36.672 INFO  --- [http-nio-9999-exec-7] com.example.acm.interceptor.AuthInterceptor Line:33  - -------------------------POST
2019-02-03 15:08:36.673 INFO  --- [http-nio-9999-exec-7] com.example.acm.controller.userController Line:91  - ----------------uID3311cdbccd23406f89e637ed1ceafcc7
2019-02-03 15:08:36.898 INFO  --- [http-nio-9999-exec-4] com.example.acm.interceptor.AuthInterceptor Line:33  - -------------------------POST
2019-02-03 15:08:36.899 INFO  --- [http-nio-9999-exec-4] com.example.acm.controller.userController Line:91  - ----------------uIDadd1173a57f14aedaddb38788e1535eb
2019-02-03 15:08:37.143 INFO  --- [http-nio-9999-exec-1] com.example.acm.interceptor.AuthInterceptor Line:33  - -------------------------POST
2019-02-03 15:08:52.919 INFO  --- [http-nio-9999-exec-6] com.example.acm.interceptor.AuthInterceptor Line:33  - -------------------------POST
2019-02-03 15:08:52.920 INFO  --- [http-nio-9999-exec-6] com.example.acm.controller.userController Line:91  - ----------------uID3311cdbccd23406f89e637ed1ceafcc7
2019-02-03 15:08:53.683 INFO  --- [http-nio-9999-exec-8] com.example.acm.interceptor.AuthInterceptor Line:33  - -------------------------POST
2019-02-03 15:08:53.734 INFO  --- [http-nio-9999-exec-3] com.example.acm.interceptor.AuthInterceptor Line:33  - -------------------------POST
2019-02-03 15:08:53.735 INFO  --- [http-nio-9999-exec-3] com.example.acm.controller.userController Line:91  - ----------------uID3311cdbccd23406f89e637ed1ceafcc7
2019-02-03 15:08:54.101 INFO  --- [http-nio-9999-exec-2] com.example.acm.interceptor.AuthInterceptor Line:33  - -------------------------POST
2019-02-03 15:08:58.525 INFO  --- [http-nio-9999-exec-9] com.example.acm.interceptor.AuthInterceptor Line:33  - -------------------------POST
2019-02-03 15:08:58.525 INFO  --- [http-nio-9999-exec-9] com.example.acm.controller.userController Line:91  - ----------------uIDadd1173a57f14aedaddb38788e1535eb
2019-02-03 15:09:40.872 INFO  --- [http-nio-9999-exec-4] com.example.acm.interceptor.AuthInterceptor Line:33  - -------------------------POST
2019-02-03 15:09:40.938 INFO  --- [http-nio-9999-exec-1] com.example.acm.interceptor.AuthInterceptor Line:33  - -------------------------POST
2019-02-03 15:09:40.938 INFO  --- [http-nio-9999-exec-1] com.example.acm.controller.userController Line:91  - ----------------uID3311cdbccd23406f89e637ed1ceafcc7
2019-02-03 15:09:41.290 INFO  --- [http-nio-9999-exec-5] com.example.acm.interceptor.AuthInterceptor Line:33  - -------------------------POST
2019-02-03 15:09:46.228 INFO  --- [http-nio-9999-exec-6] com.example.acm.interceptor.AuthInterceptor Line:33  - -------------------------POST
2019-02-03 15:09:46.228 INFO  --- [http-nio-9999-exec-6] com.example.acm.controller.userController Line:91  - ----------------uIDadd1173a57f14aedaddb38788e1535eb
2019-02-03 15:09:49.840 INFO  --- [http-nio-9999-exec-2] com.example.acm.interceptor.AuthInterceptor Line:33  - -------------------------POST
2019-02-03 15:09:49.841 INFO  --- [http-nio-9999-exec-2] com.example.acm.controller.userController Line:91  - ----------------uIDadd1173a57f14aedaddb38788e1535eb
2019-02-03 15:09:55.336 INFO  --- [http-nio-9999-exec-9] com.example.acm.interceptor.AuthInterceptor Line:33  - -------------------------POST
2019-02-03 15:09:55.337 INFO  --- [http-nio-9999-exec-9] com.example.acm.controller.userController Line:91  - ----------------uIDadd1173a57f14aedaddb38788e1535eb
2019-02-03 15:10:09.740 INFO  --- [http-nio-9999-exec-7] com.example.acm.interceptor.AuthInterceptor Line:33  - -------------------------POST
2019-02-03 15:10:09.741 INFO  --- [http-nio-9999-exec-7] com.example.acm.controller.userController Line:91  - ----------------uID3311cdbccd23406f89e637ed1ceafcc7
2019-02-03 15:10:09.806 INFO  --- [http-nio-9999-exec-4] com.example.acm.interceptor.AuthInterceptor Line:33  - -------------------------POST
2019-02-03 15:10:09.849 INFO  --- [http-nio-9999-exec-1] com.example.acm.interceptor.AuthInterceptor Line:33  - -------------------------POST
2019-02-03 15:10:09.850 INFO  --- [http-nio-9999-exec-1] com.example.acm.controller.userController Line:91  - ----------------uIDadd1173a57f14aedaddb38788e1535eb
2019-02-03 15:10:10.413 INFO  --- [http-nio-9999-exec-5] com.example.acm.interceptor.AuthInterceptor Line:33  - -------------------------POST
2019-02-03 15:10:26.140 INFO  --- [http-nio-9999-exec-3] com.example.acm.interceptor.AuthInterceptor Line:33  - -------------------------POST
2019-02-03 15:10:26.141 INFO  --- [http-nio-9999-exec-3] com.example.acm.controller.userController Line:91  - ----------------uIDadd1173a57f14aedaddb38788e1535eb
2019-02-03 15:10:40.934 INFO  --- [http-nio-9999-exec-2] com.example.acm.interceptor.AuthInterceptor Line:33  - -------------------------POST
2019-02-03 15:10:41.199 INFO  --- [http-nio-9999-exec-9] com.example.acm.interceptor.AuthInterceptor Line:33  - -------------------------POST
2019-02-03 15:10:41.200 INFO  --- [http-nio-9999-exec-9] com.example.acm.controller.userController Line:91  - ----------------uID3311cdbccd23406f89e637ed1ceafcc7
2019-02-03 15:10:41.623 INFO  --- [http-nio-9999-exec-10] com.example.acm.interceptor.AuthInterceptor Line:33  - -------------------------POST
2019-02-03 15:10:45.366 INFO  --- [http-nio-9999-exec-7] com.example.acm.interceptor.AuthInterceptor Line:33  - -------------------------POST
2019-02-03 15:10:45.366 INFO  --- [http-nio-9999-exec-7] com.example.acm.controller.userController Line:91  - ----------------uIDadd1173a57f14aedaddb38788e1535eb
2019-02-03 15:11:27.887 INFO  --- [http-nio-9999-exec-1] com.example.acm.interceptor.AuthInterceptor Line:33  - -------------------------POST
2019-02-03 15:11:27.888 INFO  --- [http-nio-9999-exec-1] com.example.acm.controller.userController Line:91  - ----------------uID3311cdbccd23406f89e637ed1ceafcc7
2019-02-03 15:11:27.898 INFO  --- [http-nio-9999-exec-5] com.example.acm.interceptor.AuthInterceptor Line:33  - -------------------------POST
2019-02-03 15:11:28.686 INFO  --- [http-nio-9999-exec-3] com.example.acm.interceptor.AuthInterceptor Line:33  - -------------------------POST
2019-02-03 15:11:32.244 INFO  --- [http-nio-9999-exec-2] com.example.acm.interceptor.AuthInterceptor Line:33  - -------------------------POST
2019-02-03 15:11:32.245 INFO  --- [http-nio-9999-exec-2] com.example.acm.controller.userController Line:91  - ----------------uIDadd1173a57f14aedaddb38788e1535eb
2019-02-03 15:11:47.840 INFO  --- [http-nio-9999-exec-10] com.example.acm.interceptor.AuthInterceptor Line:33  - -------------------------POST
2019-02-03 15:11:47.840 INFO  --- [http-nio-9999-exec-10] com.example.acm.controller.userController Line:91  - ----------------uIDadd1173a57f14aedaddb38788e1535eb
2019-02-03 15:11:52.654 INFO  --- [http-nio-9999-exec-1] com.example.acm.interceptor.AuthInterceptor Line:33  - -------------------------POST
2019-02-03 15:11:52.654 INFO  --- [http-nio-9999-exec-4] com.example.acm.interceptor.AuthInterceptor Line:33  - -------------------------POST
2019-02-03 15:11:52.655 INFO  --- [http-nio-9999-exec-4] com.example.acm.controller.userController Line:91  - ----------------uID3311cdbccd23406f89e637ed1ceafcc7
2019-02-03 15:11:52.783 INFO  --- [http-nio-9999-exec-5] com.example.acm.interceptor.AuthInterceptor Line:33  - -------------------------POST
2019-02-03 15:11:52.783 INFO  --- [http-nio-9999-exec-5] com.example.acm.controller.userController Line:91  - ----------------uIDadd1173a57f14aedaddb38788e1535eb
2019-02-03 15:12:17.660 INFO  --- [http-nio-9999-exec-8] com.example.acm.interceptor.AuthInterceptor Line:33  - -------------------------POST
2019-02-03 15:12:17.660 INFO  --- [http-nio-9999-exec-8] com.example.acm.controller.userController Line:91  - ----------------uIDadd1173a57f14aedaddb38788e1535eb
2019-02-03 15:12:18.237 INFO  --- [http-nio-9999-exec-2] com.example.acm.interceptor.AuthInterceptor Line:33  - -------------------------POST
2019-02-03 15:12:18.237 INFO  --- [http-nio-9999-exec-2] com.example.acm.controller.userController Line:91  - ----------------uID3311cdbccd23406f89e637ed1ceafcc7
2019-02-03 15:12:18.318 INFO  --- [http-nio-9999-exec-9] com.example.acm.interceptor.AuthInterceptor Line:33  - -------------------------POST
2019-02-03 15:12:29.618 INFO  --- [http-nio-9999-exec-7] com.example.acm.interceptor.AuthInterceptor Line:33  - -------------------------POST
2019-02-03 15:12:29.624 INFO  --- [http-nio-9999-exec-4] com.example.acm.interceptor.AuthInterceptor Line:33  - -------------------------POST
2019-02-03 15:12:29.624 INFO  --- [http-nio-9999-exec-4] com.example.acm.controller.userController Line:91  - ----------------uID3311cdbccd23406f89e637ed1ceafcc7
2019-02-03 15:12:29.761 INFO  --- [http-nio-9999-exec-1] com.example.acm.interceptor.AuthInterceptor Line:33  - -------------------------POST
2019-02-03 15:12:29.761 INFO  --- [http-nio-9999-exec-1] com.example.acm.controller.userController Line:91  - ----------------uIDadd1173a57f14aedaddb38788e1535eb
