2019-02-10 15:20:18.682 ERROR --- [http-nio-9999-exec-6] org.apache.catalina.core.ContainerBase.[Tomcat].[localhost].[/].[dispatcherServlet] Line:182 - Servlet.service() for servlet [dispatcherServlet] in context with path [] threw exception [Request processing failed; nested exception is org.springframework.web.multipart.MultipartException: Failed to parse multipart servlet request; nested exception is java.io.IOException: The temporary upload location [C:\Users\ggg\AppData\Local\Temp\tomcat.9018819847194813307.9999\work\Tomcat\localhost\ROOT] is not valid] with root cause
java.io.IOException: The temporary upload location [C:\Users\ggg\AppData\Local\Temp\tomcat.9018819847194813307.9999\work\Tomcat\localhost\ROOT] is not valid
	at org.apache.catalina.connector.Request.parseParts(Request.java:2859)
	at org.apache.catalina.connector.Request.parseParameters(Request.java:3232)
	at org.apache.catalina.connector.Request.getParameter(Request.java:1137)
	at org.apache.catalina.connector.RequestFacade.getParameter(RequestFacade.java:381)
	at org.springframework.web.filter.HiddenHttpMethodFilter.doFilterInternal(HiddenHttpMethodFilter.java:75)
	at org.springframework.web.filter.OncePerRequestFilter.doFilter(OncePerRequestFilter.java:107)
	at org.apache.catalina.core.ApplicationFilterChain.internalDoFilter(ApplicationFilterChain.java:193)
	at org.apache.catalina.core.ApplicationFilterChain.doFilter(ApplicationFilterChain.java:166)
	at org.springframework.web.filter.CharacterEncodingFilter.doFilterInternal(CharacterEncodingFilter.java:200)
	at org.springframework.web.filter.OncePerRequestFilter.doFilter(OncePerRequestFilter.java:107)
	at org.apache.catalina.core.ApplicationFilterChain.internalDoFilter(ApplicationFilterChain.java:193)
	at org.apache.catalina.core.ApplicationFilterChain.doFilter(ApplicationFilterChain.java:166)
	at org.apache.catalina.core.StandardWrapperValve.invoke(StandardWrapperValve.java:198)
	at org.apache.catalina.core.StandardContextValve.invoke(StandardContextValve.java:96)
	at org.apache.catalina.authenticator.AuthenticatorBase.invoke(AuthenticatorBase.java:496)
	at org.apache.catalina.core.StandardHostValve.invoke(StandardHostValve.java:140)
	at org.apache.catalina.valves.ErrorReportValve.invoke(ErrorReportValve.java:81)
	at org.apache.catalina.core.StandardEngineValve.invoke(StandardEngineValve.java:87)
	at org.apache.catalina.connector.CoyoteAdapter.service(CoyoteAdapter.java:342)
	at org.apache.coyote.http11.Http11Processor.service(Http11Processor.java:803)
	at org.apache.coyote.AbstractProcessorLight.process(AbstractProcessorLight.java:66)
	at org.apache.coyote.AbstractProtocol$ConnectionHandler.process(AbstractProtocol.java:790)
	at org.apache.tomcat.util.net.NioEndpoint$SocketProcessor.doRun(NioEndpoint.java:1468)
	at org.apache.tomcat.util.net.SocketProcessorBase.run(SocketProcessorBase.java:49)
	at java.util.concurrent.ThreadPoolExecutor.runWorker(ThreadPoolExecutor.java:1149)
	at java.util.concurrent.ThreadPoolExecutor$Worker.run(ThreadPoolExecutor.java:624)
	at org.apache.tomcat.util.threads.TaskThread$WrappingRunnable.run(TaskThread.java:61)
	at java.lang.Thread.run(Thread.java:748)
2019-02-10 15:21:03.851 ERROR --- [http-nio-9999-exec-6] com.example.acm.service.deal.Impl.InvitationDealImpl Line:58  - 
### Error updating database.  Cause: java.sql.SQLException: Incorrect string value: '\xF0\x9F\xA4\x90sh...' for column 'invitationBody' at row 1
### The error may involve defaultParameterMap
### The error occurred while setting parameters
### SQL: INSERT INTO invitation     ( invitationId,    invitationTitle,    invitationBody,    createUser,    createDate,    updateUser,    updateDate,    readNum,    agreeNum,    isFirst,    isGreate,    isEffective )    values    ( ?,    ?,    ?,    ?,    ?,    ?,    ?,    ?,    ?,    ?,    ?,    ? )
### Cause: java.sql.SQLException: Incorrect string value: '\xF0\x9F\xA4\x90sh...' for column 'invitationBody' at row 1
; uncategorized SQLException; SQL state [HY000]; error code [1366]; Incorrect string value: '\xF0\x9F\xA4\x90sh...' for column 'invitationBody' at row 1; nested exception is java.sql.SQLException: Incorrect string value: '\xF0\x9F\xA4\x90sh...' for column 'invitationBody' at row 1
