2019-01-19 22:14:28.305 ERROR --- [http-nio-9999-exec-2] com.example.acm.service.deal.Impl.NewsDealImpl Line:53  - nested exception is org.apache.ibatis.binding.BindingException: Parameter 'newsTitle' not found. Available parameters are [map, param1]
2019-01-19 22:15:13.171 ERROR --- [http-nio-9999-exec-2] com.example.acm.service.deal.Impl.NewsDealImpl Line:53  - nested exception is org.apache.ibatis.binding.BindingException: Parameter 'newsTitle' not found. Available parameters are [map, param1]
2019-01-19 22:17:20.500 ERROR --- [http-nio-9999-exec-1] com.example.acm.service.deal.Impl.NewsDealImpl Line:53  - nested exception is org.apache.ibatis.binding.BindingException: Parameter 'newsTitle' not found. Available parameters are [map, param1]
2019-01-19 22:17:53.154 ERROR --- [http-nio-9999-exec-2] com.example.acm.service.deal.Impl.NewsDealImpl Line:53  - Index: 0, Size: 0
2019-01-19 22:20:16.876 ERROR --- [http-nio-9999-exec-2] com.example.acm.service.deal.Impl.NewsDealImpl Line:50  - 添加公告后获取公告失败
2019-01-19 22:20:30.418 ERROR --- [main] org.apache.catalina.core.StandardService Line:182 - Failed to start connector [Connector[HTTP/1.1-9999]]
org.apache.catalina.LifecycleException: Failed to start component [Connector[HTTP/1.1-9999]]
	at org.apache.catalina.util.LifecycleBase.start(LifecycleBase.java:167)
	at org.apache.catalina.core.StandardService.addConnector(StandardService.java:225)
	at org.springframework.boot.web.embedded.tomcat.TomcatWebServer.addPreviouslyRemovedConnectors(TomcatWebServer.java:256)
	at org.springframework.boot.web.embedded.tomcat.TomcatWebServer.start(TomcatWebServer.java:198)
	at org.springframework.boot.web.servlet.context.ServletWebServerApplicationContext.startWebServer(ServletWebServerApplicationContext.java:300)
	at org.springframework.boot.web.servlet.context.ServletWebServerApplicationContext.finishRefresh(ServletWebServerApplicationContext.java:162)
	at org.springframework.context.support.AbstractApplicationContext.refresh(AbstractApplicationContext.java:553)
	at org.springframework.boot.web.servlet.context.ServletWebServerApplicationContext.refresh(ServletWebServerApplicationContext.java:140)
	at org.springframework.boot.SpringApplication.refresh(SpringApplication.java:759)
	at org.springframework.boot.SpringApplication.refreshContext(SpringApplication.java:395)
	at org.springframework.boot.SpringApplication.run(SpringApplication.java:327)
	at org.springframework.boot.SpringApplication.run(SpringApplication.java:1255)
	at org.springframework.boot.SpringApplication.run(SpringApplication.java:1243)
	at com.example.acm.AcmApplication.main(AcmApplication.java:13)
Caused by: org.apache.catalina.LifecycleException: Protocol handler start failed
	at org.apache.catalina.connector.Connector.startInternal(Connector.java:1020)
	at org.apache.catalina.util.LifecycleBase.start(LifecycleBase.java:150)
	... 13 common frames omitted
Caused by: java.net.BindException: Address already in use: bind
	at sun.nio.ch.Net.bind0(Native Method)
	at sun.nio.ch.Net.bind(Net.java:433)
	at sun.nio.ch.Net.bind(Net.java:425)
	at sun.nio.ch.ServerSocketChannelImpl.bind(ServerSocketChannelImpl.java:223)
	at sun.nio.ch.ServerSocketAdaptor.bind(ServerSocketAdaptor.java:74)
	at org.apache.tomcat.util.net.NioEndpoint.bind(NioEndpoint.java:210)
	at org.apache.tomcat.util.net.AbstractEndpoint.start(AbstractEndpoint.java:1150)
	at org.apache.coyote.AbstractProtocol.start(AbstractProtocol.java:591)
	at org.apache.catalina.connector.Connector.startInternal(Connector.java:1018)
	... 14 common frames omitted
2019-01-19 22:20:30.456 ERROR --- [main] org.springframework.boot.diagnostics.LoggingFailureAnalysisReporter Line:42  - 

***************************
APPLICATION FAILED TO START
***************************

Description:

The Tomcat connector configured to listen on port 9999 failed to start. The port may already be in use or the connector may be misconfigured.

Action:

Verify the connector's configuration, identify and stop any process that's listening on port 9999, or configure this application to listen on another port.

2019-01-19 22:21:15.718 ERROR --- [http-nio-9999-exec-2] com.example.acm.service.deal.Impl.NewsDealImpl Line:50  - 添加公告后获取公告失败
2019-01-19 22:24:49.433 ERROR --- [http-nio-9999-exec-1] com.example.acm.service.deal.Impl.NewsDealImpl Line:50  - 添加公告后获取公告失败
2019-01-19 22:27:20.729 ERROR --- [main] org.apache.catalina.core.StandardService Line:182 - Failed to start connector [Connector[HTTP/1.1-9999]]
org.apache.catalina.LifecycleException: Failed to start component [Connector[HTTP/1.1-9999]]
	at org.apache.catalina.util.LifecycleBase.start(LifecycleBase.java:167)
	at org.apache.catalina.core.StandardService.addConnector(StandardService.java:225)
	at org.springframework.boot.web.embedded.tomcat.TomcatWebServer.addPreviouslyRemovedConnectors(TomcatWebServer.java:256)
	at org.springframework.boot.web.embedded.tomcat.TomcatWebServer.start(TomcatWebServer.java:198)
	at org.springframework.boot.web.servlet.context.ServletWebServerApplicationContext.startWebServer(ServletWebServerApplicationContext.java:300)
	at org.springframework.boot.web.servlet.context.ServletWebServerApplicationContext.finishRefresh(ServletWebServerApplicationContext.java:162)
	at org.springframework.context.support.AbstractApplicationContext.refresh(AbstractApplicationContext.java:553)
	at org.springframework.boot.web.servlet.context.ServletWebServerApplicationContext.refresh(ServletWebServerApplicationContext.java:140)
	at org.springframework.boot.SpringApplication.refresh(SpringApplication.java:759)
	at org.springframework.boot.SpringApplication.refreshContext(SpringApplication.java:395)
	at org.springframework.boot.SpringApplication.run(SpringApplication.java:327)
	at org.springframework.boot.SpringApplication.run(SpringApplication.java:1255)
	at org.springframework.boot.SpringApplication.run(SpringApplication.java:1243)
	at com.example.acm.AcmApplication.main(AcmApplication.java:13)
Caused by: org.apache.catalina.LifecycleException: Protocol handler start failed
	at org.apache.catalina.connector.Connector.startInternal(Connector.java:1020)
	at org.apache.catalina.util.LifecycleBase.start(LifecycleBase.java:150)
	... 13 common frames omitted
Caused by: java.net.BindException: Address already in use: bind
	at sun.nio.ch.Net.bind0(Native Method)
	at sun.nio.ch.Net.bind(Net.java:433)
	at sun.nio.ch.Net.bind(Net.java:425)
	at sun.nio.ch.ServerSocketChannelImpl.bind(ServerSocketChannelImpl.java:223)
	at sun.nio.ch.ServerSocketAdaptor.bind(ServerSocketAdaptor.java:74)
	at org.apache.tomcat.util.net.NioEndpoint.bind(NioEndpoint.java:210)
	at org.apache.tomcat.util.net.AbstractEndpoint.start(AbstractEndpoint.java:1150)
	at org.apache.coyote.AbstractProtocol.start(AbstractProtocol.java:591)
	at org.apache.catalina.connector.Connector.startInternal(Connector.java:1018)
	... 14 common frames omitted
2019-01-19 22:27:20.768 ERROR --- [main] org.springframework.boot.diagnostics.LoggingFailureAnalysisReporter Line:42  - 

***************************
APPLICATION FAILED TO START
***************************

Description:

The Tomcat connector configured to listen on port 9999 failed to start. The port may already be in use or the connector may be misconfigured.

Action:

Verify the connector's configuration, identify and stop any process that's listening on port 9999, or configure this application to listen on another port.

2019-01-19 22:27:34.001 ERROR --- [http-nio-9999-exec-2] com.example.acm.service.deal.Impl.NewsDealImpl Line:50  - 添加公告后获取公告失败
2019-01-19 22:30:12.879 ERROR --- [http-nio-9999-exec-2] com.example.acm.service.deal.Impl.AnnounceDealImpl Line:60  - 添加公告后获取公告失败
2019-01-19 22:32:01.964 ERROR --- [http-nio-9999-exec-2] com.example.acm.service.deal.Impl.AnnounceDealImpl Line:67  - 
### Error querying database.  Cause: com.mysql.jdbc.exceptions.jdbc4.MySQLSyntaxErrorException: You have an error in your SQL syntax; check the manual that corresponds to your MySQL server version for the right syntax to use near ')
			
			
				AND a.announceCreateUser=2
			
			
				AND a.isEffective=1' at line 22
### The error may exist in file [D:\ACM\acmBackT\acm\target\classes\mapper\AnnouncementMapper.xml]
### The error may involve defaultParameterMap
### The error occurred while setting parameters
### SQL: SELECT       a.announceId,   a.announceTitle,   a.announceBody,   a.announceCreateUser,   a.announceCreateTime,   a.announceUpdateUser,   a.announceUpdateTime,   a.isEffective,   a.isFirst,   a.isPublic      FROM     announcement a    WHERE  a.announceTitle=?             AND a.announceBody=?             AND a.announceCreateTime= to_date(?,'yyyy-MM-dd hh24:mi:ss'))             AND a.announceCreateUser=?             AND a.isEffective=?
### Cause: com.mysql.jdbc.exceptions.jdbc4.MySQLSyntaxErrorException: You have an error in your SQL syntax; check the manual that corresponds to your MySQL server version for the right syntax to use near ')
			
			
				AND a.announceCreateUser=2
			
			
				AND a.isEffective=1' at line 22
; bad SQL grammar []; nested exception is com.mysql.jdbc.exceptions.jdbc4.MySQLSyntaxErrorException: You have an error in your SQL syntax; check the manual that corresponds to your MySQL server version for the right syntax to use near ')
			
			
				AND a.announceCreateUser=2
			
			
				AND a.isEffective=1' at line 22
2019-01-19 22:32:02.033 ERROR --- [http-nio-9999-exec-2] com.example.acm.controller.AnnouncementCOntroller Line:54  - Transaction rolled back because it has been marked as rollback-only
2019-01-19 22:32:32.369 ERROR --- [http-nio-9999-exec-2] com.example.acm.service.deal.Impl.AnnounceDealImpl Line:67  - 
### Error querying database.  Cause: com.mysql.jdbc.exceptions.jdbc4.MySQLSyntaxErrorException: FUNCTION acm.to_date does not exist
### The error may exist in file [D:\ACM\acmBackT\acm\target\classes\mapper\AnnouncementMapper.xml]
### The error may involve defaultParameterMap
### The error occurred while setting parameters
### SQL: SELECT       a.announceId,   a.announceTitle,   a.announceBody,   a.announceCreateUser,   a.announceCreateTime,   a.announceUpdateUser,   a.announceUpdateTime,   a.isEffective,   a.isFirst,   a.isPublic      FROM     announcement a    WHERE  a.announceTitle=?             AND a.announceBody=?             AND a.announceCreateTime= to_date(?,'yyyy-MM-dd hh24:mi:ss')             AND a.announceCreateUser=?             AND a.isEffective=?
### Cause: com.mysql.jdbc.exceptions.jdbc4.MySQLSyntaxErrorException: FUNCTION acm.to_date does not exist
; bad SQL grammar []; nested exception is com.mysql.jdbc.exceptions.jdbc4.MySQLSyntaxErrorException: FUNCTION acm.to_date does not exist
2019-01-19 22:32:32.401 ERROR --- [http-nio-9999-exec-2] com.example.acm.controller.AnnouncementCOntroller Line:54  - Transaction rolled back because it has been marked as rollback-only
2019-01-19 22:33:18.683 ERROR --- [main] org.apache.catalina.core.StandardService Line:182 - Failed to start connector [Connector[HTTP/1.1-9999]]
org.apache.catalina.LifecycleException: Failed to start component [Connector[HTTP/1.1-9999]]
	at org.apache.catalina.util.LifecycleBase.start(LifecycleBase.java:167)
	at org.apache.catalina.core.StandardService.addConnector(StandardService.java:225)
	at org.springframework.boot.web.embedded.tomcat.TomcatWebServer.addPreviouslyRemovedConnectors(TomcatWebServer.java:256)
	at org.springframework.boot.web.embedded.tomcat.TomcatWebServer.start(TomcatWebServer.java:198)
	at org.springframework.boot.web.servlet.context.ServletWebServerApplicationContext.startWebServer(ServletWebServerApplicationContext.java:300)
	at org.springframework.boot.web.servlet.context.ServletWebServerApplicationContext.finishRefresh(ServletWebServerApplicationContext.java:162)
	at org.springframework.context.support.AbstractApplicationContext.refresh(AbstractApplicationContext.java:553)
	at org.springframework.boot.web.servlet.context.ServletWebServerApplicationContext.refresh(ServletWebServerApplicationContext.java:140)
	at org.springframework.boot.SpringApplication.refresh(SpringApplication.java:759)
	at org.springframework.boot.SpringApplication.refreshContext(SpringApplication.java:395)
	at org.springframework.boot.SpringApplication.run(SpringApplication.java:327)
	at org.springframework.boot.SpringApplication.run(SpringApplication.java:1255)
	at org.springframework.boot.SpringApplication.run(SpringApplication.java:1243)
	at com.example.acm.AcmApplication.main(AcmApplication.java:13)
Caused by: org.apache.catalina.LifecycleException: Protocol handler start failed
	at org.apache.catalina.connector.Connector.startInternal(Connector.java:1020)
	at org.apache.catalina.util.LifecycleBase.start(LifecycleBase.java:150)
	... 13 common frames omitted
Caused by: java.net.BindException: Address already in use: bind
	at sun.nio.ch.Net.bind0(Native Method)
	at sun.nio.ch.Net.bind(Net.java:433)
	at sun.nio.ch.Net.bind(Net.java:425)
	at sun.nio.ch.ServerSocketChannelImpl.bind(ServerSocketChannelImpl.java:223)
	at sun.nio.ch.ServerSocketAdaptor.bind(ServerSocketAdaptor.java:74)
	at org.apache.tomcat.util.net.NioEndpoint.bind(NioEndpoint.java:210)
	at org.apache.tomcat.util.net.AbstractEndpoint.start(AbstractEndpoint.java:1150)
	at org.apache.coyote.AbstractProtocol.start(AbstractProtocol.java:591)
	at org.apache.catalina.connector.Connector.startInternal(Connector.java:1018)
	... 14 common frames omitted
2019-01-19 22:33:18.705 ERROR --- [main] org.springframework.boot.diagnostics.LoggingFailureAnalysisReporter Line:42  - 

***************************
APPLICATION FAILED TO START
***************************

Description:

The Tomcat connector configured to listen on port 9999 failed to start. The port may already be in use or the connector may be misconfigured.

Action:

Verify the connector's configuration, identify and stop any process that's listening on port 9999, or configure this application to listen on another port.

2019-01-19 22:33:38.025 ERROR --- [http-nio-9999-exec-1] com.example.acm.service.deal.Impl.AnnounceDealImpl Line:67  - 
### Error querying database.  Cause: com.mysql.jdbc.exceptions.jdbc4.MySQLSyntaxErrorException: FUNCTION acm.to_date does not exist
### The error may exist in file [D:\ACM\acmBackT\acm\target\classes\mapper\AnnouncementMapper.xml]
### The error may involve defaultParameterMap
### The error occurred while setting parameters
### SQL: SELECT       a.announceId,   a.announceTitle,   a.announceBody,   a.announceCreateUser,   a.announceCreateTime,   a.announceUpdateUser,   a.announceUpdateTime,   a.isEffective,   a.isFirst,   a.isPublic      FROM     announcement a    WHERE  a.announceTitle=?             AND a.announceBody=?             AND  a.announceCreateTime= to_date(?,'yyyy-MM-dd hh24:mi:ss')             AND a.announceCreateUser=?             AND a.isEffective=?
### Cause: com.mysql.jdbc.exceptions.jdbc4.MySQLSyntaxErrorException: FUNCTION acm.to_date does not exist
; bad SQL grammar []; nested exception is com.mysql.jdbc.exceptions.jdbc4.MySQLSyntaxErrorException: FUNCTION acm.to_date does not exist
2019-01-19 22:33:38.052 ERROR --- [http-nio-9999-exec-1] com.example.acm.controller.AnnouncementCOntroller Line:54  - Transaction rolled back because it has been marked as rollback-only
2019-01-19 22:38:03.793 ERROR --- [http-nio-9999-exec-1] com.example.acm.service.deal.Impl.AnnounceDealImpl Line:67  - 
### Error querying database.  Cause: com.mysql.jdbc.exceptions.jdbc4.MySQLSyntaxErrorException: FUNCTION acm.to_date does not exist
### The error may exist in file [D:\ACM\acmBackT\acm\target\classes\mapper\AnnouncementMapper.xml]
### The error may involve defaultParameterMap
### The error occurred while setting parameters
### SQL: SELECT       a.announceId,   a.announceTitle,   a.announceBody,   a.announceCreateUser,   a.announceCreateTime,   a.announceUpdateUser,   a.announceUpdateTime,   a.isEffective,   a.isFirst,   a.isPublic      FROM     announcement a    WHERE  a.announceTitle=?             AND a.announceBody=?             AND  a.announceCreateTime= to_date(?,'yyyy-MM-dd hh24:mi:ss')             AND a.announceCreateUser=?             AND a.isEffective=?
### Cause: com.mysql.jdbc.exceptions.jdbc4.MySQLSyntaxErrorException: FUNCTION acm.to_date does not exist
; bad SQL grammar []; nested exception is com.mysql.jdbc.exceptions.jdbc4.MySQLSyntaxErrorException: FUNCTION acm.to_date does not exist
2019-01-19 22:38:03.821 ERROR --- [http-nio-9999-exec-1] com.example.acm.controller.AnnouncementCOntroller Line:54  - Transaction rolled back because it has been marked as rollback-only
2019-01-19 22:39:19.055 ERROR --- [http-nio-9999-exec-2] com.example.acm.service.deal.Impl.AnnounceDealImpl Line:67  - 
### Error querying database.  Cause: com.mysql.jdbc.exceptions.jdbc4.MySQLSyntaxErrorException: FUNCTION acm.to_date does not exist
### The error may exist in file [D:\ACM\acmBackT\acm\target\classes\mapper\AnnouncementMapper.xml]
### The error may involve defaultParameterMap
### The error occurred while setting parameters
### SQL: SELECT       a.announceId,   a.announceTitle,   a.announceBody,   a.announceCreateUser,   a.announceCreateTime,   a.announceUpdateUser,   a.announceUpdateTime,   a.isEffective,   a.isFirst,   a.isPublic      FROM     announcement a    WHERE  a.announceTitle=?             AND a.announceBody=?             AND  a.announceCreateTime= to_date(?,'YYYY/MM/DD HH24:mi:ss')             AND a.announceCreateUser=?             AND a.isEffective=?
### Cause: com.mysql.jdbc.exceptions.jdbc4.MySQLSyntaxErrorException: FUNCTION acm.to_date does not exist
; bad SQL grammar []; nested exception is com.mysql.jdbc.exceptions.jdbc4.MySQLSyntaxErrorException: FUNCTION acm.to_date does not exist
2019-01-19 22:39:19.087 ERROR --- [http-nio-9999-exec-2] com.example.acm.controller.AnnouncementCOntroller Line:54  - Transaction rolled back because it has been marked as rollback-only
2019-01-19 22:41:03.220 ERROR --- [http-nio-9999-exec-2] com.example.acm.service.deal.Impl.AnnounceDealImpl Line:60  - 添加公告后获取公告失败
2019-01-19 22:44:25.794 ERROR --- [http-nio-9999-exec-2] com.example.acm.service.deal.Impl.AnnounceDealImpl Line:60  - 添加公告后获取公告失败
2019-01-19 22:53:46.630 ERROR --- [http-nio-9999-exec-2] com.example.acm.service.deal.Impl.AnnounceDealImpl Line:61  - For input string: "d37f9ceaf0ba406f"
2019-01-19 23:13:17.323 ERROR --- [main] org.springframework.boot.SpringApplication Line:842 - Application run failed
org.springframework.beans.factory.UnsatisfiedDependencyException: Error creating bean with name 'swaggerConfig': Unsatisfied dependency expressed through method 'setSpringSwaggerConfig' parameter 0; nested exception is org.springframework.beans.factory.UnsatisfiedDependencyException: Error creating bean with name 'com.mangofactory.swagger.configuration.SpringSwaggerConfig': Unsatisfied dependency expressed through field 'handlerMappings'; nested exception is org.springframework.beans.factory.BeanCreationException: Error creating bean with name 'requestMappingHandlerMapping' defined in class path resource [org/springframework/boot/autoconfigure/web/servlet/WebMvcAutoConfiguration$EnableWebMvcConfiguration.class]: Invocation of init method failed; nested exception is java.lang.IllegalStateException: Ambiguous mapping. Cannot map 'newsController' method 
public com.example.acm.common.ResultBean com.example.acm.controller.NewsController.addNews(java.lang.String,java.lang.String,int,javax.servlet.http.HttpServletRequest,javax.servlet.http.HttpServletResponse)
to {[/news/addNews],methods=[POST]}: There is already 'newClassifyController' bean method
public com.example.acm.common.ResultBean com.example.acm.controller.NewClassifyController.addNews(java.lang.String,javax.servlet.http.HttpServletRequest,javax.servlet.http.HttpServletResponse) mapped.
	at org.springframework.beans.factory.annotation.AutowiredAnnotationBeanPostProcessor$AutowiredMethodElement.inject(AutowiredAnnotationBeanPostProcessor.java:667)
	at org.springframework.beans.factory.annotation.InjectionMetadata.inject(InjectionMetadata.java:91)
	at org.springframework.beans.factory.annotation.AutowiredAnnotationBeanPostProcessor.postProcessPropertyValues(AutowiredAnnotationBeanPostProcessor.java:373)
	at org.springframework.beans.factory.support.AbstractAutowireCapableBeanFactory.populateBean(AbstractAutowireCapableBeanFactory.java:1348)
	at org.springframework.beans.factory.support.AbstractAutowireCapableBeanFactory.doCreateBean(AbstractAutowireCapableBeanFactory.java:578)
	at org.springframework.beans.factory.support.AbstractAutowireCapableBeanFactory.createBean(AbstractAutowireCapableBeanFactory.java:501)
	at org.springframework.beans.factory.support.AbstractBeanFactory.lambda$doGetBean$0(AbstractBeanFactory.java:317)
	at org.springframework.beans.factory.support.DefaultSingletonBeanRegistry.getSingleton(DefaultSingletonBeanRegistry.java:228)
	at org.springframework.beans.factory.support.AbstractBeanFactory.doGetBean(AbstractBeanFactory.java:315)
	at org.springframework.beans.factory.support.AbstractBeanFactory.getBean(AbstractBeanFactory.java:199)
	at org.springframework.beans.factory.support.DefaultListableBeanFactory.preInstantiateSingletons(DefaultListableBeanFactory.java:760)
	at org.springframework.context.support.AbstractApplicationContext.finishBeanFactoryInitialization(AbstractApplicationContext.java:869)
	at org.springframework.context.support.AbstractApplicationContext.refresh(AbstractApplicationContext.java:550)
	at org.springframework.boot.web.servlet.context.ServletWebServerApplicationContext.refresh(ServletWebServerApplicationContext.java:140)
	at org.springframework.boot.SpringApplication.refresh(SpringApplication.java:759)
	at org.springframework.boot.SpringApplication.refreshContext(SpringApplication.java:395)
	at org.springframework.boot.SpringApplication.run(SpringApplication.java:327)
	at org.springframework.boot.SpringApplication.run(SpringApplication.java:1255)
	at org.springframework.boot.SpringApplication.run(SpringApplication.java:1243)
	at com.example.acm.AcmApplication.main(AcmApplication.java:13)
Caused by: org.springframework.beans.factory.UnsatisfiedDependencyException: Error creating bean with name 'com.mangofactory.swagger.configuration.SpringSwaggerConfig': Unsatisfied dependency expressed through field 'handlerMappings'; nested exception is org.springframework.beans.factory.BeanCreationException: Error creating bean with name 'requestMappingHandlerMapping' defined in class path resource [org/springframework/boot/autoconfigure/web/servlet/WebMvcAutoConfiguration$EnableWebMvcConfiguration.class]: Invocation of init method failed; nested exception is java.lang.IllegalStateException: Ambiguous mapping. Cannot map 'newsController' method 
public com.example.acm.common.ResultBean com.example.acm.controller.NewsController.addNews(java.lang.String,java.lang.String,int,javax.servlet.http.HttpServletRequest,javax.servlet.http.HttpServletResponse)
to {[/news/addNews],methods=[POST]}: There is already 'newClassifyController' bean method
public com.example.acm.common.ResultBean com.example.acm.controller.NewClassifyController.addNews(java.lang.String,javax.servlet.http.HttpServletRequest,javax.servlet.http.HttpServletResponse) mapped.
	at org.springframework.beans.factory.annotation.AutowiredAnnotationBeanPostProcessor$AutowiredFieldElement.inject(AutowiredAnnotationBeanPostProcessor.java:587)
	at org.springframework.beans.factory.annotation.InjectionMetadata.inject(InjectionMetadata.java:91)
	at org.springframework.beans.factory.annotation.AutowiredAnnotationBeanPostProcessor.postProcessPropertyValues(AutowiredAnnotationBeanPostProcessor.java:373)
	at org.springframework.beans.factory.support.AbstractAutowireCapableBeanFactory.populateBean(AbstractAutowireCapableBeanFactory.java:1348)
	at org.springframework.beans.factory.support.AbstractAutowireCapableBeanFactory.doCreateBean(AbstractAutowireCapableBeanFactory.java:578)
	at org.springframework.beans.factory.support.AbstractAutowireCapableBeanFactory.createBean(AbstractAutowireCapableBeanFactory.java:501)
	at org.springframework.beans.factory.support.AbstractBeanFactory.lambda$doGetBean$0(AbstractBeanFactory.java:317)
	at org.springframework.beans.factory.support.DefaultSingletonBeanRegistry.getSingleton(DefaultSingletonBeanRegistry.java:228)
	at org.springframework.beans.factory.support.AbstractBeanFactory.doGetBean(AbstractBeanFactory.java:315)
	at org.springframework.beans.factory.support.AbstractBeanFactory.getBean(AbstractBeanFactory.java:199)
	at org.springframework.beans.factory.config.DependencyDescriptor.resolveCandidate(DependencyDescriptor.java:251)
	at org.springframework.beans.factory.support.DefaultListableBeanFactory.doResolveDependency(DefaultListableBeanFactory.java:1138)
	at org.springframework.beans.factory.support.DefaultListableBeanFactory.resolveDependency(DefaultListableBeanFactory.java:1065)
	at org.springframework.beans.factory.annotation.AutowiredAnnotationBeanPostProcessor$AutowiredMethodElement.inject(AutowiredAnnotationBeanPostProcessor.java:659)
	... 19 common frames omitted
Caused by: org.springframework.beans.factory.BeanCreationException: Error creating bean with name 'requestMappingHandlerMapping' defined in class path resource [org/springframework/boot/autoconfigure/web/servlet/WebMvcAutoConfiguration$EnableWebMvcConfiguration.class]: Invocation of init method failed; nested exception is java.lang.IllegalStateException: Ambiguous mapping. Cannot map 'newsController' method 
public com.example.acm.common.ResultBean com.example.acm.controller.NewsController.addNews(java.lang.String,java.lang.String,int,javax.servlet.http.HttpServletRequest,javax.servlet.http.HttpServletResponse)
to {[/news/addNews],methods=[POST]}: There is already 'newClassifyController' bean method
public com.example.acm.common.ResultBean com.example.acm.controller.NewClassifyController.addNews(java.lang.String,javax.servlet.http.HttpServletRequest,javax.servlet.http.HttpServletResponse) mapped.
	at org.springframework.beans.factory.support.AbstractAutowireCapableBeanFactory.initializeBean(AbstractAutowireCapableBeanFactory.java:1706)
	at org.springframework.beans.factory.support.AbstractAutowireCapableBeanFactory.doCreateBean(AbstractAutowireCapableBeanFactory.java:579)
	at org.springframework.beans.factory.support.AbstractAutowireCapableBeanFactory.createBean(AbstractAutowireCapableBeanFactory.java:501)
	at org.springframework.beans.factory.support.AbstractBeanFactory.lambda$doGetBean$0(AbstractBeanFactory.java:317)
	at org.springframework.beans.factory.support.DefaultSingletonBeanRegistry.getSingleton(DefaultSingletonBeanRegistry.java:228)
	at org.springframework.beans.factory.support.AbstractBeanFactory.doGetBean(AbstractBeanFactory.java:315)
	at org.springframework.beans.factory.support.AbstractBeanFactory.getBean(AbstractBeanFactory.java:199)
	at org.springframework.beans.factory.config.DependencyDescriptor.resolveCandidate(DependencyDescriptor.java:251)
	at org.springframework.beans.factory.support.DefaultListableBeanFactory.addCandidateEntry(DefaultListableBeanFactory.java:1325)
	at org.springframework.beans.factory.support.DefaultListableBeanFactory.findAutowireCandidates(DefaultListableBeanFactory.java:1291)
	at org.springframework.beans.factory.support.DefaultListableBeanFactory.resolveMultipleBeans(DefaultListableBeanFactory.java:1193)
	at org.springframework.beans.factory.support.DefaultListableBeanFactory.doResolveDependency(DefaultListableBeanFactory.java:1096)
	at org.springframework.beans.factory.support.DefaultListableBeanFactory.resolveDependency(DefaultListableBeanFactory.java:1065)
	at org.springframework.beans.factory.annotation.AutowiredAnnotationBeanPostProcessor$AutowiredFieldElement.inject(AutowiredAnnotationBeanPostProcessor.java:584)
	... 32 common frames omitted
Caused by: java.lang.IllegalStateException: Ambiguous mapping. Cannot map 'newsController' method 
public com.example.acm.common.ResultBean com.example.acm.controller.NewsController.addNews(java.lang.String,java.lang.String,int,javax.servlet.http.HttpServletRequest,javax.servlet.http.HttpServletResponse)
to {[/news/addNews],methods=[POST]}: There is already 'newClassifyController' bean method
public com.example.acm.common.ResultBean com.example.acm.controller.NewClassifyController.addNews(java.lang.String,javax.servlet.http.HttpServletRequest,javax.servlet.http.HttpServletResponse) mapped.
	at org.springframework.web.servlet.handler.AbstractHandlerMethodMapping$MappingRegistry.assertUniqueMethodMapping(AbstractHandlerMethodMapping.java:580)
	at org.springframework.web.servlet.handler.AbstractHandlerMethodMapping$MappingRegistry.register(AbstractHandlerMethodMapping.java:544)
	at org.springframework.web.servlet.handler.AbstractHandlerMethodMapping.registerHandlerMethod(AbstractHandlerMethodMapping.java:265)
	at org.springframework.web.servlet.handler.AbstractHandlerMethodMapping.lambda$detectHandlerMethods$1(AbstractHandlerMethodMapping.java:250)
	at java.util.LinkedHashMap.forEach(LinkedHashMap.java:684)
	at org.springframework.web.servlet.handler.AbstractHandlerMethodMapping.detectHandlerMethods(AbstractHandlerMethodMapping.java:248)
	at org.springframework.web.servlet.handler.AbstractHandlerMethodMapping.initHandlerMethods(AbstractHandlerMethodMapping.java:218)
	at org.springframework.web.servlet.handler.AbstractHandlerMethodMapping.afterPropertiesSet(AbstractHandlerMethodMapping.java:188)
	at org.springframework.web.servlet.mvc.method.annotation.RequestMappingHandlerMapping.afterPropertiesSet(RequestMappingHandlerMapping.java:129)
	at org.springframework.beans.factory.support.AbstractAutowireCapableBeanFactory.invokeInitMethods(AbstractAutowireCapableBeanFactory.java:1765)
	at org.springframework.beans.factory.support.AbstractAutowireCapableBeanFactory.initializeBean(AbstractAutowireCapableBeanFactory.java:1702)
	... 45 common frames omitted
2019-01-19 23:13:36.748 ERROR --- [main] org.springframework.boot.SpringApplication Line:842 - Application run failed
org.springframework.beans.factory.UnsatisfiedDependencyException: Error creating bean with name 'swaggerConfig': Unsatisfied dependency expressed through method 'setSpringSwaggerConfig' parameter 0; nested exception is org.springframework.beans.factory.UnsatisfiedDependencyException: Error creating bean with name 'com.mangofactory.swagger.configuration.SpringSwaggerConfig': Unsatisfied dependency expressed through field 'handlerMappings'; nested exception is org.springframework.beans.factory.BeanCreationException: Error creating bean with name 'requestMappingHandlerMapping' defined in class path resource [org/springframework/boot/autoconfigure/web/servlet/WebMvcAutoConfiguration$EnableWebMvcConfiguration.class]: Invocation of init method failed; nested exception is java.lang.IllegalStateException: Ambiguous mapping. Cannot map 'newsController' method 
public com.example.acm.common.ResultBean com.example.acm.controller.NewsController.addNews(java.lang.String,java.lang.String,int,javax.servlet.http.HttpServletRequest,javax.servlet.http.HttpServletResponse)
to {[/news/addNews],methods=[POST]}: There is already 'newClassifyController' bean method
public com.example.acm.common.ResultBean com.example.acm.controller.NewClassifyController.addNews(java.lang.String,javax.servlet.http.HttpServletRequest,javax.servlet.http.HttpServletResponse) mapped.
	at org.springframework.beans.factory.annotation.AutowiredAnnotationBeanPostProcessor$AutowiredMethodElement.inject(AutowiredAnnotationBeanPostProcessor.java:667)
	at org.springframework.beans.factory.annotation.InjectionMetadata.inject(InjectionMetadata.java:91)
	at org.springframework.beans.factory.annotation.AutowiredAnnotationBeanPostProcessor.postProcessPropertyValues(AutowiredAnnotationBeanPostProcessor.java:373)
	at org.springframework.beans.factory.support.AbstractAutowireCapableBeanFactory.populateBean(AbstractAutowireCapableBeanFactory.java:1348)
	at org.springframework.beans.factory.support.AbstractAutowireCapableBeanFactory.doCreateBean(AbstractAutowireCapableBeanFactory.java:578)
	at org.springframework.beans.factory.support.AbstractAutowireCapableBeanFactory.createBean(AbstractAutowireCapableBeanFactory.java:501)
	at org.springframework.beans.factory.support.AbstractBeanFactory.lambda$doGetBean$0(AbstractBeanFactory.java:317)
	at org.springframework.beans.factory.support.DefaultSingletonBeanRegistry.getSingleton(DefaultSingletonBeanRegistry.java:228)
	at org.springframework.beans.factory.support.AbstractBeanFactory.doGetBean(AbstractBeanFactory.java:315)
	at org.springframework.beans.factory.support.AbstractBeanFactory.getBean(AbstractBeanFactory.java:199)
	at org.springframework.beans.factory.support.DefaultListableBeanFactory.preInstantiateSingletons(DefaultListableBeanFactory.java:760)
	at org.springframework.context.support.AbstractApplicationContext.finishBeanFactoryInitialization(AbstractApplicationContext.java:869)
	at org.springframework.context.support.AbstractApplicationContext.refresh(AbstractApplicationContext.java:550)
	at org.springframework.boot.web.servlet.context.ServletWebServerApplicationContext.refresh(ServletWebServerApplicationContext.java:140)
	at org.springframework.boot.SpringApplication.refresh(SpringApplication.java:759)
	at org.springframework.boot.SpringApplication.refreshContext(SpringApplication.java:395)
	at org.springframework.boot.SpringApplication.run(SpringApplication.java:327)
	at org.springframework.boot.SpringApplication.run(SpringApplication.java:1255)
	at org.springframework.boot.SpringApplication.run(SpringApplication.java:1243)
	at com.example.acm.AcmApplication.main(AcmApplication.java:13)
Caused by: org.springframework.beans.factory.UnsatisfiedDependencyException: Error creating bean with name 'com.mangofactory.swagger.configuration.SpringSwaggerConfig': Unsatisfied dependency expressed through field 'handlerMappings'; nested exception is org.springframework.beans.factory.BeanCreationException: Error creating bean with name 'requestMappingHandlerMapping' defined in class path resource [org/springframework/boot/autoconfigure/web/servlet/WebMvcAutoConfiguration$EnableWebMvcConfiguration.class]: Invocation of init method failed; nested exception is java.lang.IllegalStateException: Ambiguous mapping. Cannot map 'newsController' method 
public com.example.acm.common.ResultBean com.example.acm.controller.NewsController.addNews(java.lang.String,java.lang.String,int,javax.servlet.http.HttpServletRequest,javax.servlet.http.HttpServletResponse)
to {[/news/addNews],methods=[POST]}: There is already 'newClassifyController' bean method
public com.example.acm.common.ResultBean com.example.acm.controller.NewClassifyController.addNews(java.lang.String,javax.servlet.http.HttpServletRequest,javax.servlet.http.HttpServletResponse) mapped.
	at org.springframework.beans.factory.annotation.AutowiredAnnotationBeanPostProcessor$AutowiredFieldElement.inject(AutowiredAnnotationBeanPostProcessor.java:587)
	at org.springframework.beans.factory.annotation.InjectionMetadata.inject(InjectionMetadata.java:91)
	at org.springframework.beans.factory.annotation.AutowiredAnnotationBeanPostProcessor.postProcessPropertyValues(AutowiredAnnotationBeanPostProcessor.java:373)
	at org.springframework.beans.factory.support.AbstractAutowireCapableBeanFactory.populateBean(AbstractAutowireCapableBeanFactory.java:1348)
	at org.springframework.beans.factory.support.AbstractAutowireCapableBeanFactory.doCreateBean(AbstractAutowireCapableBeanFactory.java:578)
	at org.springframework.beans.factory.support.AbstractAutowireCapableBeanFactory.createBean(AbstractAutowireCapableBeanFactory.java:501)
	at org.springframework.beans.factory.support.AbstractBeanFactory.lambda$doGetBean$0(AbstractBeanFactory.java:317)
	at org.springframework.beans.factory.support.DefaultSingletonBeanRegistry.getSingleton(DefaultSingletonBeanRegistry.java:228)
	at org.springframework.beans.factory.support.AbstractBeanFactory.doGetBean(AbstractBeanFactory.java:315)
	at org.springframework.beans.factory.support.AbstractBeanFactory.getBean(AbstractBeanFactory.java:199)
	at org.springframework.beans.factory.config.DependencyDescriptor.resolveCandidate(DependencyDescriptor.java:251)
	at org.springframework.beans.factory.support.DefaultListableBeanFactory.doResolveDependency(DefaultListableBeanFactory.java:1138)
	at org.springframework.beans.factory.support.DefaultListableBeanFactory.resolveDependency(DefaultListableBeanFactory.java:1065)
	at org.springframework.beans.factory.annotation.AutowiredAnnotationBeanPostProcessor$AutowiredMethodElement.inject(AutowiredAnnotationBeanPostProcessor.java:659)
	... 19 common frames omitted
Caused by: org.springframework.beans.factory.BeanCreationException: Error creating bean with name 'requestMappingHandlerMapping' defined in class path resource [org/springframework/boot/autoconfigure/web/servlet/WebMvcAutoConfiguration$EnableWebMvcConfiguration.class]: Invocation of init method failed; nested exception is java.lang.IllegalStateException: Ambiguous mapping. Cannot map 'newsController' method 
public com.example.acm.common.ResultBean com.example.acm.controller.NewsController.addNews(java.lang.String,java.lang.String,int,javax.servlet.http.HttpServletRequest,javax.servlet.http.HttpServletResponse)
to {[/news/addNews],methods=[POST]}: There is already 'newClassifyController' bean method
public com.example.acm.common.ResultBean com.example.acm.controller.NewClassifyController.addNews(java.lang.String,javax.servlet.http.HttpServletRequest,javax.servlet.http.HttpServletResponse) mapped.
	at org.springframework.beans.factory.support.AbstractAutowireCapableBeanFactory.initializeBean(AbstractAutowireCapableBeanFactory.java:1706)
	at org.springframework.beans.factory.support.AbstractAutowireCapableBeanFactory.doCreateBean(AbstractAutowireCapableBeanFactory.java:579)
	at org.springframework.beans.factory.support.AbstractAutowireCapableBeanFactory.createBean(AbstractAutowireCapableBeanFactory.java:501)
	at org.springframework.beans.factory.support.AbstractBeanFactory.lambda$doGetBean$0(AbstractBeanFactory.java:317)
	at org.springframework.beans.factory.support.DefaultSingletonBeanRegistry.getSingleton(DefaultSingletonBeanRegistry.java:228)
	at org.springframework.beans.factory.support.AbstractBeanFactory.doGetBean(AbstractBeanFactory.java:315)
	at org.springframework.beans.factory.support.AbstractBeanFactory.getBean(AbstractBeanFactory.java:199)
	at org.springframework.beans.factory.config.DependencyDescriptor.resolveCandidate(DependencyDescriptor.java:251)
	at org.springframework.beans.factory.support.DefaultListableBeanFactory.addCandidateEntry(DefaultListableBeanFactory.java:1325)
	at org.springframework.beans.factory.support.DefaultListableBeanFactory.findAutowireCandidates(DefaultListableBeanFactory.java:1291)
	at org.springframework.beans.factory.support.DefaultListableBeanFactory.resolveMultipleBeans(DefaultListableBeanFactory.java:1193)
	at org.springframework.beans.factory.support.DefaultListableBeanFactory.doResolveDependency(DefaultListableBeanFactory.java:1096)
	at org.springframework.beans.factory.support.DefaultListableBeanFactory.resolveDependency(DefaultListableBeanFactory.java:1065)
	at org.springframework.beans.factory.annotation.AutowiredAnnotationBeanPostProcessor$AutowiredFieldElement.inject(AutowiredAnnotationBeanPostProcessor.java:584)
	... 32 common frames omitted
Caused by: java.lang.IllegalStateException: Ambiguous mapping. Cannot map 'newsController' method 
public com.example.acm.common.ResultBean com.example.acm.controller.NewsController.addNews(java.lang.String,java.lang.String,int,javax.servlet.http.HttpServletRequest,javax.servlet.http.HttpServletResponse)
to {[/news/addNews],methods=[POST]}: There is already 'newClassifyController' bean method
public com.example.acm.common.ResultBean com.example.acm.controller.NewClassifyController.addNews(java.lang.String,javax.servlet.http.HttpServletRequest,javax.servlet.http.HttpServletResponse) mapped.
	at org.springframework.web.servlet.handler.AbstractHandlerMethodMapping$MappingRegistry.assertUniqueMethodMapping(AbstractHandlerMethodMapping.java:580)
	at org.springframework.web.servlet.handler.AbstractHandlerMethodMapping$MappingRegistry.register(AbstractHandlerMethodMapping.java:544)
	at org.springframework.web.servlet.handler.AbstractHandlerMethodMapping.registerHandlerMethod(AbstractHandlerMethodMapping.java:265)
	at org.springframework.web.servlet.handler.AbstractHandlerMethodMapping.lambda$detectHandlerMethods$1(AbstractHandlerMethodMapping.java:250)
	at java.util.LinkedHashMap.forEach(LinkedHashMap.java:684)
	at org.springframework.web.servlet.handler.AbstractHandlerMethodMapping.detectHandlerMethods(AbstractHandlerMethodMapping.java:248)
	at org.springframework.web.servlet.handler.AbstractHandlerMethodMapping.initHandlerMethods(AbstractHandlerMethodMapping.java:218)
	at org.springframework.web.servlet.handler.AbstractHandlerMethodMapping.afterPropertiesSet(AbstractHandlerMethodMapping.java:188)
	at org.springframework.web.servlet.mvc.method.annotation.RequestMappingHandlerMapping.afterPropertiesSet(RequestMappingHandlerMapping.java:129)
	at org.springframework.beans.factory.support.AbstractAutowireCapableBeanFactory.invokeInitMethods(AbstractAutowireCapableBeanFactory.java:1765)
	at org.springframework.beans.factory.support.AbstractAutowireCapableBeanFactory.initializeBean(AbstractAutowireCapableBeanFactory.java:1702)
	... 45 common frames omitted
2019-01-19 23:17:17.822 ERROR --- [main] org.springframework.boot.SpringApplication Line:842 - Application run failed
org.springframework.beans.factory.UnsatisfiedDependencyException: Error creating bean with name 'swaggerConfig': Unsatisfied dependency expressed through method 'setSpringSwaggerConfig' parameter 0; nested exception is org.springframework.beans.factory.UnsatisfiedDependencyException: Error creating bean with name 'com.mangofactory.swagger.configuration.SpringSwaggerConfig': Unsatisfied dependency expressed through field 'handlerMappings'; nested exception is org.springframework.beans.factory.BeanCreationException: Error creating bean with name 'requestMappingHandlerMapping' defined in class path resource [org/springframework/boot/autoconfigure/web/servlet/WebMvcAutoConfiguration$EnableWebMvcConfiguration.class]: Invocation of init method failed; nested exception is java.lang.IllegalStateException: Ambiguous mapping. Cannot map 'newsController' method 
public com.example.acm.common.ResultBean com.example.acm.controller.NewsController.addNews(java.lang.String,java.lang.String,int,javax.servlet.http.HttpServletRequest,javax.servlet.http.HttpServletResponse)
to {[/news/addNews],methods=[POST]}: There is already 'newClassifyController' bean method
public com.example.acm.common.ResultBean com.example.acm.controller.NewClassifyController.addNews(java.lang.String,javax.servlet.http.HttpServletRequest,javax.servlet.http.HttpServletResponse) mapped.
	at org.springframework.beans.factory.annotation.AutowiredAnnotationBeanPostProcessor$AutowiredMethodElement.inject(AutowiredAnnotationBeanPostProcessor.java:667)
	at org.springframework.beans.factory.annotation.InjectionMetadata.inject(InjectionMetadata.java:91)
	at org.springframework.beans.factory.annotation.AutowiredAnnotationBeanPostProcessor.postProcessPropertyValues(AutowiredAnnotationBeanPostProcessor.java:373)
	at org.springframework.beans.factory.support.AbstractAutowireCapableBeanFactory.populateBean(AbstractAutowireCapableBeanFactory.java:1348)
	at org.springframework.beans.factory.support.AbstractAutowireCapableBeanFactory.doCreateBean(AbstractAutowireCapableBeanFactory.java:578)
	at org.springframework.beans.factory.support.AbstractAutowireCapableBeanFactory.createBean(AbstractAutowireCapableBeanFactory.java:501)
	at org.springframework.beans.factory.support.AbstractBeanFactory.lambda$doGetBean$0(AbstractBeanFactory.java:317)
	at org.springframework.beans.factory.support.DefaultSingletonBeanRegistry.getSingleton(DefaultSingletonBeanRegistry.java:228)
	at org.springframework.beans.factory.support.AbstractBeanFactory.doGetBean(AbstractBeanFactory.java:315)
	at org.springframework.beans.factory.support.AbstractBeanFactory.getBean(AbstractBeanFactory.java:199)
	at org.springframework.beans.factory.support.DefaultListableBeanFactory.preInstantiateSingletons(DefaultListableBeanFactory.java:760)
	at org.springframework.context.support.AbstractApplicationContext.finishBeanFactoryInitialization(AbstractApplicationContext.java:869)
	at org.springframework.context.support.AbstractApplicationContext.refresh(AbstractApplicationContext.java:550)
	at org.springframework.boot.web.servlet.context.ServletWebServerApplicationContext.refresh(ServletWebServerApplicationContext.java:140)
	at org.springframework.boot.SpringApplication.refresh(SpringApplication.java:759)
	at org.springframework.boot.SpringApplication.refreshContext(SpringApplication.java:395)
	at org.springframework.boot.SpringApplication.run(SpringApplication.java:327)
	at org.springframework.boot.SpringApplication.run(SpringApplication.java:1255)
	at org.springframework.boot.SpringApplication.run(SpringApplication.java:1243)
	at com.example.acm.AcmApplication.main(AcmApplication.java:13)
Caused by: org.springframework.beans.factory.UnsatisfiedDependencyException: Error creating bean with name 'com.mangofactory.swagger.configuration.SpringSwaggerConfig': Unsatisfied dependency expressed through field 'handlerMappings'; nested exception is org.springframework.beans.factory.BeanCreationException: Error creating bean with name 'requestMappingHandlerMapping' defined in class path resource [org/springframework/boot/autoconfigure/web/servlet/WebMvcAutoConfiguration$EnableWebMvcConfiguration.class]: Invocation of init method failed; nested exception is java.lang.IllegalStateException: Ambiguous mapping. Cannot map 'newsController' method 
public com.example.acm.common.ResultBean com.example.acm.controller.NewsController.addNews(java.lang.String,java.lang.String,int,javax.servlet.http.HttpServletRequest,javax.servlet.http.HttpServletResponse)
to {[/news/addNews],methods=[POST]}: There is already 'newClassifyController' bean method
public com.example.acm.common.ResultBean com.example.acm.controller.NewClassifyController.addNews(java.lang.String,javax.servlet.http.HttpServletRequest,javax.servlet.http.HttpServletResponse) mapped.
	at org.springframework.beans.factory.annotation.AutowiredAnnotationBeanPostProcessor$AutowiredFieldElement.inject(AutowiredAnnotationBeanPostProcessor.java:587)
	at org.springframework.beans.factory.annotation.InjectionMetadata.inject(InjectionMetadata.java:91)
	at org.springframework.beans.factory.annotation.AutowiredAnnotationBeanPostProcessor.postProcessPropertyValues(AutowiredAnnotationBeanPostProcessor.java:373)
	at org.springframework.beans.factory.support.AbstractAutowireCapableBeanFactory.populateBean(AbstractAutowireCapableBeanFactory.java:1348)
	at org.springframework.beans.factory.support.AbstractAutowireCapableBeanFactory.doCreateBean(AbstractAutowireCapableBeanFactory.java:578)
	at org.springframework.beans.factory.support.AbstractAutowireCapableBeanFactory.createBean(AbstractAutowireCapableBeanFactory.java:501)
	at org.springframework.beans.factory.support.AbstractBeanFactory.lambda$doGetBean$0(AbstractBeanFactory.java:317)
	at org.springframework.beans.factory.support.DefaultSingletonBeanRegistry.getSingleton(DefaultSingletonBeanRegistry.java:228)
	at org.springframework.beans.factory.support.AbstractBeanFactory.doGetBean(AbstractBeanFactory.java:315)
	at org.springframework.beans.factory.support.AbstractBeanFactory.getBean(AbstractBeanFactory.java:199)
	at org.springframework.beans.factory.config.DependencyDescriptor.resolveCandidate(DependencyDescriptor.java:251)
	at org.springframework.beans.factory.support.DefaultListableBeanFactory.doResolveDependency(DefaultListableBeanFactory.java:1138)
	at org.springframework.beans.factory.support.DefaultListableBeanFactory.resolveDependency(DefaultListableBeanFactory.java:1065)
	at org.springframework.beans.factory.annotation.AutowiredAnnotationBeanPostProcessor$AutowiredMethodElement.inject(AutowiredAnnotationBeanPostProcessor.java:659)
	... 19 common frames omitted
Caused by: org.springframework.beans.factory.BeanCreationException: Error creating bean with name 'requestMappingHandlerMapping' defined in class path resource [org/springframework/boot/autoconfigure/web/servlet/WebMvcAutoConfiguration$EnableWebMvcConfiguration.class]: Invocation of init method failed; nested exception is java.lang.IllegalStateException: Ambiguous mapping. Cannot map 'newsController' method 
public com.example.acm.common.ResultBean com.example.acm.controller.NewsController.addNews(java.lang.String,java.lang.String,int,javax.servlet.http.HttpServletRequest,javax.servlet.http.HttpServletResponse)
to {[/news/addNews],methods=[POST]}: There is already 'newClassifyController' bean method
public com.example.acm.common.ResultBean com.example.acm.controller.NewClassifyController.addNews(java.lang.String,javax.servlet.http.HttpServletRequest,javax.servlet.http.HttpServletResponse) mapped.
	at org.springframework.beans.factory.support.AbstractAutowireCapableBeanFactory.initializeBean(AbstractAutowireCapableBeanFactory.java:1706)
	at org.springframework.beans.factory.support.AbstractAutowireCapableBeanFactory.doCreateBean(AbstractAutowireCapableBeanFactory.java:579)
	at org.springframework.beans.factory.support.AbstractAutowireCapableBeanFactory.createBean(AbstractAutowireCapableBeanFactory.java:501)
	at org.springframework.beans.factory.support.AbstractBeanFactory.lambda$doGetBean$0(AbstractBeanFactory.java:317)
	at org.springframework.beans.factory.support.DefaultSingletonBeanRegistry.getSingleton(DefaultSingletonBeanRegistry.java:228)
	at org.springframework.beans.factory.support.AbstractBeanFactory.doGetBean(AbstractBeanFactory.java:315)
	at org.springframework.beans.factory.support.AbstractBeanFactory.getBean(AbstractBeanFactory.java:199)
	at org.springframework.beans.factory.config.DependencyDescriptor.resolveCandidate(DependencyDescriptor.java:251)
	at org.springframework.beans.factory.support.DefaultListableBeanFactory.addCandidateEntry(DefaultListableBeanFactory.java:1325)
	at org.springframework.beans.factory.support.DefaultListableBeanFactory.findAutowireCandidates(DefaultListableBeanFactory.java:1291)
	at org.springframework.beans.factory.support.DefaultListableBeanFactory.resolveMultipleBeans(DefaultListableBeanFactory.java:1193)
	at org.springframework.beans.factory.support.DefaultListableBeanFactory.doResolveDependency(DefaultListableBeanFactory.java:1096)
	at org.springframework.beans.factory.support.DefaultListableBeanFactory.resolveDependency(DefaultListableBeanFactory.java:1065)
	at org.springframework.beans.factory.annotation.AutowiredAnnotationBeanPostProcessor$AutowiredFieldElement.inject(AutowiredAnnotationBeanPostProcessor.java:584)
	... 32 common frames omitted
Caused by: java.lang.IllegalStateException: Ambiguous mapping. Cannot map 'newsController' method 
public com.example.acm.common.ResultBean com.example.acm.controller.NewsController.addNews(java.lang.String,java.lang.String,int,javax.servlet.http.HttpServletRequest,javax.servlet.http.HttpServletResponse)
to {[/news/addNews],methods=[POST]}: There is already 'newClassifyController' bean method
public com.example.acm.common.ResultBean com.example.acm.controller.NewClassifyController.addNews(java.lang.String,javax.servlet.http.HttpServletRequest,javax.servlet.http.HttpServletResponse) mapped.
	at org.springframework.web.servlet.handler.AbstractHandlerMethodMapping$MappingRegistry.assertUniqueMethodMapping(AbstractHandlerMethodMapping.java:580)
	at org.springframework.web.servlet.handler.AbstractHandlerMethodMapping$MappingRegistry.register(AbstractHandlerMethodMapping.java:544)
	at org.springframework.web.servlet.handler.AbstractHandlerMethodMapping.registerHandlerMethod(AbstractHandlerMethodMapping.java:265)
	at org.springframework.web.servlet.handler.AbstractHandlerMethodMapping.lambda$detectHandlerMethods$1(AbstractHandlerMethodMapping.java:250)
	at java.util.LinkedHashMap.forEach(LinkedHashMap.java:684)
	at org.springframework.web.servlet.handler.AbstractHandlerMethodMapping.detectHandlerMethods(AbstractHandlerMethodMapping.java:248)
	at org.springframework.web.servlet.handler.AbstractHandlerMethodMapping.initHandlerMethods(AbstractHandlerMethodMapping.java:218)
	at org.springframework.web.servlet.handler.AbstractHandlerMethodMapping.afterPropertiesSet(AbstractHandlerMethodMapping.java:188)
	at org.springframework.web.servlet.mvc.method.annotation.RequestMappingHandlerMapping.afterPropertiesSet(RequestMappingHandlerMapping.java:129)
	at org.springframework.beans.factory.support.AbstractAutowireCapableBeanFactory.invokeInitMethods(AbstractAutowireCapableBeanFactory.java:1765)
	at org.springframework.beans.factory.support.AbstractAutowireCapableBeanFactory.initializeBean(AbstractAutowireCapableBeanFactory.java:1702)
	... 45 common frames omitted
