2019-01-14 21:11:10.124 ERROR --- [http-nio-9999-exec-1] com.example.acm.service.deal.Impl.AnnounceDealImpl Line:125 - 
### Error querying database.  Cause: com.mysql.jdbc.exceptions.jdbc4.MySQLSyntaxErrorException: Unknown column 'a.createTime' in 'order clause'
### The error may exist in file [D:\ACM\acmBackT\acm\target\classes\mapper\AnnouncementMapper.xml]
### The error may involve defaultParameterMap
### The error occurred while setting parameters
### SQL: SELECT       a.announceId,   a.announceTitle,   a.announceBody,   a.announceCreateUser,   a.announceCreateTime,   a.announceUpdateUser,   a.announceUpdateTime,   a.isEffective,   a.isFirst,   a.isPublic      FROM     announcement a    WHERE  a.announceTitle=?                 AND a.isEffective=?        ORDER BY     a.createTime             limit ?,?
### Cause: com.mysql.jdbc.exceptions.jdbc4.MySQLSyntaxErrorException: Unknown column 'a.createTime' in 'order clause'
; bad SQL grammar []; nested exception is com.mysql.jdbc.exceptions.jdbc4.MySQLSyntaxErrorException: Unknown column 'a.createTime' in 'order clause'
2019-01-14 21:14:44.965 ERROR --- [http-nio-9999-exec-1] com.example.acm.service.deal.Impl.AnnounceDealImpl Line:125 - 
### Error querying database.  Cause: com.mysql.jdbc.exceptions.jdbc4.MySQLSyntaxErrorException: You have an error in your SQL syntax; check the manual that corresponds to your MySQL server version for the right syntax to use near '='', '%')
			
			
			
				AND a.isEffective=1 
		 
		ORDER BY 
			a.announceCrea' at line 16
### The error may exist in file [D:\ACM\acmBackT\acm\target\classes\mapper\AnnouncementMapper.xml]
### The error may involve defaultParameterMap
### The error occurred while setting parameters
### SQL: SELECT       a.announceId,   a.announceTitle,   a.announceBody,   a.announceCreateUser,   a.announceCreateTime,   a.announceUpdateUser,   a.announceUpdateTime,   a.isEffective,   a.isFirst,   a.isPublic      FROM     announcement a    WHERE  a.announceTitle like CONCONCAT ('%', =?, '%')                 AND a.isEffective=?        ORDER BY     a.announceCreateTime             limit ?,?
### Cause: com.mysql.jdbc.exceptions.jdbc4.MySQLSyntaxErrorException: You have an error in your SQL syntax; check the manual that corresponds to your MySQL server version for the right syntax to use near '='', '%')
			
			
			
				AND a.isEffective=1 
		 
		ORDER BY 
			a.announceCrea' at line 16
; bad SQL grammar []; nested exception is com.mysql.jdbc.exceptions.jdbc4.MySQLSyntaxErrorException: You have an error in your SQL syntax; check the manual that corresponds to your MySQL server version for the right syntax to use near '='', '%')
			
			
			
				AND a.isEffective=1 
		 
		ORDER BY 
			a.announceCrea' at line 16
2019-01-14 21:15:23.470 ERROR --- [http-nio-9999-exec-2] com.example.acm.service.deal.Impl.AnnounceDealImpl Line:125 - 
### Error querying database.  Cause: com.mysql.jdbc.exceptions.jdbc4.MySQLSyntaxErrorException: You have an error in your SQL syntax; check the manual that corresponds to your MySQL server version for the right syntax to use near '='', '%')
			
			
			
				AND a.isEffective=1 
		 
		ORDER BY 
			a.announceCrea' at line 16
### The error may exist in file [D:\ACM\acmBackT\acm\target\classes\mapper\AnnouncementMapper.xml]
### The error may involve defaultParameterMap
### The error occurred while setting parameters
### SQL: SELECT       a.announceId,   a.announceTitle,   a.announceBody,   a.announceCreateUser,   a.announceCreateTime,   a.announceUpdateUser,   a.announceUpdateTime,   a.isEffective,   a.isFirst,   a.isPublic      FROM     announcement a    WHERE  a.announceTitle like CONCAT ('%', =?, '%')                 AND a.isEffective=?        ORDER BY     a.announceCreateTime             limit ?,?
### Cause: com.mysql.jdbc.exceptions.jdbc4.MySQLSyntaxErrorException: You have an error in your SQL syntax; check the manual that corresponds to your MySQL server version for the right syntax to use near '='', '%')
			
			
			
				AND a.isEffective=1 
		 
		ORDER BY 
			a.announceCrea' at line 16
; bad SQL grammar []; nested exception is com.mysql.jdbc.exceptions.jdbc4.MySQLSyntaxErrorException: You have an error in your SQL syntax; check the manual that corresponds to your MySQL server version for the right syntax to use near '='', '%')
			
			
			
				AND a.isEffective=1 
		 
		ORDER BY 
			a.announceCrea' at line 16
2019-01-14 21:16:40.790 ERROR --- [http-nio-9999-exec-1] com.example.acm.service.deal.Impl.AnnounceDealImpl Line:125 - 
### Error querying database.  Cause: com.mysql.jdbc.exceptions.jdbc4.MySQLSyntaxErrorException: You have an error in your SQL syntax; check the manual that corresponds to your MySQL server version for the right syntax to use near 'ike CONCAT('%', '', '%')
			
			
			
				AND a.isEffective=1' at line 5
### The error may exist in file [D:\ACM\acmBackT\acm\target\classes\mapper\AnnouncementMapper.xml]
### The error may involve defaultParameterMap
### The error occurred while setting parameters
### SQL: SELECT    count(*)   FROM     announcement a    WHERE  a.announceTitle ike CONCAT('%', ?, '%')                 AND a.isEffective=?
### Cause: com.mysql.jdbc.exceptions.jdbc4.MySQLSyntaxErrorException: You have an error in your SQL syntax; check the manual that corresponds to your MySQL server version for the right syntax to use near 'ike CONCAT('%', '', '%')
			
			
			
				AND a.isEffective=1' at line 5
; bad SQL grammar []; nested exception is com.mysql.jdbc.exceptions.jdbc4.MySQLSyntaxErrorException: You have an error in your SQL syntax; check the manual that corresponds to your MySQL server version for the right syntax to use near 'ike CONCAT('%', '', '%')
			
			
			
				AND a.isEffective=1' at line 5
